<!DOCTYPE html PUBLIC "-//W3C//DTD XHTML 1.1//EN" "http://www.w3.org/TR/xhtml11/DTD/xhtml11.dtd">
<html xmlns="http://www.w3.org/1999/xhtml"><head><title>TestNG Report</title><style type="text/css">table {margin-bottom:10px;border-collapse:collapse;empty-cells:show}th,td {border:1px solid #009;padding:.25em .5em}th {vertical-align:bottom}td {vertical-align:top}table a {font-weight:bold}.stripe td {background-color: #E6EBF9}.num {text-align:right}.passedodd td {background-color: #3F3}.passedeven td {background-color: #0A0}.skippedodd td {background-color: #DDD}.skippedeven td {background-color: #CCC}.failedodd td,.attn {background-color: #F33}.failedeven td,.stripe .attn {background-color: #D00}.stacktrace {white-space:pre;font-family:monospace}.totop {font-size:85%;text-align:center;border-bottom:2px solid #000}</style></head><body><table><tr><th>Test</th><th># Passed</th><th># Skipped</th><th># Failed</th><th>Time (ms)</th><th>Included Groups</th><th>Excluded Groups</th></tr><tr><th colspan="7">testNgPrograms</th></tr><tr><td><a href="#t0">testNgPrograms</a></td><td class="num">78</td><td class="num attn">6</td><td class="num attn">9</td><td class="num">442,026</td><td></td><td></td></tr></table><table><thead><tr><th>Class</th><th>Method</th><th>Start</th><th>Time (ms)</th></tr></thead><tbody><tr><th colspan="4">testNgPrograms</th></tr></tbody><tbody id="t0"><tr><th colspan="4">testNgPrograms &#8212; failed (configuration methods)</th></tr><tr class="failedeven"><td rowspan="1">testNgPrograms.AnnotationList</td><td><a href="#m0">cleanUp</a></td><td rowspan="1">1677652609019</td><td rowspan="1">0</td></tr><tr class="failedodd"><td rowspan="1">testNgPrograms.GoogleApplicationWithBeforeAfter</td><td><a href="#m1">logout</a></td><td rowspan="1">1677652566008</td><td rowspan="1">0</td></tr><tr class="failedeven"><td rowspan="1">testNgPrograms.VtigerApplicationTesting</td><td><a href="#m2">setUp</a></td><td rowspan="1">1677652195176</td><td rowspan="1">0</td></tr><tr><th colspan="4">testNgPrograms &#8212; failed</th></tr><tr class="failedeven"><td rowspan="1">testNgPrograms.Actitime_DependsOn</td><td><a href="#m3">openBrowserAndAppURL</a></td><td rowspan="1">1677652510370</td><td rowspan="1">0</td></tr><tr class="failedodd"><td rowspan="1">testNgPrograms.Actitime_Timeout</td><td><a href="#m4">openBrowserAndAppURL</a></td><td rowspan="1">1677652194405</td><td rowspan="1">211</td></tr><tr class="failedeven"><td rowspan="1">testNgPrograms.Annotations2</td><td><a href="#m5">deleteTask</a></td><td rowspan="1">1677652605040</td><td rowspan="1">15</td></tr><tr class="failedodd"><td rowspan="1">testNgPrograms.GoogleApplicationWithBeforeAfter</td><td><a href="#m6">testReportsPage</a></td><td rowspan="1">1677652563676</td><td rowspan="1">2330</td></tr><tr class="failedeven"><td rowspan="2">testNgPrograms.GoogleApplicationWithBeforeAfterTest</td><td><a href="#m7">testGoogleLandingPage</a></td><td rowspan="1">1677652558654</td><td rowspan="1">86</td></tr><tr class="failedeven"><td><a href="#m8">testSearch</a></td><td rowspan="1">1677652558741</td><td rowspan="1">2</td></tr><tr class="failedodd"><td rowspan="1">testNgPrograms.TestParallelExecution</td><td><a href="#m9">testLoginOfActitime</a></td><td rowspan="1">1677652206431</td><td rowspan="1">303936</td></tr><tr class="failedeven"><td rowspan="2">testNgPrograms.VtigerLogin</td><td><a href="#m10">loginInVtiger</a></td><td rowspan="2">1677652517561</td><td rowspan="2">9</td></tr><tr class="failedeven"><td><a href="#m11">loginInVtiger</a></td></tr><tr><th colspan="4">testNgPrograms &#8212; skipped (configuration methods)</th></tr><tr class="skippedeven"><td rowspan="4">testNgPrograms.AnnotationList</td><td><a href="#m12">cleanUp</a></td><td rowspan="3">1677652609022</td><td rowspan="3">0</td></tr><tr class="skippedeven"><td><a href="#m13">cleanUp</a></td></tr><tr class="skippedeven"><td><a href="#m14">cleanUp</a></td></tr><tr class="skippedeven"><td><a href="#m15">f6</a></td><td rowspan="1">1677652609467</td><td rowspan="1">0</td></tr><tr class="skippedodd"><td rowspan="2">testNgPrograms.GoogleApplicationWithBeforeAfter</td><td><a href="#m16">login</a></td><td rowspan="1">1677652586063</td><td rowspan="1">0</td></tr><tr class="skippedodd"><td><a href="#m17">logout</a></td><td rowspan="1">1677652586065</td><td rowspan="1">0</td></tr><tr class="skippedeven"><td rowspan="3">testNgPrograms.VtigerApplicationTesting</td><td><a href="#m18">setUp</a></td><td rowspan="1">1677652195243</td><td rowspan="1">0</td></tr><tr class="skippedeven"><td><a href="#m19">tearDown</a></td><td rowspan="2">1677652195242</td><td rowspan="2">0</td></tr><tr class="skippedeven"><td><a href="#m20">tearDown</a></td></tr><tr><th colspan="4">testNgPrograms &#8212; skipped</th></tr><tr class="skippedeven"><td rowspan="1">testNgPrograms.Actitime_DependsOn</td><td><a href="#m21">login</a></td><td rowspan="1">1677652605064</td><td rowspan="1">0</td></tr><tr class="skippedodd"><td rowspan="1">testNgPrograms.GoogleApplicationWithBeforeAfter</td><td><a href="#m22">testVtigerHomePage</a></td><td rowspan="1">1677652586064</td><td rowspan="1">0</td></tr><tr class="skippedeven"><td rowspan="1">testNgPrograms.SuperNG</td><td><a href="#m23">startUp</a></td><td rowspan="1">1677652510371</td><td rowspan="1">0</td></tr><tr class="skippedodd"><td rowspan="3">testNgPrograms.VtigerApplicationTesting</td><td><a href="#m24">startUp</a></td><td rowspan="1">1677652195243</td><td rowspan="1">0</td></tr><tr class="skippedodd"><td><a href="#m25">testCalenderPage</a></td><td rowspan="1">1677652195243</td><td rowspan="1">0</td></tr><tr class="skippedodd"><td><a href="#m26">testLandingOfVtiger</a></td><td rowspan="1">1677652195241</td><td rowspan="1">1</td></tr><tr><th colspan="4">testNgPrograms &#8212; passed</th></tr><tr class="passedeven"><td rowspan="2">testNgPrograms.Actitime_DependsOn</td><td><a href="#m27">createTask</a></td><td rowspan="1">1677652510370</td><td rowspan="1">0</td></tr><tr class="passedeven"><td><a href="#m28">logoutClose</a></td><td rowspan="1">1677652510371</td><td rowspan="1">0</td></tr><tr class="passedodd"><td rowspan="2">testNgPrograms.Actitime_Enabled</td><td><a href="#m29">createTask</a></td><td rowspan="1">1677652194405</td><td rowspan="1">0</td></tr><tr class="passedodd"><td><a href="#m30">openBrowserAndAppURL</a></td><td rowspan="1">1677652194404</td><td rowspan="1">0</td></tr><tr class="passedeven"><td rowspan="2">testNgPrograms.Actitime_ExceptionAndTimeout</td><td><a href="#m31">dividedByZeroExample1</a></td><td rowspan="1">1677652194631</td><td rowspan="1">1</td></tr><tr class="passedeven"><td><a href="#m32">executetimeOut</a></td><td rowspan="1">1677652194632</td><td rowspan="1">544</td></tr><tr class="passedodd"><td rowspan="10">testNgPrograms.Actitime_InvocationCount</td><td><a href="#m33">openBrowserAndAppURL</a></td><td rowspan="10">1677652558648</td><td rowspan="10">0</td></tr><tr class="passedodd"><td><a href="#m34">openBrowserAndAppURL</a></td></tr><tr class="passedodd"><td><a href="#m35">openBrowserAndAppURL</a></td></tr><tr class="passedodd"><td><a href="#m36">openBrowserAndAppURL</a></td></tr><tr class="passedodd"><td><a href="#m37">openBrowserAndAppURL</a></td></tr><tr class="passedodd"><td><a href="#m38">openBrowserAndAppURL</a></td></tr><tr class="passedodd"><td><a href="#m39">openBrowserAndAppURL</a></td></tr><tr class="passedodd"><td><a href="#m40">openBrowserAndAppURL</a></td></tr><tr class="passedodd"><td><a href="#m41">openBrowserAndAppURL</a></td></tr><tr class="passedodd"><td><a href="#m42">openBrowserAndAppURL</a></td></tr><tr class="passedeven"><td rowspan="4">testNgPrograms.Actitime_Priority</td><td><a href="#m43">createTask</a></td><td rowspan="1">1677652605057</td><td rowspan="1">0</td></tr><tr class="passedeven"><td><a href="#m44">login</a></td><td rowspan="1">1677652605040</td><td rowspan="1">0</td></tr><tr class="passedeven"><td><a href="#m45">logoutClose</a></td><td rowspan="1">1677652605057</td><td rowspan="1">1</td></tr><tr class="passedeven"><td><a href="#m46">openBrowserAndAppURL</a></td><td rowspan="1">1677652586072</td><td rowspan="1">0</td></tr><tr class="passedodd"><td rowspan="2">testNgPrograms.AnnotationList</td><td><a href="#m47">f12</a></td><td rowspan="1">1677652194397</td><td rowspan="1">1</td></tr><tr class="passedodd"><td><a href="#m48">f5</a></td><td rowspan="1">1677652194400</td><td rowspan="1">0</td></tr><tr class="passedeven"><td rowspan="1">testNgPrograms.Annotations</td><td><a href="#m49">taskCreation</a></td><td rowspan="1">1677652558745</td><td rowspan="1">0</td></tr><tr class="passedodd"><td rowspan="1">testNgPrograms.Annotations2</td><td><a href="#m50">taskCreation</a></td><td rowspan="1">1677652586072</td><td rowspan="1">18962</td></tr><tr class="passedeven"><td rowspan="2">testNgPrograms.Annotations3</td><td><a href="#m51">deleteTask</a></td><td rowspan="1">1677652605057</td><td rowspan="1">0</td></tr><tr class="passedeven"><td><a href="#m52">taskCreation</a></td><td rowspan="1">1677652605038</td><td rowspan="1">0</td></tr><tr class="passedodd"><td rowspan="4">testNgPrograms.ClassLabelAnnotations</td><td><a href="#m53">testCase1</a></td><td rowspan="1">1677652558653</td><td rowspan="1">0</td></tr><tr class="passedodd"><td><a href="#m54">testCase2</a></td><td rowspan="1">1677652558653</td><td rowspan="1">0</td></tr><tr class="passedodd"><td><a href="#m55">testCase3</a></td><td rowspan="1">1677652558653</td><td rowspan="1">1</td></tr><tr class="passedodd"><td><a href="#m56">testCase4</a></td><td rowspan="1">1677652558654</td><td rowspan="1">0</td></tr><tr class="passedeven"><td rowspan="6">testNgPrograms.DataProviderExample</td><td><a href="#m57">setData</a></td><td rowspan="3">1677652521037</td><td rowspan="3">0</td></tr><tr class="passedeven"><td><a href="#m58">setData</a></td></tr><tr class="passedeven"><td><a href="#m59">setData</a></td></tr><tr class="passedeven"><td><a href="#m60">testLoginOfVtiger</a></td><td rowspan="3">1677652521037</td><td rowspan="3">5345</td></tr><tr class="passedeven"><td><a href="#m61">testLoginOfVtiger</a></td></tr><tr class="passedeven"><td><a href="#m62">testLoginOfVtiger</a></td></tr><tr class="passedodd"><td rowspan="1">testNgPrograms.FirstTestNgWebScript</td><td><a href="#m63">testCase1</a></td><td rowspan="1">1677652517576</td><td rowspan="1">3460</td></tr><tr class="passedeven"><td rowspan="2">testNgPrograms.GoogleApplicationWithBeforeAfterMethod</td><td><a href="#m64">testGoogleLandingPage</a></td><td rowspan="1">1677652543028</td><td rowspan="1">5</td></tr><tr class="passedeven"><td><a href="#m65">testSearch</a></td><td rowspan="1">1677652551278</td><td rowspan="1">7234</td></tr><tr class="passedodd"><td rowspan="5">testNgPrograms.GroupExamples</td><td><a href="#m66">testCaseFive</a></td><td rowspan="1">1677652586066</td><td rowspan="1">0</td></tr><tr class="passedodd"><td><a href="#m67">testCaseFour</a></td><td rowspan="1">1677652586067</td><td rowspan="1">0</td></tr><tr class="passedodd"><td><a href="#m68">testCaseOne</a></td><td rowspan="1">1677652586067</td><td rowspan="1">0</td></tr><tr class="passedodd"><td><a href="#m69">testCaseThree</a></td><td rowspan="1">1677652586067</td><td rowspan="1">0</td></tr><tr class="passedodd"><td><a href="#m70">testCaseTwo</a></td><td rowspan="1">1677652586068</td><td rowspan="1">0</td></tr><tr class="passedeven"><td rowspan="3">testNgPrograms.IncludeAndExcludeTestMethods</td><td><a href="#m71">addDepartmentTestCase</a></td><td rowspan="1">1677652510370</td><td rowspan="1">0</td></tr><tr class="passedeven"><td><a href="#m72">addEmployeeTestCase</a></td><td rowspan="1">1677652510370</td><td rowspan="1">0</td></tr><tr class="passedeven"><td><a href="#m73">addLocationTestCase</a></td><td rowspan="1">1677652510370</td><td rowspan="1">0</td></tr><tr class="passedodd"><td rowspan="4">testNgPrograms.MultipleTestMethodInClass</td><td><a href="#m74">testCaseCreation</a></td><td rowspan="1">1677652586069</td><td rowspan="1">0</td></tr><tr class="passedodd"><td><a href="#m75">testCaseDeletion</a></td><td rowspan="1">1677652586069</td><td rowspan="1">0</td></tr><tr class="passedodd"><td><a href="#m76">testCaseLogin</a></td><td rowspan="1">1677652586069</td><td rowspan="1">0</td></tr><tr class="passedodd"><td><a href="#m77">testCaseSignup</a></td><td rowspan="1">1677652586069</td><td rowspan="1">1</td></tr><tr class="passedeven"><td rowspan="2">testNgPrograms.ParallelExecutionOfMethods</td><td><a href="#m78">testCaseOne</a></td><td rowspan="1">1677652586068</td><td rowspan="1">0</td></tr><tr class="passedeven"><td><a href="#m79">testCaseTwo</a></td><td rowspan="1">1677652586068</td><td rowspan="1">1</td></tr><tr class="passedodd"><td rowspan="1">testNgPrograms.Sample1</td><td><a href="#m80">testCase1</a></td><td rowspan="1">1677652194404</td><td rowspan="1">0</td></tr><tr class="passedeven"><td rowspan="3">testNgPrograms.Sample2</td><td><a href="#m81">testCase1</a></td><td rowspan="1">1677652194403</td><td rowspan="1">0</td></tr><tr class="passedeven"><td><a href="#m82">testCase2</a></td><td rowspan="1">1677652194403</td><td rowspan="1">0</td></tr><tr class="passedeven"><td><a href="#m83">testCase3</a></td><td rowspan="1">1677652194403</td><td rowspan="1">0</td></tr><tr class="passedodd"><td rowspan="3">testNgPrograms.Sample3</td><td><a href="#m84">compose</a></td><td rowspan="1">1677652194403</td><td rowspan="1">0</td></tr><tr class="passedodd"><td><a href="#m85">login</a></td><td rowspan="1">1677652194402</td><td rowspan="1">0</td></tr><tr class="passedodd"><td><a href="#m86">signUp</a></td><td rowspan="1">1677652194402</td><td rowspan="1">0</td></tr><tr class="passedeven"><td rowspan="3">testNgPrograms.Sample4</td><td><a href="#m87">a_signUp</a></td><td rowspan="1">1677652194402</td><td rowspan="1">0</td></tr><tr class="passedeven"><td><a href="#m88">b_login</a></td><td rowspan="1">1677652194401</td><td rowspan="1">1</td></tr><tr class="passedeven"><td><a href="#m89">c_compose</a></td><td rowspan="1">1677652194401</td><td rowspan="1">0</td></tr><tr class="passedodd"><td rowspan="4">testNgPrograms.SetTestCaseOrder_Priority</td><td><a href="#m90">testCaseCreation</a></td><td rowspan="1">1677652605058</td><td rowspan="1">0</td></tr><tr class="passedodd"><td><a href="#m91">testCaseDeletion</a></td><td rowspan="1">1677652605057</td><td rowspan="1">0</td></tr><tr class="passedodd"><td><a href="#m92">testCaseLogin</a></td><td rowspan="1">1677652605039</td><td rowspan="1">0</td></tr><tr class="passedodd"><td><a href="#m93">testCaseSignup</a></td><td rowspan="1">1677652586071</td><td rowspan="1">0</td></tr><tr class="passedeven"><td rowspan="2">testNgPrograms.TestCaseDependency</td><td><a href="#m94">testGoogleLandingPage</a></td><td rowspan="1">1677652538364</td><td rowspan="1">21</td></tr><tr class="passedeven"><td><a href="#m95">testSearch</a></td><td rowspan="1">1677652605066</td><td rowspan="1">3952</td></tr><tr class="passedodd"><td rowspan="3">testNgPrograms.TestCaseExecutionControl</td><td><a href="#m96">testCaseCreation</a></td><td rowspan="1">1677652605058</td><td rowspan="1">0</td></tr><tr class="passedodd"><td><a href="#m97">testCaseLogin</a></td><td rowspan="1">1677652586072</td><td rowspan="1">0</td></tr><tr class="passedodd"><td><a href="#m98">testCaseSignup</a></td><td rowspan="1">1677652194630</td><td rowspan="1">1</td></tr><tr class="passedeven"><td rowspan="2">testNgPrograms.TestParallelClassOne</td><td><a href="#m99">testCaseOne</a></td><td rowspan="1">1677652194401</td><td rowspan="1">0</td></tr><tr class="passedeven"><td><a href="#m100">testCaseTwo</a></td><td rowspan="1">1677652194401</td><td rowspan="1">0</td></tr><tr class="passedodd"><td rowspan="2">testNgPrograms.TestParallelClassTwo</td><td><a href="#m101">testCaseOne</a></td><td rowspan="1">1677652195244</td><td rowspan="1">0</td></tr><tr class="passedodd"><td><a href="#m102">testCaseTwo</a></td><td rowspan="1">1677652195244</td><td rowspan="1">0</td></tr><tr class="passedeven"><td rowspan="1">testNgPrograms.TestParallelExecution</td><td><a href="#m103">testLoginOfVtiger</a></td><td rowspan="1">1677652195244</td><td rowspan="1">11187</td></tr><tr class="passedodd"><td rowspan="1">testNgPrograms.VtigerLogin</td><td><a href="#m104">loginInVtiger</a></td><td rowspan="1">1677652510383</td><td rowspan="1">5866</td></tr></tbody></table><h2>testNgPrograms</h2><h3 id="m0">testNgPrograms.AnnotationList#cleanUp</h3><table class="result"><tr><th>Exception</th></tr><tr><td><div class="stacktrace">org.openqa.selenium.NoSuchSessionException: invalid session id
Build info: version: &apos;3.14.0&apos;, revision: &apos;aacccce0&apos;, time: &apos;2018-08-02T20:19:58.91Z&apos;
System info: host: &apos;SAMEER&apos;, ip: &apos;192.168.0.103&apos;, os.name: &apos;Windows 11&apos;, os.arch: &apos;amd64&apos;, os.version: &apos;10.0&apos;, java.version: &apos;1.8.0_333&apos;
Driver info: org.openqa.selenium.chrome.ChromeDriver
Capabilities {acceptInsecureCerts: false, browserName: chrome, browserVersion: 110.0.5481.177, chrome: {chromedriverVersion: 110.0.5481.77 (65ed616c6e8e..., userDataDir: C:\Program Files (x86)\scop...}, goog:chromeOptions: {debuggerAddress: localhost:52986}, javascriptEnabled: true, networkConnectionEnabled: false, pageLoadStrategy: normal, platform: WINDOWS, platformName: WINDOWS, proxy: Proxy(), setWindowRect: true, strictFileInteractability: false, timeouts: {implicit: 0, pageLoad: 300000, script: 30000}, unhandledPromptBehavior: dismiss and notify, webauthn:extension:credBlob: true, webauthn:extension:largeBlob: true, webauthn:virtualAuthenticators: true}
Session ID: 887bcb95cf26b466d00c79334a16afd7
	at org.openqa.selenium.remote.http.W3CHttpResponseCodec.createException(W3CHttpResponseCodec.java:187)
	at org.openqa.selenium.remote.http.W3CHttpResponseCodec.decode(W3CHttpResponseCodec.java:122)
	at org.openqa.selenium.remote.http.W3CHttpResponseCodec.decode(W3CHttpResponseCodec.java:49)
	at org.openqa.selenium.remote.HttpCommandExecutor.execute(HttpCommandExecutor.java:158)
	at org.openqa.selenium.remote.service.DriverCommandExecutor.execute(DriverCommandExecutor.java:83)
	at org.openqa.selenium.remote.RemoteWebDriver.execute(RemoteWebDriver.java:548)
	at org.openqa.selenium.remote.RemoteWebDriver.execute(RemoteWebDriver.java:605)
	at org.openqa.selenium.remote.RemoteWebDriver.close(RemoteWebDriver.java:438)
	at mavenUtilities.SeleniumUtility.teardown(SeleniumUtility.java:251)
	at testNgPrograms.Annotations2.cleanUp(Annotations2.java:56)
... Removed 35 stack frames</div></td></tr></table><p class="totop"><a href="#summary">back to summary</a></p><h3 id="m1">testNgPrograms.GoogleApplicationWithBeforeAfter#logout</h3><table class="result"><tr><th>Exception</th></tr><tr><td><div class="stacktrace">org.openqa.selenium.NoSuchElementException: no such element: Unable to locate element: {&quot;method&quot;:&quot;css selector&quot;,&quot;selector&quot;:&quot;.userName &quot;}
  (Session info: chrome=110.0.5481.177)
For documentation on this error, please visit: http://seleniumhq.org/exceptions/no_such_element.html
Build info: version: &apos;3.14.0&apos;, revision: &apos;aacccce0&apos;, time: &apos;2018-08-02T20:19:58.91Z&apos;
System info: host: &apos;SAMEER&apos;, ip: &apos;192.168.0.103&apos;, os.name: &apos;Windows 11&apos;, os.arch: &apos;amd64&apos;, os.version: &apos;10.0&apos;, java.version: &apos;1.8.0_333&apos;
Driver info: org.openqa.selenium.chrome.ChromeDriver
Capabilities {acceptInsecureCerts: false, browserName: chrome, browserVersion: 110.0.5481.177, chrome: {chromedriverVersion: 110.0.5481.77 (65ed616c6e8e..., userDataDir: C:\Program Files (x86)\scop...}, goog:chromeOptions: {debuggerAddress: localhost:52586}, javascriptEnabled: true, networkConnectionEnabled: false, pageLoadStrategy: normal, platform: WINDOWS, platformName: WINDOWS, proxy: Proxy(), setWindowRect: true, strictFileInteractability: false, timeouts: {implicit: 0, pageLoad: 300000, script: 30000}, unhandledPromptBehavior: dismiss and notify, webauthn:extension:credBlob: true, webauthn:extension:largeBlob: true, webauthn:virtualAuthenticators: true}
Session ID: c46c0c61dda9e0c1553ccf8697469eb5
*** Element info: {Using=css selector, value=.userName }
	at org.openqa.selenium.remote.http.W3CHttpResponseCodec.createException(W3CHttpResponseCodec.java:187)
	at org.openqa.selenium.remote.http.W3CHttpResponseCodec.decode(W3CHttpResponseCodec.java:122)
	at org.openqa.selenium.remote.http.W3CHttpResponseCodec.decode(W3CHttpResponseCodec.java:49)
	at org.openqa.selenium.remote.HttpCommandExecutor.execute(HttpCommandExecutor.java:158)
	at org.openqa.selenium.remote.service.DriverCommandExecutor.execute(DriverCommandExecutor.java:83)
	at org.openqa.selenium.remote.RemoteWebDriver.execute(RemoteWebDriver.java:548)
	at org.openqa.selenium.remote.RemoteWebDriver.findElement(RemoteWebDriver.java:322)
	at org.openqa.selenium.remote.RemoteWebDriver.findElementByCssSelector(RemoteWebDriver.java:416)
	at org.openqa.selenium.By$ByCssSelector.findElement(By.java:431)
	at org.openqa.selenium.remote.RemoteWebDriver.findElement(RemoteWebDriver.java:314)
	at testNgPrograms.GoogleApplicationWithBeforeAfter.logout(GoogleApplicationWithBeforeAfter.java:47)
... Removed 39 stack frames</div></td></tr></table><p class="totop"><a href="#summary">back to summary</a></p><h3 id="m2">testNgPrograms.VtigerApplicationTesting#setUp</h3><table class="result"><tr><th>Exception</th></tr><tr><td><div class="stacktrace">java.lang.IllegalStateException: The driver executable does not exist: E:\Selenium Softwares\chromedriver_win32\chromedriver.exe
	at com.google.common.base.Preconditions.checkState(Preconditions.java:585)
	at org.openqa.selenium.remote.service.DriverService.checkExecutable(DriverService.java:137)
	at org.openqa.selenium.remote.service.DriverService.findExecutable(DriverService.java:132)
	at org.openqa.selenium.chrome.ChromeDriverService.access$000(ChromeDriverService.java:35)
	at org.openqa.selenium.chrome.ChromeDriverService$Builder.findDefaultExecutable(ChromeDriverService.java:156)
	at org.openqa.selenium.remote.service.DriverService$Builder.build(DriverService.java:346)
	at org.openqa.selenium.chrome.ChromeDriverService.createDefaultService(ChromeDriverService.java:91)
	at org.openqa.selenium.chrome.ChromeDriver.&lt;init&gt;(ChromeDriver.java:123)
	at testNgPrograms.SuperNG.startUp(SuperNG.java:40)
	at testNgPrograms.SuperNG.setUp(SuperNG.java:26)
... Removed 35 stack frames</div></td></tr></table><p class="totop"><a href="#summary">back to summary</a></p><h3 id="m3">testNgPrograms.Actitime_DependsOn#openBrowserAndAppURL</h3><table class="result"><tr><th>Exception</th></tr><tr><td><div class="stacktrace">java.lang.ArithmeticException: / by zero
	at testNgPrograms.Actitime_DependsOn.openBrowserAndAppURL(Actitime_DependsOn.java:8)
... Removed 33 stack frames</div></td></tr></table><p class="totop"><a href="#summary">back to summary</a></p><h3 id="m4">testNgPrograms.Actitime_Timeout#openBrowserAndAppURL</h3><table class="result"><tr><th>Exception</th></tr><tr><td><div class="stacktrace">org.testng.internal.thread.ThreadTimeoutException: Method org.testng.internal.TestNGMethod.openBrowserAndAppURL() didn&apos;t finish within the time-out 200
	at java.lang.Thread.sleep(Native Method)
	at testNgPrograms.Actitime_Timeout.openBrowserAndAppURL(Actitime_Timeout.java:10)
	at java.util.concurrent.Executors$RunnableAdapter.call(Executors.java:511)
	at java.util.concurrent.FutureTask.run(FutureTask.java:266)
	at java.util.concurrent.ThreadPoolExecutor.runWorker(ThreadPoolExecutor.java:1149)
	at java.util.concurrent.ThreadPoolExecutor$Worker.run(ThreadPoolExecutor.java:624)
	at java.lang.Thread.run(Thread.java:750)
... Removed 7 stack frames</div></td></tr></table><p class="totop"><a href="#summary">back to summary</a></p><h3 id="m5">testNgPrograms.Annotations2#deleteTask</h3><table class="result"><tr><th>Exception</th></tr><tr><td><div class="stacktrace">org.openqa.selenium.UnhandledAlertException: unexpected alert open: {Alert text : There is an open task with the same name in the selected project. Please re-name this task.}
  (Session info: chrome=110.0.5481.177): There is an open task with the same name in the selected project. Please re-name this task.
Build info: version: &apos;3.14.0&apos;, revision: &apos;aacccce0&apos;, time: &apos;2018-08-02T20:19:58.91Z&apos;
System info: host: &apos;SAMEER&apos;, ip: &apos;192.168.0.103&apos;, os.name: &apos;Windows 11&apos;, os.arch: &apos;amd64&apos;, os.version: &apos;10.0&apos;, java.version: &apos;1.8.0_333&apos;
Driver info: org.openqa.selenium.chrome.ChromeDriver
Capabilities {acceptInsecureCerts: false, browserName: chrome, browserVersion: 110.0.5481.177, chrome: {chromedriverVersion: 110.0.5481.77 (65ed616c6e8e..., userDataDir: C:\Program Files (x86)\scop...}, goog:chromeOptions: {debuggerAddress: localhost:52555}, javascriptEnabled: true, networkConnectionEnabled: false, pageLoadStrategy: normal, platform: WINDOWS, platformName: WINDOWS, proxy: Proxy(), setWindowRect: true, strictFileInteractability: false, timeouts: {implicit: 0, pageLoad: 300000, script: 30000}, unhandledPromptBehavior: dismiss and notify, webauthn:extension:credBlob: true, webauthn:extension:largeBlob: true, webauthn:virtualAuthenticators: true}
Session ID: 3a2cbef0639d0bc31a6c95de858af18f
*** Element info: {Using=xpath, value=//div[@class=&apos;taskRowsTableContent&apos;]/div/div/table/tbody/tr/td/div/div[@class=&apos;img&apos;]}
	at org.openqa.selenium.remote.http.W3CHttpResponseCodec.decode(W3CHttpResponseCodec.java:120)
	at org.openqa.selenium.remote.http.W3CHttpResponseCodec.decode(W3CHttpResponseCodec.java:49)
	at org.openqa.selenium.remote.HttpCommandExecutor.execute(HttpCommandExecutor.java:158)
	at org.openqa.selenium.remote.service.DriverCommandExecutor.execute(DriverCommandExecutor.java:83)
	at org.openqa.selenium.remote.RemoteWebDriver.execute(RemoteWebDriver.java:548)
	at org.openqa.selenium.remote.RemoteWebDriver.findElement(RemoteWebDriver.java:322)
	at org.openqa.selenium.remote.RemoteWebDriver.findElementByXPath(RemoteWebDriver.java:424)
	at org.openqa.selenium.By$ByXPath.findElement(By.java:353)
	at org.openqa.selenium.remote.RemoteWebDriver.findElement(RemoteWebDriver.java:314)
	at testNgPrograms.Annotations2.deleteTask(Annotations2.java:47)
... Removed 33 stack frames</div></td></tr></table><p class="totop"><a href="#summary">back to summary</a></p><h3 id="m6">testNgPrograms.GoogleApplicationWithBeforeAfter#testReportsPage</h3><table class="result"><tr><th>Exception</th></tr><tr><td><div class="stacktrace">org.openqa.selenium.NoSuchSessionException: invalid session id
Build info: version: &apos;3.14.0&apos;, revision: &apos;aacccce0&apos;, time: &apos;2018-08-02T20:19:58.91Z&apos;
System info: host: &apos;SAMEER&apos;, ip: &apos;192.168.0.103&apos;, os.name: &apos;Windows 11&apos;, os.arch: &apos;amd64&apos;, os.version: &apos;10.0&apos;, java.version: &apos;1.8.0_333&apos;
Driver info: org.openqa.selenium.chrome.ChromeDriver
Capabilities {acceptInsecureCerts: false, browserName: chrome, browserVersion: 110.0.5481.177, chrome: {chromedriverVersion: 110.0.5481.77 (65ed616c6e8e..., userDataDir: C:\Program Files (x86)\scop...}, goog:chromeOptions: {debuggerAddress: localhost:52986}, javascriptEnabled: true, networkConnectionEnabled: false, pageLoadStrategy: normal, platform: WINDOWS, platformName: WINDOWS, proxy: Proxy(), setWindowRect: true, strictFileInteractability: false, timeouts: {implicit: 0, pageLoad: 300000, script: 30000}, unhandledPromptBehavior: dismiss and notify, webauthn:extension:credBlob: true, webauthn:extension:largeBlob: true, webauthn:virtualAuthenticators: true}
Session ID: 887bcb95cf26b466d00c79334a16afd7
	at org.openqa.selenium.remote.http.W3CHttpResponseCodec.createException(W3CHttpResponseCodec.java:187)
	at org.openqa.selenium.remote.http.W3CHttpResponseCodec.decode(W3CHttpResponseCodec.java:122)
	at org.openqa.selenium.remote.http.W3CHttpResponseCodec.decode(W3CHttpResponseCodec.java:49)
	at org.openqa.selenium.remote.HttpCommandExecutor.execute(HttpCommandExecutor.java:158)
	at org.openqa.selenium.remote.service.DriverCommandExecutor.execute(DriverCommandExecutor.java:83)
	at org.openqa.selenium.remote.RemoteWebDriver.execute(RemoteWebDriver.java:548)
	at org.openqa.selenium.remote.RemoteWebDriver.execute(RemoteWebDriver.java:605)
	at org.openqa.selenium.remote.RemoteWebDriver.getTitle(RemoteWebDriver.java:280)
	at mavenUtilities.SeleniumUtility.getCurrentTitleOfApplication(SeleniumUtility.java:114)
	at testNgPrograms.GoogleApplicationWithBeforeAfter.testReportsPage(GoogleApplicationWithBeforeAfter.java:41)
... Removed 37 stack frames</div></td></tr></table><p class="totop"><a href="#summary">back to summary</a></p><h3 id="m7">testNgPrograms.GoogleApplicationWithBeforeAfterTest#testGoogleLandingPage</h3><table class="result"><tr><th>Exception</th></tr><tr><td><div class="stacktrace">org.openqa.selenium.NoSuchSessionException: invalid session id
Build info: version: &apos;3.14.0&apos;, revision: &apos;aacccce0&apos;, time: &apos;2018-08-02T20:19:58.91Z&apos;
System info: host: &apos;SAMEER&apos;, ip: &apos;192.168.0.103&apos;, os.name: &apos;Windows 11&apos;, os.arch: &apos;amd64&apos;, os.version: &apos;10.0&apos;, java.version: &apos;1.8.0_333&apos;
Driver info: org.openqa.selenium.chrome.ChromeDriver
Capabilities {acceptInsecureCerts: false, browserName: chrome, browserVersion: 110.0.5481.177, chrome: {chromedriverVersion: 110.0.5481.77 (65ed616c6e8e..., userDataDir: C:\Program Files (x86)\scop...}, goog:chromeOptions: {debuggerAddress: localhost:52986}, javascriptEnabled: true, networkConnectionEnabled: false, pageLoadStrategy: normal, platform: WINDOWS, platformName: WINDOWS, proxy: Proxy(), setWindowRect: true, strictFileInteractability: false, timeouts: {implicit: 0, pageLoad: 300000, script: 30000}, unhandledPromptBehavior: dismiss and notify, webauthn:extension:credBlob: true, webauthn:extension:largeBlob: true, webauthn:virtualAuthenticators: true}
Session ID: 887bcb95cf26b466d00c79334a16afd7
	at org.openqa.selenium.remote.http.W3CHttpResponseCodec.createException(W3CHttpResponseCodec.java:187)
	at org.openqa.selenium.remote.http.W3CHttpResponseCodec.decode(W3CHttpResponseCodec.java:122)
	at org.openqa.selenium.remote.http.W3CHttpResponseCodec.decode(W3CHttpResponseCodec.java:49)
	at org.openqa.selenium.remote.HttpCommandExecutor.execute(HttpCommandExecutor.java:158)
	at org.openqa.selenium.remote.service.DriverCommandExecutor.execute(DriverCommandExecutor.java:83)
	at org.openqa.selenium.remote.RemoteWebDriver.execute(RemoteWebDriver.java:548)
	at org.openqa.selenium.remote.RemoteWebDriver.execute(RemoteWebDriver.java:605)
	at org.openqa.selenium.remote.RemoteWebDriver.getTitle(RemoteWebDriver.java:280)
	at mavenUtilities.SeleniumUtility.getCurrentTitleOfApplication(SeleniumUtility.java:114)
	at testNgPrograms.GoogleApplicationWithBeforeAfterTest.testGoogleLandingPage(GoogleApplicationWithBeforeAfterTest.java:29)
... Removed 37 stack frames</div></td></tr></table><p class="totop"><a href="#summary">back to summary</a></p><h3 id="m8">testNgPrograms.GoogleApplicationWithBeforeAfterTest#testSearch</h3><table class="result"><tr><th>Exception</th></tr><tr><td><div class="stacktrace">org.openqa.selenium.NoSuchSessionException: invalid session id
Build info: version: &apos;3.14.0&apos;, revision: &apos;aacccce0&apos;, time: &apos;2018-08-02T20:19:58.91Z&apos;
System info: host: &apos;SAMEER&apos;, ip: &apos;192.168.0.103&apos;, os.name: &apos;Windows 11&apos;, os.arch: &apos;amd64&apos;, os.version: &apos;10.0&apos;, java.version: &apos;1.8.0_333&apos;
Driver info: org.openqa.selenium.chrome.ChromeDriver
Capabilities {acceptInsecureCerts: false, browserName: chrome, browserVersion: 110.0.5481.177, chrome: {chromedriverVersion: 110.0.5481.77 (65ed616c6e8e..., userDataDir: C:\Program Files (x86)\scop...}, goog:chromeOptions: {debuggerAddress: localhost:52986}, javascriptEnabled: true, networkConnectionEnabled: false, pageLoadStrategy: normal, platform: WINDOWS, platformName: WINDOWS, proxy: Proxy(), setWindowRect: true, strictFileInteractability: false, timeouts: {implicit: 0, pageLoad: 300000, script: 30000}, unhandledPromptBehavior: dismiss and notify, webauthn:extension:credBlob: true, webauthn:extension:largeBlob: true, webauthn:virtualAuthenticators: true}
Session ID: 887bcb95cf26b466d00c79334a16afd7
	at org.openqa.selenium.remote.http.W3CHttpResponseCodec.createException(W3CHttpResponseCodec.java:187)
	at org.openqa.selenium.remote.http.W3CHttpResponseCodec.decode(W3CHttpResponseCodec.java:122)
	at org.openqa.selenium.remote.http.W3CHttpResponseCodec.decode(W3CHttpResponseCodec.java:49)
	at org.openqa.selenium.remote.HttpCommandExecutor.execute(HttpCommandExecutor.java:158)
	at org.openqa.selenium.remote.service.DriverCommandExecutor.execute(DriverCommandExecutor.java:83)
	at org.openqa.selenium.remote.RemoteWebDriver.execute(RemoteWebDriver.java:548)
	at org.openqa.selenium.remote.RemoteWebDriver.execute(RemoteWebDriver.java:605)
	at org.openqa.selenium.remote.RemoteWebDriver$RemoteTargetLocator.activeElement(RemoteWebDriver.java:923)
	at mavenUtilities.SeleniumUtility.getActiveWebElement(SeleniumUtility.java:119)
	at testNgPrograms.GoogleApplicationWithBeforeAfterTest.testSearch(GoogleApplicationWithBeforeAfterTest.java:35)
... Removed 37 stack frames</div></td></tr></table><p class="totop"><a href="#summary">back to summary</a></p><h3 id="m9">testNgPrograms.TestParallelExecution#testLoginOfActitime</h3><table class="result"><tr><th>Exception</th></tr><tr><td><div class="stacktrace">org.openqa.selenium.TimeoutException: timeout: Timed out receiving message from renderer: 290.895
  (Session info: chrome=110.0.5481.177)
Build info: version: &apos;3.14.0&apos;, revision: &apos;aacccce0&apos;, time: &apos;2018-08-02T20:19:58.91Z&apos;
System info: host: &apos;SAMEER&apos;, ip: &apos;192.168.0.103&apos;, os.name: &apos;Windows 11&apos;, os.arch: &apos;amd64&apos;, os.version: &apos;10.0&apos;, java.version: &apos;1.8.0_333&apos;
Driver info: org.openqa.selenium.chrome.ChromeDriver
Capabilities {acceptInsecureCerts: false, browserName: chrome, browserVersion: 110.0.5481.177, chrome: {chromedriverVersion: 110.0.5481.77 (65ed616c6e8e..., userDataDir: C:\Program Files (x86)\scop...}, goog:chromeOptions: {debuggerAddress: localhost:52688}, javascriptEnabled: true, networkConnectionEnabled: false, pageLoadStrategy: normal, platform: WINDOWS, platformName: WINDOWS, proxy: Proxy(), setWindowRect: true, strictFileInteractability: false, timeouts: {implicit: 0, pageLoad: 300000, script: 30000}, unhandledPromptBehavior: dismiss and notify, webauthn:extension:credBlob: true, webauthn:extension:largeBlob: true, webauthn:virtualAuthenticators: true}
Session ID: aa766a9cf7c37469e68f27b5266b31f8
	at org.openqa.selenium.remote.http.W3CHttpResponseCodec.createException(W3CHttpResponseCodec.java:187)
	at org.openqa.selenium.remote.http.W3CHttpResponseCodec.decode(W3CHttpResponseCodec.java:122)
	at org.openqa.selenium.remote.http.W3CHttpResponseCodec.decode(W3CHttpResponseCodec.java:49)
	at org.openqa.selenium.remote.HttpCommandExecutor.execute(HttpCommandExecutor.java:158)
	at org.openqa.selenium.remote.service.DriverCommandExecutor.execute(DriverCommandExecutor.java:83)
	at org.openqa.selenium.remote.RemoteWebDriver.execute(RemoteWebDriver.java:548)
	at org.openqa.selenium.remote.RemoteWebDriver.get(RemoteWebDriver.java:276)
	at testNgPrograms.TestParallelExecution.testLoginOfActitime(TestParallelExecution.java:42)
... Removed 37 stack frames</div></td></tr></table><p class="totop"><a href="#summary">back to summary</a></p><h3 id="m10">testNgPrograms.VtigerLogin#loginInVtiger</h3><table class="result"><tr class="param"><th>Parameter #1</th><th>Parameter #2</th><th>Parameter #3</th></tr><tr class="param stripe"><td></td><td></td><td></td></tr><tr><th colspan="3">Exception</th></tr><tr><td colspan="3"><div class="stacktrace">org.openqa.selenium.NoSuchSessionException: invalid session id
Build info: version: &apos;3.14.0&apos;, revision: &apos;aacccce0&apos;, time: &apos;2018-08-02T20:19:58.91Z&apos;
System info: host: &apos;SAMEER&apos;, ip: &apos;192.168.0.103&apos;, os.name: &apos;Windows 11&apos;, os.arch: &apos;amd64&apos;, os.version: &apos;10.0&apos;, java.version: &apos;1.8.0_333&apos;
Driver info: org.openqa.selenium.chrome.ChromeDriver
Capabilities {acceptInsecureCerts: false, browserName: chrome, browserVersion: 110.0.5481.177, chrome: {chromedriverVersion: 110.0.5481.77 (65ed616c6e8e..., userDataDir: C:\Program Files (x86)\scop...}, goog:chromeOptions: {debuggerAddress: localhost:52841}, javascriptEnabled: true, networkConnectionEnabled: false, pageLoadStrategy: normal, platform: WINDOWS, platformName: WINDOWS, proxy: Proxy(), setWindowRect: true, strictFileInteractability: false, timeouts: {implicit: 0, pageLoad: 300000, script: 30000}, unhandledPromptBehavior: dismiss and notify, webauthn:extension:credBlob: true, webauthn:extension:largeBlob: true, webauthn:virtualAuthenticators: true}
Session ID: d0c3549c6a0c9eafdb4491a97f447801
	at org.openqa.selenium.remote.http.W3CHttpResponseCodec.createException(W3CHttpResponseCodec.java:187)
	at org.openqa.selenium.remote.http.W3CHttpResponseCodec.decode(W3CHttpResponseCodec.java:122)
	at org.openqa.selenium.remote.http.W3CHttpResponseCodec.decode(W3CHttpResponseCodec.java:49)
	at org.openqa.selenium.remote.HttpCommandExecutor.execute(HttpCommandExecutor.java:158)
	at org.openqa.selenium.remote.service.DriverCommandExecutor.execute(DriverCommandExecutor.java:83)
	at org.openqa.selenium.remote.RemoteWebDriver.execute(RemoteWebDriver.java:548)
	at org.openqa.selenium.remote.RemoteWebDriver.execute(RemoteWebDriver.java:605)
	at org.openqa.selenium.remote.RemoteWebDriver$RemoteWebDriverOptions$RemoteWindow.maximize(RemoteWebDriver.java:833)
	at mavenUtilities.SeleniumUtility.setUp(SeleniumUtility.java:58)
	at testNgPrograms.VtigerLogin.loginInVtiger(VtigerLogin.java:40)
... Removed 37 stack frames</div></td></tr></table><p class="totop"><a href="#summary">back to summary</a></p><h3 id="m11">testNgPrograms.VtigerLogin#loginInVtiger</h3><table class="result"><tr class="param"><th>Parameter #1</th><th>Parameter #2</th><th>Parameter #3</th></tr><tr class="param stripe"><td>firefox</td><td>admin3</td><td>@123</td></tr><tr><th colspan="3">Exception</th></tr><tr><td colspan="3"><div class="stacktrace">org.openqa.selenium.WebDriverException: Cannot find firefox binary in PATH. Make sure firefox is installed. OS appears to be: XP
Build info: version: &apos;3.14.0&apos;, revision: &apos;aacccce0&apos;, time: &apos;2018-08-02T20:19:58.91Z&apos;
System info: host: &apos;SAMEER&apos;, ip: &apos;192.168.0.103&apos;, os.name: &apos;Windows 11&apos;, os.arch: &apos;amd64&apos;, os.version: &apos;10.0&apos;, java.version: &apos;1.8.0_333&apos;
Driver info: driver.version: FirefoxDriver
	at org.openqa.selenium.firefox.FirefoxBinary.&lt;init&gt;(FirefoxBinary.java:116)
	at java.util.Optional.orElseGet(Optional.java:267)
	at org.openqa.selenium.firefox.FirefoxOptions.getBinary(FirefoxOptions.java:216)
	at org.openqa.selenium.firefox.FirefoxDriver.toExecutor(FirefoxDriver.java:165)
	at org.openqa.selenium.firefox.FirefoxDriver.&lt;init&gt;(FirefoxDriver.java:125)
	at org.openqa.selenium.firefox.FirefoxDriver.&lt;init&gt;(FirefoxDriver.java:103)
	at mavenUtilities.SeleniumUtility.setUp(SeleniumUtility.java:53)
	at testNgPrograms.VtigerLogin.loginInVtiger(VtigerLogin.java:40)
... Removed 33 stack frames</div></td></tr></table><p class="totop"><a href="#summary">back to summary</a></p><h3 id="m12">testNgPrograms.AnnotationList#cleanUp</h3><table class="result"></table><p class="totop"><a href="#summary">back to summary</a></p><h3 id="m13">testNgPrograms.AnnotationList#cleanUp</h3><table class="result"></table><p class="totop"><a href="#summary">back to summary</a></p><h3 id="m14">testNgPrograms.AnnotationList#cleanUp</h3><table class="result"></table><p class="totop"><a href="#summary">back to summary</a></p><h3 id="m15">testNgPrograms.AnnotationList#f6</h3><table class="result"></table><p class="totop"><a href="#summary">back to summary</a></p><h3 id="m16">testNgPrograms.GoogleApplicationWithBeforeAfter#login</h3><table class="result"></table><p class="totop"><a href="#summary">back to summary</a></p><h3 id="m17">testNgPrograms.GoogleApplicationWithBeforeAfter#logout</h3><table class="result"></table><p class="totop"><a href="#summary">back to summary</a></p><h3 id="m18">testNgPrograms.VtigerApplicationTesting#setUp</h3><table class="result"></table><p class="totop"><a href="#summary">back to summary</a></p><h3 id="m19">testNgPrograms.VtigerApplicationTesting#tearDown</h3><table class="result"></table><p class="totop"><a href="#summary">back to summary</a></p><h3 id="m20">testNgPrograms.VtigerApplicationTesting#tearDown</h3><table class="result"></table><p class="totop"><a href="#summary">back to summary</a></p><h3 id="m21">testNgPrograms.Actitime_DependsOn#login</h3><table class="result"><tr><th>Exception</th></tr><tr><td><div class="stacktrace">java.lang.Throwable: Method Actitime_DependsOn.login()[pri:0, instance:testNgPrograms.Actitime_DependsOn@2bbf180e] depends on not successfully finished methods
... Removed 26 stack frames</div></td></tr></table><p class="totop"><a href="#summary">back to summary</a></p><h3 id="m22">testNgPrograms.GoogleApplicationWithBeforeAfter#testVtigerHomePage</h3><table class="result"></table><p class="totop"><a href="#summary">back to summary</a></p><h3 id="m23">testNgPrograms.SuperNG#startUp</h3><table class="result"><tr><th>Exception</th></tr><tr><td><div class="stacktrace">org.testng.TestNGException: 
Method startUp requires 2 parameters but 0 were supplied in the @Test annotation.
... Removed 32 stack frames</div></td></tr></table><p class="totop"><a href="#summary">back to summary</a></p><h3 id="m24">testNgPrograms.VtigerApplicationTesting#startUp</h3><table class="result"><tr><th>Exception</th></tr><tr><td><div class="stacktrace">org.testng.TestNGException: 
Method startUp requires 2 parameters but 0 were supplied in the @Test annotation.
... Removed 32 stack frames</div></td></tr></table><p class="totop"><a href="#summary">back to summary</a></p><h3 id="m25">testNgPrograms.VtigerApplicationTesting#testCalenderPage</h3><table class="result"></table><p class="totop"><a href="#summary">back to summary</a></p><h3 id="m26">testNgPrograms.VtigerApplicationTesting#testLandingOfVtiger</h3><table class="result"></table><p class="totop"><a href="#summary">back to summary</a></p><h3 id="m27">testNgPrograms.Actitime_DependsOn#createTask</h3><table class="result"></table><p class="totop"><a href="#summary">back to summary</a></p><h3 id="m28">testNgPrograms.Actitime_DependsOn#logoutClose</h3><table class="result"></table><p class="totop"><a href="#summary">back to summary</a></p><h3 id="m29">testNgPrograms.Actitime_Enabled#createTask</h3><table class="result"></table><p class="totop"><a href="#summary">back to summary</a></p><h3 id="m30">testNgPrograms.Actitime_Enabled#openBrowserAndAppURL</h3><table class="result"></table><p class="totop"><a href="#summary">back to summary</a></p><h3 id="m31">testNgPrograms.Actitime_ExceptionAndTimeout#dividedByZeroExample1</h3><table class="result"><tr><th>Expected Exception</th></tr><tr><td><div class="stacktrace">java.lang.ArithmeticException: / by zero
	at testNgPrograms.Actitime_ExceptionAndTimeout.dividedByZeroExample1(Actitime_ExceptionAndTimeout.java:14)
... Removed 33 stack frames</div></td></tr></table><p class="totop"><a href="#summary">back to summary</a></p><h3 id="m32">testNgPrograms.Actitime_ExceptionAndTimeout#executetimeOut</h3><table class="result"></table><p class="totop"><a href="#summary">back to summary</a></p><h3 id="m33">testNgPrograms.Actitime_InvocationCount#openBrowserAndAppURL</h3><table class="result"></table><p class="totop"><a href="#summary">back to summary</a></p><h3 id="m34">testNgPrograms.Actitime_InvocationCount#openBrowserAndAppURL</h3><table class="result"></table><p class="totop"><a href="#summary">back to summary</a></p><h3 id="m35">testNgPrograms.Actitime_InvocationCount#openBrowserAndAppURL</h3><table class="result"></table><p class="totop"><a href="#summary">back to summary</a></p><h3 id="m36">testNgPrograms.Actitime_InvocationCount#openBrowserAndAppURL</h3><table class="result"></table><p class="totop"><a href="#summary">back to summary</a></p><h3 id="m37">testNgPrograms.Actitime_InvocationCount#openBrowserAndAppURL</h3><table class="result"></table><p class="totop"><a href="#summary">back to summary</a></p><h3 id="m38">testNgPrograms.Actitime_InvocationCount#openBrowserAndAppURL</h3><table class="result"></table><p class="totop"><a href="#summary">back to summary</a></p><h3 id="m39">testNgPrograms.Actitime_InvocationCount#openBrowserAndAppURL</h3><table class="result"></table><p class="totop"><a href="#summary">back to summary</a></p><h3 id="m40">testNgPrograms.Actitime_InvocationCount#openBrowserAndAppURL</h3><table class="result"></table><p class="totop"><a href="#summary">back to summary</a></p><h3 id="m41">testNgPrograms.Actitime_InvocationCount#openBrowserAndAppURL</h3><table class="result"></table><p class="totop"><a href="#summary">back to summary</a></p><h3 id="m42">testNgPrograms.Actitime_InvocationCount#openBrowserAndAppURL</h3><table class="result"></table><p class="totop"><a href="#summary">back to summary</a></p><h3 id="m43">testNgPrograms.Actitime_Priority#createTask</h3><table class="result"></table><p class="totop"><a href="#summary">back to summary</a></p><h3 id="m44">testNgPrograms.Actitime_Priority#login</h3><table class="result"></table><p class="totop"><a href="#summary">back to summary</a></p><h3 id="m45">testNgPrograms.Actitime_Priority#logoutClose</h3><table class="result"></table><p class="totop"><a href="#summary">back to summary</a></p><h3 id="m46">testNgPrograms.Actitime_Priority#openBrowserAndAppURL</h3><table class="result"></table><p class="totop"><a href="#summary">back to summary</a></p><h3 id="m47">testNgPrograms.AnnotationList#f12</h3><table class="result"></table><p class="totop"><a href="#summary">back to summary</a></p><h3 id="m48">testNgPrograms.AnnotationList#f5</h3><table class="result"></table><p class="totop"><a href="#summary">back to summary</a></p><h3 id="m49">testNgPrograms.Annotations#taskCreation</h3><table class="result"></table><p class="totop"><a href="#summary">back to summary</a></p><h3 id="m50">testNgPrograms.Annotations2#taskCreation</h3><table class="result"></table><p class="totop"><a href="#summary">back to summary</a></p><h3 id="m51">testNgPrograms.Annotations3#deleteTask</h3><table class="result"></table><p class="totop"><a href="#summary">back to summary</a></p><h3 id="m52">testNgPrograms.Annotations3#taskCreation</h3><table class="result"></table><p class="totop"><a href="#summary">back to summary</a></p><h3 id="m53">testNgPrograms.ClassLabelAnnotations#testCase1</h3><table class="result"></table><p class="totop"><a href="#summary">back to summary</a></p><h3 id="m54">testNgPrograms.ClassLabelAnnotations#testCase2</h3><table class="result"></table><p class="totop"><a href="#summary">back to summary</a></p><h3 id="m55">testNgPrograms.ClassLabelAnnotations#testCase3</h3><table class="result"></table><p class="totop"><a href="#summary">back to summary</a></p><h3 id="m56">testNgPrograms.ClassLabelAnnotations#testCase4</h3><table class="result"></table><p class="totop"><a href="#summary">back to summary</a></p><h3 id="m57">testNgPrograms.DataProviderExample#setData</h3><table class="result"><tr class="param"><th>Parameter #1</th><th>Parameter #2</th></tr><tr class="param stripe"><td>guestuser3</td><td>pass123</td></tr></table><p class="totop"><a href="#summary">back to summary</a></p><h3 id="m58">testNgPrograms.DataProviderExample#setData</h3><table class="result"><tr class="param"><th>Parameter #1</th><th>Parameter #2</th></tr><tr class="param stripe"><td></td><td></td></tr></table><p class="totop"><a href="#summary">back to summary</a></p><h3 id="m59">testNgPrograms.DataProviderExample#setData</h3><table class="result"><tr class="param"><th>Parameter #1</th><th>Parameter #2</th></tr><tr class="param stripe"><td>admin</td><td>admin</td></tr></table><p class="totop"><a href="#summary">back to summary</a></p><h3 id="m60">testNgPrograms.DataProviderExample#testLoginOfVtiger</h3><table class="result"><tr class="param"><th>Parameter #1</th><th>Parameter #2</th><th>Parameter #3</th></tr><tr class="param stripe"><td>chrome</td><td>admin</td><td>Test@123</td></tr></table><p class="totop"><a href="#summary">back to summary</a></p><h3 id="m61">testNgPrograms.DataProviderExample#testLoginOfVtiger</h3><table class="result"><tr class="param"><th>Parameter #1</th><th>Parameter #2</th><th>Parameter #3</th></tr><tr class="param stripe"><td>chrome</td><td></td><td></td></tr></table><p class="totop"><a href="#summary">back to summary</a></p><h3 id="m62">testNgPrograms.DataProviderExample#testLoginOfVtiger</h3><table class="result"><tr class="param"><th>Parameter #1</th><th>Parameter #2</th><th>Parameter #3</th></tr><tr class="param stripe"><td>chrome</td><td>pass123</td><td>admin</td></tr></table><p class="totop"><a href="#summary">back to summary</a></p><h3 id="m63">testNgPrograms.FirstTestNgWebScript#testCase1</h3><table class="result"></table><p class="totop"><a href="#summary">back to summary</a></p><h3 id="m64">testNgPrograms.GoogleApplicationWithBeforeAfterMethod#testGoogleLandingPage</h3><table class="result"></table><p class="totop"><a href="#summary">back to summary</a></p><h3 id="m65">testNgPrograms.GoogleApplicationWithBeforeAfterMethod#testSearch</h3><table class="result"></table><p class="totop"><a href="#summary">back to summary</a></p><h3 id="m66">testNgPrograms.GroupExamples#testCaseFive</h3><table class="result"></table><p class="totop"><a href="#summary">back to summary</a></p><h3 id="m67">testNgPrograms.GroupExamples#testCaseFour</h3><table class="result"></table><p class="totop"><a href="#summary">back to summary</a></p><h3 id="m68">testNgPrograms.GroupExamples#testCaseOne</h3><table class="result"></table><p class="totop"><a href="#summary">back to summary</a></p><h3 id="m69">testNgPrograms.GroupExamples#testCaseThree</h3><table class="result"></table><p class="totop"><a href="#summary">back to summary</a></p><h3 id="m70">testNgPrograms.GroupExamples#testCaseTwo</h3><table class="result"></table><p class="totop"><a href="#summary">back to summary</a></p><h3 id="m71">testNgPrograms.IncludeAndExcludeTestMethods#addDepartmentTestCase</h3><table class="result"></table><p class="totop"><a href="#summary">back to summary</a></p><h3 id="m72">testNgPrograms.IncludeAndExcludeTestMethods#addEmployeeTestCase</h3><table class="result"></table><p class="totop"><a href="#summary">back to summary</a></p><h3 id="m73">testNgPrograms.IncludeAndExcludeTestMethods#addLocationTestCase</h3><table class="result"></table><p class="totop"><a href="#summary">back to summary</a></p><h3 id="m74">testNgPrograms.MultipleTestMethodInClass#testCaseCreation</h3><table class="result"></table><p class="totop"><a href="#summary">back to summary</a></p><h3 id="m75">testNgPrograms.MultipleTestMethodInClass#testCaseDeletion</h3><table class="result"></table><p class="totop"><a href="#summary">back to summary</a></p><h3 id="m76">testNgPrograms.MultipleTestMethodInClass#testCaseLogin</h3><table class="result"></table><p class="totop"><a href="#summary">back to summary</a></p><h3 id="m77">testNgPrograms.MultipleTestMethodInClass#testCaseSignup</h3><table class="result"></table><p class="totop"><a href="#summary">back to summary</a></p><h3 id="m78">testNgPrograms.ParallelExecutionOfMethods#testCaseOne</h3><table class="result"></table><p class="totop"><a href="#summary">back to summary</a></p><h3 id="m79">testNgPrograms.ParallelExecutionOfMethods#testCaseTwo</h3><table class="result"></table><p class="totop"><a href="#summary">back to summary</a></p><h3 id="m80">testNgPrograms.Sample1#testCase1</h3><table class="result"></table><p class="totop"><a href="#summary">back to summary</a></p><h3 id="m81">testNgPrograms.Sample2#testCase1</h3><table class="result"></table><p class="totop"><a href="#summary">back to summary</a></p><h3 id="m82">testNgPrograms.Sample2#testCase2</h3><table class="result"></table><p class="totop"><a href="#summary">back to summary</a></p><h3 id="m83">testNgPrograms.Sample2#testCase3</h3><table class="result"></table><p class="totop"><a href="#summary">back to summary</a></p><h3 id="m84">testNgPrograms.Sample3#compose</h3><table class="result"></table><p class="totop"><a href="#summary">back to summary</a></p><h3 id="m85">testNgPrograms.Sample3#login</h3><table class="result"></table><p class="totop"><a href="#summary">back to summary</a></p><h3 id="m86">testNgPrograms.Sample3#signUp</h3><table class="result"></table><p class="totop"><a href="#summary">back to summary</a></p><h3 id="m87">testNgPrograms.Sample4#a_signUp</h3><table class="result"></table><p class="totop"><a href="#summary">back to summary</a></p><h3 id="m88">testNgPrograms.Sample4#b_login</h3><table class="result"></table><p class="totop"><a href="#summary">back to summary</a></p><h3 id="m89">testNgPrograms.Sample4#c_compose</h3><table class="result"></table><p class="totop"><a href="#summary">back to summary</a></p><h3 id="m90">testNgPrograms.SetTestCaseOrder_Priority#testCaseCreation</h3><table class="result"></table><p class="totop"><a href="#summary">back to summary</a></p><h3 id="m91">testNgPrograms.SetTestCaseOrder_Priority#testCaseDeletion</h3><table class="result"></table><p class="totop"><a href="#summary">back to summary</a></p><h3 id="m92">testNgPrograms.SetTestCaseOrder_Priority#testCaseLogin</h3><table class="result"></table><p class="totop"><a href="#summary">back to summary</a></p><h3 id="m93">testNgPrograms.SetTestCaseOrder_Priority#testCaseSignup</h3><table class="result"></table><p class="totop"><a href="#summary">back to summary</a></p><h3 id="m94">testNgPrograms.TestCaseDependency#testGoogleLandingPage</h3><table class="result"></table><p class="totop"><a href="#summary">back to summary</a></p><h3 id="m95">testNgPrograms.TestCaseDependency#testSearch</h3><table class="result"></table><p class="totop"><a href="#summary">back to summary</a></p><h3 id="m96">testNgPrograms.TestCaseExecutionControl#testCaseCreation</h3><table class="result"></table><p class="totop"><a href="#summary">back to summary</a></p><h3 id="m97">testNgPrograms.TestCaseExecutionControl#testCaseLogin</h3><table class="result"></table><p class="totop"><a href="#summary">back to summary</a></p><h3 id="m98">testNgPrograms.TestCaseExecutionControl#testCaseSignup</h3><table class="result"></table><p class="totop"><a href="#summary">back to summary</a></p><h3 id="m99">testNgPrograms.TestParallelClassOne#testCaseOne</h3><table class="result"></table><p class="totop"><a href="#summary">back to summary</a></p><h3 id="m100">testNgPrograms.TestParallelClassOne#testCaseTwo</h3><table class="result"></table><p class="totop"><a href="#summary">back to summary</a></p><h3 id="m101">testNgPrograms.TestParallelClassTwo#testCaseOne</h3><table class="result"></table><p class="totop"><a href="#summary">back to summary</a></p><h3 id="m102">testNgPrograms.TestParallelClassTwo#testCaseTwo</h3><table class="result"></table><p class="totop"><a href="#summary">back to summary</a></p><h3 id="m103">testNgPrograms.TestParallelExecution#testLoginOfVtiger</h3><table class="result"></table><p class="totop"><a href="#summary">back to summary</a></p><h3 id="m104">testNgPrograms.VtigerLogin#loginInVtiger</h3><table class="result"><tr class="param"><th>Parameter #1</th><th>Parameter #2</th><th>Parameter #3</th></tr><tr class="param stripe"><td>chrome</td><td>admin</td><td>Test@123</td></tr></table><p class="totop"><a href="#summary">back to summary</a></p></body></html>