<?xml version="1.0" encoding="UTF-8"?>
<testng-results skipped="6" failed="9" total="93" passed="78">
  <reporter-output>
  </reporter-output>
  <suite name="testNgPrograms" duration-ms="442026" started-at="2023-03-01T06:29:26Z" finished-at="2023-03-01T06:36:49Z">
    <groups>
      <group name="Smoke Test">
        <method signature="GroupExamples.testCaseFive()[pri:0, instance:testNgPrograms.GroupExamples@159f197]" name="testCaseFive" class="testNgPrograms.GroupExamples"/>
        <method signature="GroupExamples.testCaseThree()[pri:0, instance:testNgPrograms.GroupExamples@159f197]" name="testCaseThree" class="testNgPrograms.GroupExamples"/>
      </group> <!-- Smoke Test -->
      <group name="Regression">
        <method signature="GroupExamples.testCaseFour()[pri:0, instance:testNgPrograms.GroupExamples@159f197]" name="testCaseFour" class="testNgPrograms.GroupExamples"/>
        <method signature="GroupExamples.testCaseOne()[pri:0, instance:testNgPrograms.GroupExamples@159f197]" name="testCaseOne" class="testNgPrograms.GroupExamples"/>
        <method signature="GroupExamples.testCaseTwo()[pri:0, instance:testNgPrograms.GroupExamples@159f197]" name="testCaseTwo" class="testNgPrograms.GroupExamples"/>
      </group> <!-- Regression -->
    </groups>
    <test name="testNgPrograms" duration-ms="442026" started-at="2023-03-01T06:29:26Z" finished-at="2023-03-01T06:36:49Z">
      <class name="testNgPrograms.GroupExamples">
        <test-method status="PASS" signature="testCaseFive()[pri:0, instance:testNgPrograms.GroupExamples@159f197]" name="testCaseFive" duration-ms="0" started-at="2023-03-01T12:06:26Z" finished-at="2023-03-01T12:06:26Z">
          <reporter-output>
          </reporter-output>
        </test-method> <!-- testCaseFive -->
        <test-method status="PASS" signature="testCaseFour()[pri:0, instance:testNgPrograms.GroupExamples@159f197]" name="testCaseFour" duration-ms="0" started-at="2023-03-01T12:06:26Z" finished-at="2023-03-01T12:06:26Z">
          <reporter-output>
          </reporter-output>
        </test-method> <!-- testCaseFour -->
        <test-method status="PASS" signature="testCaseThree()[pri:0, instance:testNgPrograms.GroupExamples@159f197]" name="testCaseThree" duration-ms="0" started-at="2023-03-01T12:06:26Z" finished-at="2023-03-01T12:06:26Z">
          <reporter-output>
          </reporter-output>
        </test-method> <!-- testCaseThree -->
        <test-method status="PASS" signature="testCaseOne()[pri:0, instance:testNgPrograms.GroupExamples@159f197]" name="testCaseOne" duration-ms="0" started-at="2023-03-01T12:06:26Z" finished-at="2023-03-01T12:06:26Z">
          <reporter-output>
          </reporter-output>
        </test-method> <!-- testCaseOne -->
        <test-method status="PASS" signature="testCaseTwo()[pri:0, instance:testNgPrograms.GroupExamples@159f197]" name="testCaseTwo" duration-ms="0" started-at="2023-03-01T12:06:26Z" finished-at="2023-03-01T12:06:26Z">
          <reporter-output>
          </reporter-output>
        </test-method> <!-- testCaseTwo -->
      </class> <!-- testNgPrograms.GroupExamples -->
      <class name="testNgPrograms.IncludeAndExcludeTestMethods">
        <test-method status="PASS" signature="addLocationTestCase()[pri:0, instance:testNgPrograms.IncludeAndExcludeTestMethods@d4342c2]" name="addLocationTestCase" duration-ms="0" started-at="2023-03-01T12:05:10Z" finished-at="2023-03-01T12:05:10Z">
          <reporter-output>
          </reporter-output>
        </test-method> <!-- addLocationTestCase -->
        <test-method status="PASS" signature="addDepartmentTestCase()[pri:0, instance:testNgPrograms.IncludeAndExcludeTestMethods@d4342c2]" name="addDepartmentTestCase" duration-ms="0" started-at="2023-03-01T12:05:10Z" finished-at="2023-03-01T12:05:10Z">
          <reporter-output>
          </reporter-output>
        </test-method> <!-- addDepartmentTestCase -->
        <test-method status="PASS" signature="addEmployeeTestCase()[pri:0, instance:testNgPrograms.IncludeAndExcludeTestMethods@d4342c2]" name="addEmployeeTestCase" duration-ms="0" started-at="2023-03-01T12:05:10Z" finished-at="2023-03-01T12:05:10Z">
          <reporter-output>
          </reporter-output>
        </test-method> <!-- addEmployeeTestCase -->
      </class> <!-- testNgPrograms.IncludeAndExcludeTestMethods -->
      <class name="testNgPrograms.TestParallelExecution">
        <test-method status="PASS" signature="testLoginOfVtiger()[pri:0, instance:testNgPrograms.TestParallelExecution@4e91d63f]" name="testLoginOfVtiger" duration-ms="11187" started-at="2023-03-01T11:59:55Z" finished-at="2023-03-01T12:00:06Z">
          <reporter-output>
          </reporter-output>
        </test-method> <!-- testLoginOfVtiger -->
        <test-method status="FAIL" signature="testLoginOfActitime()[pri:0, instance:testNgPrograms.TestParallelExecution@4e91d63f]" name="testLoginOfActitime" duration-ms="303936" started-at="2023-03-01T12:00:06Z" finished-at="2023-03-01T12:05:10Z">
          <exception class="org.openqa.selenium.TimeoutException">
            <message>
              <![CDATA[timeout: Timed out receiving message from renderer: 290.895
  (Session info: chrome=110.0.5481.177)
Build info: version: '3.14.0', revision: 'aacccce0', time: '2018-08-02T20:19:58.91Z'
System info: host: 'SAMEER', ip: '192.168.0.103', os.name: 'Windows 11', os.arch: 'amd64', os.version: '10.0', java.version: '1.8.0_333'
Driver info: org.openqa.selenium.chrome.ChromeDriver
Capabilities {acceptInsecureCerts: false, browserName: chrome, browserVersion: 110.0.5481.177, chrome: {chromedriverVersion: 110.0.5481.77 (65ed616c6e8e..., userDataDir: C:\Program Files (x86)\scop...}, goog:chromeOptions: {debuggerAddress: localhost:52688}, javascriptEnabled: true, networkConnectionEnabled: false, pageLoadStrategy: normal, platform: WINDOWS, platformName: WINDOWS, proxy: Proxy(), setWindowRect: true, strictFileInteractability: false, timeouts: {implicit: 0, pageLoad: 300000, script: 30000}, unhandledPromptBehavior: dismiss and notify, webauthn:extension:credBlob: true, webauthn:extension:largeBlob: true, webauthn:virtualAuthenticators: true}
Session ID: aa766a9cf7c37469e68f27b5266b31f8]]>
            </message>
            <full-stacktrace>
              <![CDATA[org.openqa.selenium.TimeoutException: timeout: Timed out receiving message from renderer: 290.895
  (Session info: chrome=110.0.5481.177)
Build info: version: '3.14.0', revision: 'aacccce0', time: '2018-08-02T20:19:58.91Z'
System info: host: 'SAMEER', ip: '192.168.0.103', os.name: 'Windows 11', os.arch: 'amd64', os.version: '10.0', java.version: '1.8.0_333'
Driver info: org.openqa.selenium.chrome.ChromeDriver
Capabilities {acceptInsecureCerts: false, browserName: chrome, browserVersion: 110.0.5481.177, chrome: {chromedriverVersion: 110.0.5481.77 (65ed616c6e8e..., userDataDir: C:\Program Files (x86)\scop...}, goog:chromeOptions: {debuggerAddress: localhost:52688}, javascriptEnabled: true, networkConnectionEnabled: false, pageLoadStrategy: normal, platform: WINDOWS, platformName: WINDOWS, proxy: Proxy(), setWindowRect: true, strictFileInteractability: false, timeouts: {implicit: 0, pageLoad: 300000, script: 30000}, unhandledPromptBehavior: dismiss and notify, webauthn:extension:credBlob: true, webauthn:extension:largeBlob: true, webauthn:virtualAuthenticators: true}
Session ID: aa766a9cf7c37469e68f27b5266b31f8
	at sun.reflect.NativeConstructorAccessorImpl.newInstance0(Native Method)
	at sun.reflect.NativeConstructorAccessorImpl.newInstance(NativeConstructorAccessorImpl.java:62)
	at sun.reflect.DelegatingConstructorAccessorImpl.newInstance(DelegatingConstructorAccessorImpl.java:45)
	at java.lang.reflect.Constructor.newInstance(Constructor.java:423)
	at org.openqa.selenium.remote.http.W3CHttpResponseCodec.createException(W3CHttpResponseCodec.java:187)
	at org.openqa.selenium.remote.http.W3CHttpResponseCodec.decode(W3CHttpResponseCodec.java:122)
	at org.openqa.selenium.remote.http.W3CHttpResponseCodec.decode(W3CHttpResponseCodec.java:49)
	at org.openqa.selenium.remote.HttpCommandExecutor.execute(HttpCommandExecutor.java:158)
	at org.openqa.selenium.remote.service.DriverCommandExecutor.execute(DriverCommandExecutor.java:83)
	at org.openqa.selenium.remote.RemoteWebDriver.execute(RemoteWebDriver.java:548)
	at org.openqa.selenium.remote.RemoteWebDriver.get(RemoteWebDriver.java:276)
	at testNgPrograms.TestParallelExecution.testLoginOfActitime(TestParallelExecution.java:42)
	at sun.reflect.NativeMethodAccessorImpl.invoke0(Native Method)
	at sun.reflect.NativeMethodAccessorImpl.invoke(NativeMethodAccessorImpl.java:62)
	at sun.reflect.DelegatingMethodAccessorImpl.invoke(DelegatingMethodAccessorImpl.java:43)
	at java.lang.reflect.Method.invoke(Method.java:498)
	at org.testng.internal.MethodInvocationHelper.invokeMethod(MethodInvocationHelper.java:85)
	at org.testng.internal.Invoker.invokeMethod(Invoker.java:639)
	at org.testng.internal.Invoker.invokeTestMethod(Invoker.java:816)
	at org.testng.internal.Invoker.invokeTestMethods(Invoker.java:1124)
	at org.testng.internal.TestMethodWorker.invokeTestMethods(TestMethodWorker.java:125)
	at org.testng.internal.TestMethodWorker.run(TestMethodWorker.java:108)
	at org.testng.TestRunner.privateRun(TestRunner.java:774)
	at org.testng.TestRunner.run(TestRunner.java:624)
	at org.testng.SuiteRunner.runTest(SuiteRunner.java:359)
	at org.testng.SuiteRunner.runSequentially(SuiteRunner.java:354)
	at org.testng.SuiteRunner.privateRun(SuiteRunner.java:312)
	at org.testng.SuiteRunner.run(SuiteRunner.java:261)
	at org.testng.SuiteRunnerWorker.runSuite(SuiteRunnerWorker.java:52)
	at org.testng.SuiteRunnerWorker.run(SuiteRunnerWorker.java:86)
	at org.testng.TestNG.runSuitesSequentially(TestNG.java:1215)
	at org.testng.TestNG.runSuitesLocally(TestNG.java:1140)
	at org.testng.TestNG.run(TestNG.java:1048)
	at org.apache.maven.surefire.testng.TestNGExecutor.run(TestNGExecutor.java:178)
	at org.apache.maven.surefire.testng.TestNGXmlTestSuite.execute(TestNGXmlTestSuite.java:92)
	at org.apache.maven.surefire.testng.TestNGProvider.invoke(TestNGProvider.java:96)
	at sun.reflect.NativeMethodAccessorImpl.invoke0(Native Method)
	at sun.reflect.NativeMethodAccessorImpl.invoke(NativeMethodAccessorImpl.java:62)
	at sun.reflect.DelegatingMethodAccessorImpl.invoke(DelegatingMethodAccessorImpl.java:43)
	at java.lang.reflect.Method.invoke(Method.java:498)
	at org.apache.maven.surefire.util.ReflectionUtils.invokeMethodWithArray(ReflectionUtils.java:189)
	at org.apache.maven.surefire.booter.ProviderFactory$ProviderProxy.invoke(ProviderFactory.java:165)
	at org.apache.maven.surefire.booter.ProviderFactory.invokeProvider(ProviderFactory.java:85)
	at org.apache.maven.surefire.booter.ForkedBooter.runSuitesInProcess(ForkedBooter.java:115)
	at org.apache.maven.surefire.booter.ForkedBooter.main(ForkedBooter.java:75)
]]>
            </full-stacktrace>
          </exception> <!-- org.openqa.selenium.TimeoutException -->
          <reporter-output>
          </reporter-output>
        </test-method> <!-- testLoginOfActitime -->
      </class> <!-- testNgPrograms.TestParallelExecution -->
      <class name="testNgPrograms.MultipleTestMethodInClass">
        <test-method status="PASS" signature="testCaseSignup()[pri:0, instance:testNgPrograms.MultipleTestMethodInClass@5dd6264]" name="testCaseSignup" duration-ms="1" started-at="2023-03-01T12:06:26Z" finished-at="2023-03-01T12:06:26Z">
          <reporter-output>
          </reporter-output>
        </test-method> <!-- testCaseSignup -->
        <test-method status="PASS" signature="testCaseLogin()[pri:0, instance:testNgPrograms.MultipleTestMethodInClass@5dd6264]" name="testCaseLogin" duration-ms="0" started-at="2023-03-01T12:06:26Z" finished-at="2023-03-01T12:06:26Z">
          <reporter-output>
          </reporter-output>
        </test-method> <!-- testCaseLogin -->
        <test-method status="PASS" signature="testCaseDeletion()[pri:0, instance:testNgPrograms.MultipleTestMethodInClass@5dd6264]" name="testCaseDeletion" duration-ms="0" started-at="2023-03-01T12:06:26Z" finished-at="2023-03-01T12:06:26Z">
          <reporter-output>
          </reporter-output>
        </test-method> <!-- testCaseDeletion -->
        <test-method status="PASS" signature="testCaseCreation()[pri:0, instance:testNgPrograms.MultipleTestMethodInClass@5dd6264]" name="testCaseCreation" duration-ms="0" started-at="2023-03-01T12:06:26Z" finished-at="2023-03-01T12:06:26Z">
          <reporter-output>
          </reporter-output>
        </test-method> <!-- testCaseCreation -->
      </class> <!-- testNgPrograms.MultipleTestMethodInClass -->
      <class name="testNgPrograms.TestParallelClassOne">
        <test-method status="PASS" signature="testCaseOne()[pri:0, instance:testNgPrograms.TestParallelClassOne@45b9a632]" name="testCaseOne" duration-ms="0" started-at="2023-03-01T11:59:54Z" finished-at="2023-03-01T11:59:54Z">
          <reporter-output>
          </reporter-output>
        </test-method> <!-- testCaseOne -->
        <test-method status="PASS" signature="testCaseTwo()[pri:0, instance:testNgPrograms.TestParallelClassOne@45b9a632]" name="testCaseTwo" duration-ms="0" started-at="2023-03-01T11:59:54Z" finished-at="2023-03-01T11:59:54Z">
          <reporter-output>
          </reporter-output>
        </test-method> <!-- testCaseTwo -->
      </class> <!-- testNgPrograms.TestParallelClassOne -->
      <class name="testNgPrograms.GoogleApplicationWithBeforeAfter">
        <test-method status="PASS" signature="login()[pri:0, instance:testNgPrograms.GoogleApplicationWithBeforeAfter@18ce0030]" name="login" is-config="true" duration-ms="4930" started-at="2023-03-01T12:05:58Z" finished-at="2023-03-01T12:06:03Z">
          <reporter-output>
          </reporter-output>
        </test-method> <!-- login -->
        <test-method status="FAIL" signature="testReportsPage()[pri:0, instance:testNgPrograms.GoogleApplicationWithBeforeAfter@18ce0030]" name="testReportsPage" duration-ms="2330" started-at="2023-03-01T12:06:03Z" finished-at="2023-03-01T12:06:06Z">
          <exception class="org.openqa.selenium.NoSuchSessionException">
            <message>
              <![CDATA[invalid session id
Build info: version: '3.14.0', revision: 'aacccce0', time: '2018-08-02T20:19:58.91Z'
System info: host: 'SAMEER', ip: '192.168.0.103', os.name: 'Windows 11', os.arch: 'amd64', os.version: '10.0', java.version: '1.8.0_333'
Driver info: org.openqa.selenium.chrome.ChromeDriver
Capabilities {acceptInsecureCerts: false, browserName: chrome, browserVersion: 110.0.5481.177, chrome: {chromedriverVersion: 110.0.5481.77 (65ed616c6e8e..., userDataDir: C:\Program Files (x86)\scop...}, goog:chromeOptions: {debuggerAddress: localhost:52986}, javascriptEnabled: true, networkConnectionEnabled: false, pageLoadStrategy: normal, platform: WINDOWS, platformName: WINDOWS, proxy: Proxy(), setWindowRect: true, strictFileInteractability: false, timeouts: {implicit: 0, pageLoad: 300000, script: 30000}, unhandledPromptBehavior: dismiss and notify, webauthn:extension:credBlob: true, webauthn:extension:largeBlob: true, webauthn:virtualAuthenticators: true}
Session ID: 887bcb95cf26b466d00c79334a16afd7]]>
            </message>
            <full-stacktrace>
              <![CDATA[org.openqa.selenium.NoSuchSessionException: invalid session id
Build info: version: '3.14.0', revision: 'aacccce0', time: '2018-08-02T20:19:58.91Z'
System info: host: 'SAMEER', ip: '192.168.0.103', os.name: 'Windows 11', os.arch: 'amd64', os.version: '10.0', java.version: '1.8.0_333'
Driver info: org.openqa.selenium.chrome.ChromeDriver
Capabilities {acceptInsecureCerts: false, browserName: chrome, browserVersion: 110.0.5481.177, chrome: {chromedriverVersion: 110.0.5481.77 (65ed616c6e8e..., userDataDir: C:\Program Files (x86)\scop...}, goog:chromeOptions: {debuggerAddress: localhost:52986}, javascriptEnabled: true, networkConnectionEnabled: false, pageLoadStrategy: normal, platform: WINDOWS, platformName: WINDOWS, proxy: Proxy(), setWindowRect: true, strictFileInteractability: false, timeouts: {implicit: 0, pageLoad: 300000, script: 30000}, unhandledPromptBehavior: dismiss and notify, webauthn:extension:credBlob: true, webauthn:extension:largeBlob: true, webauthn:virtualAuthenticators: true}
Session ID: 887bcb95cf26b466d00c79334a16afd7
	at sun.reflect.NativeConstructorAccessorImpl.newInstance0(Native Method)
	at sun.reflect.NativeConstructorAccessorImpl.newInstance(NativeConstructorAccessorImpl.java:62)
	at sun.reflect.DelegatingConstructorAccessorImpl.newInstance(DelegatingConstructorAccessorImpl.java:45)
	at java.lang.reflect.Constructor.newInstance(Constructor.java:423)
	at org.openqa.selenium.remote.http.W3CHttpResponseCodec.createException(W3CHttpResponseCodec.java:187)
	at org.openqa.selenium.remote.http.W3CHttpResponseCodec.decode(W3CHttpResponseCodec.java:122)
	at org.openqa.selenium.remote.http.W3CHttpResponseCodec.decode(W3CHttpResponseCodec.java:49)
	at org.openqa.selenium.remote.HttpCommandExecutor.execute(HttpCommandExecutor.java:158)
	at org.openqa.selenium.remote.service.DriverCommandExecutor.execute(DriverCommandExecutor.java:83)
	at org.openqa.selenium.remote.RemoteWebDriver.execute(RemoteWebDriver.java:548)
	at org.openqa.selenium.remote.RemoteWebDriver.execute(RemoteWebDriver.java:605)
	at org.openqa.selenium.remote.RemoteWebDriver.getTitle(RemoteWebDriver.java:280)
	at mavenUtilities.SeleniumUtility.getCurrentTitleOfApplication(SeleniumUtility.java:114)
	at testNgPrograms.GoogleApplicationWithBeforeAfter.testReportsPage(GoogleApplicationWithBeforeAfter.java:41)
	at sun.reflect.NativeMethodAccessorImpl.invoke0(Native Method)
	at sun.reflect.NativeMethodAccessorImpl.invoke(NativeMethodAccessorImpl.java:62)
	at sun.reflect.DelegatingMethodAccessorImpl.invoke(DelegatingMethodAccessorImpl.java:43)
	at java.lang.reflect.Method.invoke(Method.java:498)
	at org.testng.internal.MethodInvocationHelper.invokeMethod(MethodInvocationHelper.java:85)
	at org.testng.internal.Invoker.invokeMethod(Invoker.java:639)
	at org.testng.internal.Invoker.invokeTestMethod(Invoker.java:816)
	at org.testng.internal.Invoker.invokeTestMethods(Invoker.java:1124)
	at org.testng.internal.TestMethodWorker.invokeTestMethods(TestMethodWorker.java:125)
	at org.testng.internal.TestMethodWorker.run(TestMethodWorker.java:108)
	at org.testng.TestRunner.privateRun(TestRunner.java:774)
	at org.testng.TestRunner.run(TestRunner.java:624)
	at org.testng.SuiteRunner.runTest(SuiteRunner.java:359)
	at org.testng.SuiteRunner.runSequentially(SuiteRunner.java:354)
	at org.testng.SuiteRunner.privateRun(SuiteRunner.java:312)
	at org.testng.SuiteRunner.run(SuiteRunner.java:261)
	at org.testng.SuiteRunnerWorker.runSuite(SuiteRunnerWorker.java:52)
	at org.testng.SuiteRunnerWorker.run(SuiteRunnerWorker.java:86)
	at org.testng.TestNG.runSuitesSequentially(TestNG.java:1215)
	at org.testng.TestNG.runSuitesLocally(TestNG.java:1140)
	at org.testng.TestNG.run(TestNG.java:1048)
	at org.apache.maven.surefire.testng.TestNGExecutor.run(TestNGExecutor.java:178)
	at org.apache.maven.surefire.testng.TestNGXmlTestSuite.execute(TestNGXmlTestSuite.java:92)
	at org.apache.maven.surefire.testng.TestNGProvider.invoke(TestNGProvider.java:96)
	at sun.reflect.NativeMethodAccessorImpl.invoke0(Native Method)
	at sun.reflect.NativeMethodAccessorImpl.invoke(NativeMethodAccessorImpl.java:62)
	at sun.reflect.DelegatingMethodAccessorImpl.invoke(DelegatingMethodAccessorImpl.java:43)
	at java.lang.reflect.Method.invoke(Method.java:498)
	at org.apache.maven.surefire.util.ReflectionUtils.invokeMethodWithArray(ReflectionUtils.java:189)
	at org.apache.maven.surefire.booter.ProviderFactory$ProviderProxy.invoke(ProviderFactory.java:165)
	at org.apache.maven.surefire.booter.ProviderFactory.invokeProvider(ProviderFactory.java:85)
	at org.apache.maven.surefire.booter.ForkedBooter.runSuitesInProcess(ForkedBooter.java:115)
	at org.apache.maven.surefire.booter.ForkedBooter.main(ForkedBooter.java:75)
]]>
            </full-stacktrace>
          </exception> <!-- org.openqa.selenium.NoSuchSessionException -->
          <reporter-output>
          </reporter-output>
        </test-method> <!-- testReportsPage -->
        <test-method status="FAIL" signature="logout()[pri:0, instance:testNgPrograms.GoogleApplicationWithBeforeAfter@18ce0030]" name="logout" is-config="true" duration-ms="0" started-at="2023-03-01T12:06:06Z" finished-at="2023-03-01T12:06:06Z">
          <exception class="org.openqa.selenium.NoSuchElementException">
            <message>
              <![CDATA[no such element: Unable to locate element: {"method":"css selector","selector":".userName "}
  (Session info: chrome=110.0.5481.177)
For documentation on this error, please visit: http://seleniumhq.org/exceptions/no_such_element.html
Build info: version: '3.14.0', revision: 'aacccce0', time: '2018-08-02T20:19:58.91Z'
System info: host: 'SAMEER', ip: '192.168.0.103', os.name: 'Windows 11', os.arch: 'amd64', os.version: '10.0', java.version: '1.8.0_333'
Driver info: org.openqa.selenium.chrome.ChromeDriver
Capabilities {acceptInsecureCerts: false, browserName: chrome, browserVersion: 110.0.5481.177, chrome: {chromedriverVersion: 110.0.5481.77 (65ed616c6e8e..., userDataDir: C:\Program Files (x86)\scop...}, goog:chromeOptions: {debuggerAddress: localhost:52586}, javascriptEnabled: true, networkConnectionEnabled: false, pageLoadStrategy: normal, platform: WINDOWS, platformName: WINDOWS, proxy: Proxy(), setWindowRect: true, strictFileInteractability: false, timeouts: {implicit: 0, pageLoad: 300000, script: 30000}, unhandledPromptBehavior: dismiss and notify, webauthn:extension:credBlob: true, webauthn:extension:largeBlob: true, webauthn:virtualAuthenticators: true}
Session ID: c46c0c61dda9e0c1553ccf8697469eb5
*** Element info: {Using=css selector, value=.userName }]]>
            </message>
            <full-stacktrace>
              <![CDATA[org.openqa.selenium.NoSuchElementException: no such element: Unable to locate element: {"method":"css selector","selector":".userName "}
  (Session info: chrome=110.0.5481.177)
For documentation on this error, please visit: http://seleniumhq.org/exceptions/no_such_element.html
Build info: version: '3.14.0', revision: 'aacccce0', time: '2018-08-02T20:19:58.91Z'
System info: host: 'SAMEER', ip: '192.168.0.103', os.name: 'Windows 11', os.arch: 'amd64', os.version: '10.0', java.version: '1.8.0_333'
Driver info: org.openqa.selenium.chrome.ChromeDriver
Capabilities {acceptInsecureCerts: false, browserName: chrome, browserVersion: 110.0.5481.177, chrome: {chromedriverVersion: 110.0.5481.77 (65ed616c6e8e..., userDataDir: C:\Program Files (x86)\scop...}, goog:chromeOptions: {debuggerAddress: localhost:52586}, javascriptEnabled: true, networkConnectionEnabled: false, pageLoadStrategy: normal, platform: WINDOWS, platformName: WINDOWS, proxy: Proxy(), setWindowRect: true, strictFileInteractability: false, timeouts: {implicit: 0, pageLoad: 300000, script: 30000}, unhandledPromptBehavior: dismiss and notify, webauthn:extension:credBlob: true, webauthn:extension:largeBlob: true, webauthn:virtualAuthenticators: true}
Session ID: c46c0c61dda9e0c1553ccf8697469eb5
*** Element info: {Using=css selector, value=.userName }
	at sun.reflect.NativeConstructorAccessorImpl.newInstance0(Native Method)
	at sun.reflect.NativeConstructorAccessorImpl.newInstance(NativeConstructorAccessorImpl.java:62)
	at sun.reflect.DelegatingConstructorAccessorImpl.newInstance(DelegatingConstructorAccessorImpl.java:45)
	at java.lang.reflect.Constructor.newInstance(Constructor.java:423)
	at org.openqa.selenium.remote.http.W3CHttpResponseCodec.createException(W3CHttpResponseCodec.java:187)
	at org.openqa.selenium.remote.http.W3CHttpResponseCodec.decode(W3CHttpResponseCodec.java:122)
	at org.openqa.selenium.remote.http.W3CHttpResponseCodec.decode(W3CHttpResponseCodec.java:49)
	at org.openqa.selenium.remote.HttpCommandExecutor.execute(HttpCommandExecutor.java:158)
	at org.openqa.selenium.remote.service.DriverCommandExecutor.execute(DriverCommandExecutor.java:83)
	at org.openqa.selenium.remote.RemoteWebDriver.execute(RemoteWebDriver.java:548)
	at org.openqa.selenium.remote.RemoteWebDriver.findElement(RemoteWebDriver.java:322)
	at org.openqa.selenium.remote.RemoteWebDriver.findElementByCssSelector(RemoteWebDriver.java:416)
	at org.openqa.selenium.By$ByCssSelector.findElement(By.java:431)
	at org.openqa.selenium.remote.RemoteWebDriver.findElement(RemoteWebDriver.java:314)
	at testNgPrograms.GoogleApplicationWithBeforeAfter.logout(GoogleApplicationWithBeforeAfter.java:47)
	at sun.reflect.NativeMethodAccessorImpl.invoke0(Native Method)
	at sun.reflect.NativeMethodAccessorImpl.invoke(NativeMethodAccessorImpl.java:62)
	at sun.reflect.DelegatingMethodAccessorImpl.invoke(DelegatingMethodAccessorImpl.java:43)
	at java.lang.reflect.Method.invoke(Method.java:498)
	at org.testng.internal.MethodInvocationHelper.invokeMethod(MethodInvocationHelper.java:85)
	at org.testng.internal.Invoker.invokeConfigurationMethod(Invoker.java:510)
	at org.testng.internal.Invoker.invokeConfigurations(Invoker.java:211)
	at org.testng.internal.Invoker.invokeMethod(Invoker.java:703)
	at org.testng.internal.Invoker.invokeTestMethod(Invoker.java:816)
	at org.testng.internal.Invoker.invokeTestMethods(Invoker.java:1124)
	at org.testng.internal.TestMethodWorker.invokeTestMethods(TestMethodWorker.java:125)
	at org.testng.internal.TestMethodWorker.run(TestMethodWorker.java:108)
	at org.testng.TestRunner.privateRun(TestRunner.java:774)
	at org.testng.TestRunner.run(TestRunner.java:624)
	at org.testng.SuiteRunner.runTest(SuiteRunner.java:359)
	at org.testng.SuiteRunner.runSequentially(SuiteRunner.java:354)
	at org.testng.SuiteRunner.privateRun(SuiteRunner.java:312)
	at org.testng.SuiteRunner.run(SuiteRunner.java:261)
	at org.testng.SuiteRunnerWorker.runSuite(SuiteRunnerWorker.java:52)
	at org.testng.SuiteRunnerWorker.run(SuiteRunnerWorker.java:86)
	at org.testng.TestNG.runSuitesSequentially(TestNG.java:1215)
	at org.testng.TestNG.runSuitesLocally(TestNG.java:1140)
	at org.testng.TestNG.run(TestNG.java:1048)
	at org.apache.maven.surefire.testng.TestNGExecutor.run(TestNGExecutor.java:178)
	at org.apache.maven.surefire.testng.TestNGXmlTestSuite.execute(TestNGXmlTestSuite.java:92)
	at org.apache.maven.surefire.testng.TestNGProvider.invoke(TestNGProvider.java:96)
	at sun.reflect.NativeMethodAccessorImpl.invoke0(Native Method)
	at sun.reflect.NativeMethodAccessorImpl.invoke(NativeMethodAccessorImpl.java:62)
	at sun.reflect.DelegatingMethodAccessorImpl.invoke(DelegatingMethodAccessorImpl.java:43)
	at java.lang.reflect.Method.invoke(Method.java:498)
	at org.apache.maven.surefire.util.ReflectionUtils.invokeMethodWithArray(ReflectionUtils.java:189)
	at org.apache.maven.surefire.booter.ProviderFactory$ProviderProxy.invoke(ProviderFactory.java:165)
	at org.apache.maven.surefire.booter.ProviderFactory.invokeProvider(ProviderFactory.java:85)
	at org.apache.maven.surefire.booter.ForkedBooter.runSuitesInProcess(ForkedBooter.java:115)
	at org.apache.maven.surefire.booter.ForkedBooter.main(ForkedBooter.java:75)
]]>
            </full-stacktrace>
          </exception> <!-- org.openqa.selenium.NoSuchElementException -->
          <reporter-output>
          </reporter-output>
        </test-method> <!-- logout -->
        <test-method status="SKIP" signature="login()[pri:0, instance:testNgPrograms.GoogleApplicationWithBeforeAfter@18ce0030]" name="login" is-config="true" duration-ms="0" started-at="2023-03-01T12:06:26Z" finished-at="2023-03-01T12:06:26Z">
          <reporter-output>
          </reporter-output>
        </test-method> <!-- login -->
        <test-method status="SKIP" signature="testVtigerHomePage()[pri:0, instance:testNgPrograms.GoogleApplicationWithBeforeAfter@18ce0030]" name="testVtigerHomePage" duration-ms="0" started-at="2023-03-01T12:06:26Z" finished-at="2023-03-01T12:06:26Z">
          <reporter-output>
          </reporter-output>
        </test-method> <!-- testVtigerHomePage -->
        <test-method status="SKIP" signature="logout()[pri:0, instance:testNgPrograms.GoogleApplicationWithBeforeAfter@18ce0030]" name="logout" is-config="true" duration-ms="0" started-at="2023-03-01T12:06:26Z" finished-at="2023-03-01T12:06:26Z">
          <reporter-output>
          </reporter-output>
        </test-method> <!-- logout -->
      </class> <!-- testNgPrograms.GoogleApplicationWithBeforeAfter -->
      <class name="testNgPrograms.TestParallelClassTwo">
        <test-method status="PASS" signature="testCaseOne()[pri:0, instance:testNgPrograms.TestParallelClassTwo@1a04f701]" name="testCaseOne" duration-ms="0" started-at="2023-03-01T11:59:55Z" finished-at="2023-03-01T11:59:55Z">
          <reporter-output>
          </reporter-output>
        </test-method> <!-- testCaseOne -->
        <test-method status="PASS" signature="testCaseTwo()[pri:0, instance:testNgPrograms.TestParallelClassTwo@1a04f701]" name="testCaseTwo" duration-ms="0" started-at="2023-03-01T11:59:55Z" finished-at="2023-03-01T11:59:55Z">
          <reporter-output>
          </reporter-output>
        </test-method> <!-- testCaseTwo -->
      </class> <!-- testNgPrograms.TestParallelClassTwo -->
      <class name="testNgPrograms.SuperNG">
        <test-method status="SKIP" signature="startUp(java.lang.String, java.lang.String)[pri:0, instance:testNgPrograms.SuperNG@163e4e87]" name="startUp" duration-ms="0" started-at="2023-03-01T12:05:10Z" finished-at="2023-03-01T12:05:10Z">
          <exception class="org.testng.TestNGException">
            <message>
              <![CDATA[
Method startUp requires 2 parameters but 0 were supplied in the @Test annotation.]]>
            </message>
            <full-stacktrace>
              <![CDATA[org.testng.TestNGException: 
Method startUp requires 2 parameters but 0 were supplied in the @Test annotation.
	at org.testng.internal.Parameters.checkParameterTypes(Parameters.java:191)
	at org.testng.internal.Parameters.createParameters(Parameters.java:127)
	at org.testng.internal.Parameters.createParameters(Parameters.java:376)
	at org.testng.internal.Parameters.handleParameters(Parameters.java:451)
	at org.testng.internal.Invoker.handleParameters(Invoker.java:1270)
	at org.testng.internal.Invoker.createParameters(Invoker.java:985)
	at org.testng.internal.Invoker.invokeTestMethods(Invoker.java:1075)
	at org.testng.internal.TestMethodWorker.invokeTestMethods(TestMethodWorker.java:125)
	at org.testng.internal.TestMethodWorker.run(TestMethodWorker.java:108)
	at org.testng.TestRunner.privateRun(TestRunner.java:774)
	at org.testng.TestRunner.run(TestRunner.java:624)
	at org.testng.SuiteRunner.runTest(SuiteRunner.java:359)
	at org.testng.SuiteRunner.runSequentially(SuiteRunner.java:354)
	at org.testng.SuiteRunner.privateRun(SuiteRunner.java:312)
	at org.testng.SuiteRunner.run(SuiteRunner.java:261)
	at org.testng.SuiteRunnerWorker.runSuite(SuiteRunnerWorker.java:52)
	at org.testng.SuiteRunnerWorker.run(SuiteRunnerWorker.java:86)
	at org.testng.TestNG.runSuitesSequentially(TestNG.java:1215)
	at org.testng.TestNG.runSuitesLocally(TestNG.java:1140)
	at org.testng.TestNG.run(TestNG.java:1048)
	at org.apache.maven.surefire.testng.TestNGExecutor.run(TestNGExecutor.java:178)
	at org.apache.maven.surefire.testng.TestNGXmlTestSuite.execute(TestNGXmlTestSuite.java:92)
	at org.apache.maven.surefire.testng.TestNGProvider.invoke(TestNGProvider.java:96)
	at sun.reflect.NativeMethodAccessorImpl.invoke0(Native Method)
	at sun.reflect.NativeMethodAccessorImpl.invoke(NativeMethodAccessorImpl.java:62)
	at sun.reflect.DelegatingMethodAccessorImpl.invoke(DelegatingMethodAccessorImpl.java:43)
	at java.lang.reflect.Method.invoke(Method.java:498)
	at org.apache.maven.surefire.util.ReflectionUtils.invokeMethodWithArray(ReflectionUtils.java:189)
	at org.apache.maven.surefire.booter.ProviderFactory$ProviderProxy.invoke(ProviderFactory.java:165)
	at org.apache.maven.surefire.booter.ProviderFactory.invokeProvider(ProviderFactory.java:85)
	at org.apache.maven.surefire.booter.ForkedBooter.runSuitesInProcess(ForkedBooter.java:115)
	at org.apache.maven.surefire.booter.ForkedBooter.main(ForkedBooter.java:75)
]]>
            </full-stacktrace>
          </exception> <!-- org.testng.TestNGException -->
          <reporter-output>
          </reporter-output>
        </test-method> <!-- startUp -->
      </class> <!-- testNgPrograms.SuperNG -->
      <class name="testNgPrograms.VtigerLogin">
        <test-method status="PASS" signature="loginInVtiger(java.lang.String, java.lang.String, java.lang.String)[pri:0, instance:testNgPrograms.VtigerLogin@56de5251]" name="loginInVtiger" duration-ms="5866" started-at="2023-03-01T12:05:10Z" data-provider="getCred" finished-at="2023-03-01T12:05:16Z">
          <params>
            <param index="0">
              <value>
                <![CDATA[chrome]]>
              </value>
            </param>
            <param index="1">
              <value>
                <![CDATA[admin]]>
              </value>
            </param>
            <param index="2">
              <value>
                <![CDATA[Test@123]]>
              </value>
            </param>
          </params>
          <reporter-output>
          </reporter-output>
        </test-method> <!-- loginInVtiger -->
        <test-method status="FAIL" signature="loginInVtiger(java.lang.String, java.lang.String, java.lang.String)[pri:0, instance:testNgPrograms.VtigerLogin@56de5251]" name="loginInVtiger" duration-ms="1308" started-at="2023-03-01T12:05:16Z" data-provider="getCred" finished-at="2023-03-01T12:05:17Z">
          <params>
            <param index="0">
              <value>
                <![CDATA[firefox]]>
              </value>
            </param>
            <param index="1">
              <value>
                <![CDATA[admin3]]>
              </value>
            </param>
            <param index="2">
              <value>
                <![CDATA[@123]]>
              </value>
            </param>
          </params>
          <exception class="org.openqa.selenium.WebDriverException">
            <message>
              <![CDATA[Cannot find firefox binary in PATH. Make sure firefox is installed. OS appears to be: XP
Build info: version: '3.14.0', revision: 'aacccce0', time: '2018-08-02T20:19:58.91Z'
System info: host: 'SAMEER', ip: '192.168.0.103', os.name: 'Windows 11', os.arch: 'amd64', os.version: '10.0', java.version: '1.8.0_333'
Driver info: driver.version: FirefoxDriver]]>
            </message>
            <full-stacktrace>
              <![CDATA[org.openqa.selenium.WebDriverException: Cannot find firefox binary in PATH. Make sure firefox is installed. OS appears to be: XP
Build info: version: '3.14.0', revision: 'aacccce0', time: '2018-08-02T20:19:58.91Z'
System info: host: 'SAMEER', ip: '192.168.0.103', os.name: 'Windows 11', os.arch: 'amd64', os.version: '10.0', java.version: '1.8.0_333'
Driver info: driver.version: FirefoxDriver
	at org.openqa.selenium.firefox.FirefoxBinary.<init>(FirefoxBinary.java:116)
	at java.util.Optional.orElseGet(Optional.java:267)
	at org.openqa.selenium.firefox.FirefoxOptions.getBinary(FirefoxOptions.java:216)
	at org.openqa.selenium.firefox.FirefoxDriver.toExecutor(FirefoxDriver.java:165)
	at org.openqa.selenium.firefox.FirefoxDriver.<init>(FirefoxDriver.java:125)
	at org.openqa.selenium.firefox.FirefoxDriver.<init>(FirefoxDriver.java:103)
	at mavenUtilities.SeleniumUtility.setUp(SeleniumUtility.java:53)
	at testNgPrograms.VtigerLogin.loginInVtiger(VtigerLogin.java:40)
	at sun.reflect.NativeMethodAccessorImpl.invoke0(Native Method)
	at sun.reflect.NativeMethodAccessorImpl.invoke(NativeMethodAccessorImpl.java:62)
	at sun.reflect.DelegatingMethodAccessorImpl.invoke(DelegatingMethodAccessorImpl.java:43)
	at java.lang.reflect.Method.invoke(Method.java:498)
	at org.testng.internal.MethodInvocationHelper.invokeMethod(MethodInvocationHelper.java:85)
	at org.testng.internal.Invoker.invokeMethod(Invoker.java:639)
	at org.testng.internal.Invoker.invokeTestMethod(Invoker.java:816)
	at org.testng.internal.Invoker.invokeTestMethods(Invoker.java:1124)
	at org.testng.internal.TestMethodWorker.invokeTestMethods(TestMethodWorker.java:125)
	at org.testng.internal.TestMethodWorker.run(TestMethodWorker.java:108)
	at org.testng.TestRunner.privateRun(TestRunner.java:774)
	at org.testng.TestRunner.run(TestRunner.java:624)
	at org.testng.SuiteRunner.runTest(SuiteRunner.java:359)
	at org.testng.SuiteRunner.runSequentially(SuiteRunner.java:354)
	at org.testng.SuiteRunner.privateRun(SuiteRunner.java:312)
	at org.testng.SuiteRunner.run(SuiteRunner.java:261)
	at org.testng.SuiteRunnerWorker.runSuite(SuiteRunnerWorker.java:52)
	at org.testng.SuiteRunnerWorker.run(SuiteRunnerWorker.java:86)
	at org.testng.TestNG.runSuitesSequentially(TestNG.java:1215)
	at org.testng.TestNG.runSuitesLocally(TestNG.java:1140)
	at org.testng.TestNG.run(TestNG.java:1048)
	at org.apache.maven.surefire.testng.TestNGExecutor.run(TestNGExecutor.java:178)
	at org.apache.maven.surefire.testng.TestNGXmlTestSuite.execute(TestNGXmlTestSuite.java:92)
	at org.apache.maven.surefire.testng.TestNGProvider.invoke(TestNGProvider.java:96)
	at sun.reflect.NativeMethodAccessorImpl.invoke0(Native Method)
	at sun.reflect.NativeMethodAccessorImpl.invoke(NativeMethodAccessorImpl.java:62)
	at sun.reflect.DelegatingMethodAccessorImpl.invoke(DelegatingMethodAccessorImpl.java:43)
	at java.lang.reflect.Method.invoke(Method.java:498)
	at org.apache.maven.surefire.util.ReflectionUtils.invokeMethodWithArray(ReflectionUtils.java:189)
	at org.apache.maven.surefire.booter.ProviderFactory$ProviderProxy.invoke(ProviderFactory.java:165)
	at org.apache.maven.surefire.booter.ProviderFactory.invokeProvider(ProviderFactory.java:85)
	at org.apache.maven.surefire.booter.ForkedBooter.runSuitesInProcess(ForkedBooter.java:115)
	at org.apache.maven.surefire.booter.ForkedBooter.main(ForkedBooter.java:75)
]]>
            </full-stacktrace>
          </exception> <!-- org.openqa.selenium.WebDriverException -->
          <reporter-output>
          </reporter-output>
        </test-method> <!-- loginInVtiger -->
        <test-method status="FAIL" signature="loginInVtiger(java.lang.String, java.lang.String, java.lang.String)[pri:0, instance:testNgPrograms.VtigerLogin@56de5251]" name="loginInVtiger" duration-ms="9" started-at="2023-03-01T12:05:17Z" data-provider="getCred" finished-at="2023-03-01T12:05:17Z">
          <params>
            <param index="0">
              <value>
                <![CDATA[]]>
              </value>
            </param>
            <param index="1">
              <value>
                <![CDATA[]]>
              </value>
            </param>
            <param index="2">
              <value>
                <![CDATA[]]>
              </value>
            </param>
          </params>
          <exception class="org.openqa.selenium.NoSuchSessionException">
            <message>
              <![CDATA[invalid session id
Build info: version: '3.14.0', revision: 'aacccce0', time: '2018-08-02T20:19:58.91Z'
System info: host: 'SAMEER', ip: '192.168.0.103', os.name: 'Windows 11', os.arch: 'amd64', os.version: '10.0', java.version: '1.8.0_333'
Driver info: org.openqa.selenium.chrome.ChromeDriver
Capabilities {acceptInsecureCerts: false, browserName: chrome, browserVersion: 110.0.5481.177, chrome: {chromedriverVersion: 110.0.5481.77 (65ed616c6e8e..., userDataDir: C:\Program Files (x86)\scop...}, goog:chromeOptions: {debuggerAddress: localhost:52841}, javascriptEnabled: true, networkConnectionEnabled: false, pageLoadStrategy: normal, platform: WINDOWS, platformName: WINDOWS, proxy: Proxy(), setWindowRect: true, strictFileInteractability: false, timeouts: {implicit: 0, pageLoad: 300000, script: 30000}, unhandledPromptBehavior: dismiss and notify, webauthn:extension:credBlob: true, webauthn:extension:largeBlob: true, webauthn:virtualAuthenticators: true}
Session ID: d0c3549c6a0c9eafdb4491a97f447801]]>
            </message>
            <full-stacktrace>
              <![CDATA[org.openqa.selenium.NoSuchSessionException: invalid session id
Build info: version: '3.14.0', revision: 'aacccce0', time: '2018-08-02T20:19:58.91Z'
System info: host: 'SAMEER', ip: '192.168.0.103', os.name: 'Windows 11', os.arch: 'amd64', os.version: '10.0', java.version: '1.8.0_333'
Driver info: org.openqa.selenium.chrome.ChromeDriver
Capabilities {acceptInsecureCerts: false, browserName: chrome, browserVersion: 110.0.5481.177, chrome: {chromedriverVersion: 110.0.5481.77 (65ed616c6e8e..., userDataDir: C:\Program Files (x86)\scop...}, goog:chromeOptions: {debuggerAddress: localhost:52841}, javascriptEnabled: true, networkConnectionEnabled: false, pageLoadStrategy: normal, platform: WINDOWS, platformName: WINDOWS, proxy: Proxy(), setWindowRect: true, strictFileInteractability: false, timeouts: {implicit: 0, pageLoad: 300000, script: 30000}, unhandledPromptBehavior: dismiss and notify, webauthn:extension:credBlob: true, webauthn:extension:largeBlob: true, webauthn:virtualAuthenticators: true}
Session ID: d0c3549c6a0c9eafdb4491a97f447801
	at sun.reflect.NativeConstructorAccessorImpl.newInstance0(Native Method)
	at sun.reflect.NativeConstructorAccessorImpl.newInstance(NativeConstructorAccessorImpl.java:62)
	at sun.reflect.DelegatingConstructorAccessorImpl.newInstance(DelegatingConstructorAccessorImpl.java:45)
	at java.lang.reflect.Constructor.newInstance(Constructor.java:423)
	at org.openqa.selenium.remote.http.W3CHttpResponseCodec.createException(W3CHttpResponseCodec.java:187)
	at org.openqa.selenium.remote.http.W3CHttpResponseCodec.decode(W3CHttpResponseCodec.java:122)
	at org.openqa.selenium.remote.http.W3CHttpResponseCodec.decode(W3CHttpResponseCodec.java:49)
	at org.openqa.selenium.remote.HttpCommandExecutor.execute(HttpCommandExecutor.java:158)
	at org.openqa.selenium.remote.service.DriverCommandExecutor.execute(DriverCommandExecutor.java:83)
	at org.openqa.selenium.remote.RemoteWebDriver.execute(RemoteWebDriver.java:548)
	at org.openqa.selenium.remote.RemoteWebDriver.execute(RemoteWebDriver.java:605)
	at org.openqa.selenium.remote.RemoteWebDriver$RemoteWebDriverOptions$RemoteWindow.maximize(RemoteWebDriver.java:833)
	at mavenUtilities.SeleniumUtility.setUp(SeleniumUtility.java:58)
	at testNgPrograms.VtigerLogin.loginInVtiger(VtigerLogin.java:40)
	at sun.reflect.NativeMethodAccessorImpl.invoke0(Native Method)
	at sun.reflect.NativeMethodAccessorImpl.invoke(NativeMethodAccessorImpl.java:62)
	at sun.reflect.DelegatingMethodAccessorImpl.invoke(DelegatingMethodAccessorImpl.java:43)
	at java.lang.reflect.Method.invoke(Method.java:498)
	at org.testng.internal.MethodInvocationHelper.invokeMethod(MethodInvocationHelper.java:85)
	at org.testng.internal.Invoker.invokeMethod(Invoker.java:639)
	at org.testng.internal.Invoker.invokeTestMethod(Invoker.java:816)
	at org.testng.internal.Invoker.invokeTestMethods(Invoker.java:1124)
	at org.testng.internal.TestMethodWorker.invokeTestMethods(TestMethodWorker.java:125)
	at org.testng.internal.TestMethodWorker.run(TestMethodWorker.java:108)
	at org.testng.TestRunner.privateRun(TestRunner.java:774)
	at org.testng.TestRunner.run(TestRunner.java:624)
	at org.testng.SuiteRunner.runTest(SuiteRunner.java:359)
	at org.testng.SuiteRunner.runSequentially(SuiteRunner.java:354)
	at org.testng.SuiteRunner.privateRun(SuiteRunner.java:312)
	at org.testng.SuiteRunner.run(SuiteRunner.java:261)
	at org.testng.SuiteRunnerWorker.runSuite(SuiteRunnerWorker.java:52)
	at org.testng.SuiteRunnerWorker.run(SuiteRunnerWorker.java:86)
	at org.testng.TestNG.runSuitesSequentially(TestNG.java:1215)
	at org.testng.TestNG.runSuitesLocally(TestNG.java:1140)
	at org.testng.TestNG.run(TestNG.java:1048)
	at org.apache.maven.surefire.testng.TestNGExecutor.run(TestNGExecutor.java:178)
	at org.apache.maven.surefire.testng.TestNGXmlTestSuite.execute(TestNGXmlTestSuite.java:92)
	at org.apache.maven.surefire.testng.TestNGProvider.invoke(TestNGProvider.java:96)
	at sun.reflect.NativeMethodAccessorImpl.invoke0(Native Method)
	at sun.reflect.NativeMethodAccessorImpl.invoke(NativeMethodAccessorImpl.java:62)
	at sun.reflect.DelegatingMethodAccessorImpl.invoke(DelegatingMethodAccessorImpl.java:43)
	at java.lang.reflect.Method.invoke(Method.java:498)
	at org.apache.maven.surefire.util.ReflectionUtils.invokeMethodWithArray(ReflectionUtils.java:189)
	at org.apache.maven.surefire.booter.ProviderFactory$ProviderProxy.invoke(ProviderFactory.java:165)
	at org.apache.maven.surefire.booter.ProviderFactory.invokeProvider(ProviderFactory.java:85)
	at org.apache.maven.surefire.booter.ForkedBooter.runSuitesInProcess(ForkedBooter.java:115)
	at org.apache.maven.surefire.booter.ForkedBooter.main(ForkedBooter.java:75)
]]>
            </full-stacktrace>
          </exception> <!-- org.openqa.selenium.NoSuchSessionException -->
          <reporter-output>
          </reporter-output>
        </test-method> <!-- loginInVtiger -->
      </class> <!-- testNgPrograms.VtigerLogin -->
      <class name="testNgPrograms.ParallelExecutionOfMethods">
        <test-method status="PASS" signature="testCaseTwo()[pri:0, instance:testNgPrograms.ParallelExecutionOfMethods@78aab498]" name="testCaseTwo" duration-ms="1" started-at="2023-03-01T12:06:26Z" finished-at="2023-03-01T12:06:26Z">
          <reporter-output>
          </reporter-output>
        </test-method> <!-- testCaseTwo -->
        <test-method status="PASS" signature="testCaseOne()[pri:0, instance:testNgPrograms.ParallelExecutionOfMethods@78aab498]" name="testCaseOne" duration-ms="0" started-at="2023-03-01T12:06:26Z" finished-at="2023-03-01T12:06:26Z">
          <reporter-output>
          </reporter-output>
        </test-method> <!-- testCaseOne -->
      </class> <!-- testNgPrograms.ParallelExecutionOfMethods -->
      <class name="testNgPrograms.Sample3">
        <test-method status="PASS" signature="login()[pri:0, instance:testNgPrograms.Sample3@6b26e945]" name="login" duration-ms="0" started-at="2023-03-01T11:59:54Z" finished-at="2023-03-01T11:59:54Z">
          <reporter-output>
          </reporter-output>
        </test-method> <!-- login -->
        <test-method status="PASS" signature="signUp()[pri:0, instance:testNgPrograms.Sample3@6b26e945]" name="signUp" duration-ms="0" started-at="2023-03-01T11:59:54Z" finished-at="2023-03-01T11:59:54Z">
          <reporter-output>
          </reporter-output>
        </test-method> <!-- signUp -->
        <test-method status="PASS" signature="compose()[pri:0, instance:testNgPrograms.Sample3@6b26e945]" name="compose" duration-ms="0" started-at="2023-03-01T11:59:54Z" finished-at="2023-03-01T11:59:54Z">
          <reporter-output>
          </reporter-output>
        </test-method> <!-- compose -->
      </class> <!-- testNgPrograms.Sample3 -->
      <class name="testNgPrograms.Sample2">
        <test-method status="PASS" signature="testCase3()[pri:0, instance:testNgPrograms.Sample2@63a65a25]" name="testCase3" duration-ms="0" started-at="2023-03-01T11:59:54Z" finished-at="2023-03-01T11:59:54Z">
          <reporter-output>
          </reporter-output>
        </test-method> <!-- testCase3 -->
        <test-method status="PASS" signature="testCase1()[pri:0, instance:testNgPrograms.Sample2@63a65a25]" name="testCase1" duration-ms="0" started-at="2023-03-01T11:59:54Z" finished-at="2023-03-01T11:59:54Z">
          <reporter-output>
          </reporter-output>
        </test-method> <!-- testCase1 -->
        <test-method status="PASS" signature="testCase2()[pri:0, instance:testNgPrograms.Sample2@63a65a25]" name="testCase2" duration-ms="0" started-at="2023-03-01T11:59:54Z" finished-at="2023-03-01T11:59:54Z">
          <reporter-output>
          </reporter-output>
        </test-method> <!-- testCase2 -->
      </class> <!-- testNgPrograms.Sample2 -->
      <class name="testNgPrograms.Sample4">
        <test-method status="PASS" signature="b_login()[pri:0, instance:testNgPrograms.Sample4@25d250c6]" name="b_login" duration-ms="1" started-at="2023-03-01T11:59:54Z" finished-at="2023-03-01T11:59:54Z">
          <reporter-output>
          </reporter-output>
        </test-method> <!-- b_login -->
        <test-method status="PASS" signature="c_compose()[pri:0, instance:testNgPrograms.Sample4@25d250c6]" name="c_compose" duration-ms="0" started-at="2023-03-01T11:59:54Z" finished-at="2023-03-01T11:59:54Z">
          <reporter-output>
          </reporter-output>
        </test-method> <!-- c_compose -->
        <test-method status="PASS" signature="a_signUp()[pri:0, instance:testNgPrograms.Sample4@25d250c6]" name="a_signUp" duration-ms="0" started-at="2023-03-01T11:59:54Z" finished-at="2023-03-01T11:59:54Z">
          <reporter-output>
          </reporter-output>
        </test-method> <!-- a_signUp -->
      </class> <!-- testNgPrograms.Sample4 -->
      <class name="testNgPrograms.TestCaseDependency">
        <test-method status="PASS" signature="testGoogleLandingPage()[pri:0, instance:testNgPrograms.TestCaseDependency@7a4ccb53]" name="testGoogleLandingPage" duration-ms="21" started-at="2023-03-01T12:05:38Z" finished-at="2023-03-01T12:05:38Z">
          <reporter-output>
          </reporter-output>
        </test-method> <!-- testGoogleLandingPage -->
        <test-method status="PASS" signature="testSearch()[pri:0, instance:testNgPrograms.TestCaseDependency@7a4ccb53]" name="testSearch" duration-ms="3952" started-at="2023-03-01T12:06:45Z" depends-on-methods="testNgPrograms.TestCaseDependency.testGoogleLandingPage" finished-at="2023-03-01T12:06:49Z">
          <reporter-output>
          </reporter-output>
        </test-method> <!-- testSearch -->
      </class> <!-- testNgPrograms.TestCaseDependency -->
      <class name="testNgPrograms.Sample1">
        <test-method status="PASS" signature="testCase1()[pri:0, instance:testNgPrograms.Sample1@54c562f7]" name="testCase1" duration-ms="0" started-at="2023-03-01T11:59:54Z" finished-at="2023-03-01T11:59:54Z">
          <reporter-output>
          </reporter-output>
        </test-method> <!-- testCase1 -->
      </class> <!-- testNgPrograms.Sample1 -->
      <class name="testNgPrograms.Actitime_Timeout">
        <test-method status="FAIL" signature="openBrowserAndAppURL()[pri:0, instance:testNgPrograms.Actitime_Timeout@6dbb137d]" name="openBrowserAndAppURL" duration-ms="211" started-at="2023-03-01T11:59:54Z" finished-at="2023-03-01T11:59:54Z">
          <exception class="org.testng.internal.thread.ThreadTimeoutException">
            <message>
              <![CDATA[Method org.testng.internal.TestNGMethod.openBrowserAndAppURL() didn't finish within the time-out 200]]>
            </message>
            <full-stacktrace>
              <![CDATA[org.testng.internal.thread.ThreadTimeoutException: Method org.testng.internal.TestNGMethod.openBrowserAndAppURL() didn't finish within the time-out 200
	at java.lang.Thread.sleep(Native Method)
	at testNgPrograms.Actitime_Timeout.openBrowserAndAppURL(Actitime_Timeout.java:10)
	at sun.reflect.NativeMethodAccessorImpl.invoke0(Native Method)
	at sun.reflect.NativeMethodAccessorImpl.invoke(NativeMethodAccessorImpl.java:62)
	at sun.reflect.DelegatingMethodAccessorImpl.invoke(DelegatingMethodAccessorImpl.java:43)
	at java.lang.reflect.Method.invoke(Method.java:498)
	at org.testng.internal.MethodInvocationHelper.invokeMethod(MethodInvocationHelper.java:85)
	at org.testng.internal.InvokeMethodRunnable.runOne(InvokeMethodRunnable.java:54)
	at org.testng.internal.InvokeMethodRunnable.run(InvokeMethodRunnable.java:44)
	at java.util.concurrent.Executors$RunnableAdapter.call(Executors.java:511)
	at java.util.concurrent.FutureTask.run(FutureTask.java:266)
	at java.util.concurrent.ThreadPoolExecutor.runWorker(ThreadPoolExecutor.java:1149)
	at java.util.concurrent.ThreadPoolExecutor$Worker.run(ThreadPoolExecutor.java:624)
	at java.lang.Thread.run(Thread.java:750)
]]>
            </full-stacktrace>
          </exception> <!-- org.testng.internal.thread.ThreadTimeoutException -->
          <reporter-output>
          </reporter-output>
        </test-method> <!-- openBrowserAndAppURL -->
      </class> <!-- testNgPrograms.Actitime_Timeout -->
      <class name="testNgPrograms.GoogleApplicationWithBeforeAfterTest">
        <test-method status="FAIL" signature="testGoogleLandingPage()[pri:0, instance:testNgPrograms.GoogleApplicationWithBeforeAfterTest@309e345f]" name="testGoogleLandingPage" duration-ms="86" started-at="2023-03-01T12:05:58Z" finished-at="2023-03-01T12:05:58Z">
          <exception class="org.openqa.selenium.NoSuchSessionException">
            <message>
              <![CDATA[invalid session id
Build info: version: '3.14.0', revision: 'aacccce0', time: '2018-08-02T20:19:58.91Z'
System info: host: 'SAMEER', ip: '192.168.0.103', os.name: 'Windows 11', os.arch: 'amd64', os.version: '10.0', java.version: '1.8.0_333'
Driver info: org.openqa.selenium.chrome.ChromeDriver
Capabilities {acceptInsecureCerts: false, browserName: chrome, browserVersion: 110.0.5481.177, chrome: {chromedriverVersion: 110.0.5481.77 (65ed616c6e8e..., userDataDir: C:\Program Files (x86)\scop...}, goog:chromeOptions: {debuggerAddress: localhost:52986}, javascriptEnabled: true, networkConnectionEnabled: false, pageLoadStrategy: normal, platform: WINDOWS, platformName: WINDOWS, proxy: Proxy(), setWindowRect: true, strictFileInteractability: false, timeouts: {implicit: 0, pageLoad: 300000, script: 30000}, unhandledPromptBehavior: dismiss and notify, webauthn:extension:credBlob: true, webauthn:extension:largeBlob: true, webauthn:virtualAuthenticators: true}
Session ID: 887bcb95cf26b466d00c79334a16afd7]]>
            </message>
            <full-stacktrace>
              <![CDATA[org.openqa.selenium.NoSuchSessionException: invalid session id
Build info: version: '3.14.0', revision: 'aacccce0', time: '2018-08-02T20:19:58.91Z'
System info: host: 'SAMEER', ip: '192.168.0.103', os.name: 'Windows 11', os.arch: 'amd64', os.version: '10.0', java.version: '1.8.0_333'
Driver info: org.openqa.selenium.chrome.ChromeDriver
Capabilities {acceptInsecureCerts: false, browserName: chrome, browserVersion: 110.0.5481.177, chrome: {chromedriverVersion: 110.0.5481.77 (65ed616c6e8e..., userDataDir: C:\Program Files (x86)\scop...}, goog:chromeOptions: {debuggerAddress: localhost:52986}, javascriptEnabled: true, networkConnectionEnabled: false, pageLoadStrategy: normal, platform: WINDOWS, platformName: WINDOWS, proxy: Proxy(), setWindowRect: true, strictFileInteractability: false, timeouts: {implicit: 0, pageLoad: 300000, script: 30000}, unhandledPromptBehavior: dismiss and notify, webauthn:extension:credBlob: true, webauthn:extension:largeBlob: true, webauthn:virtualAuthenticators: true}
Session ID: 887bcb95cf26b466d00c79334a16afd7
	at sun.reflect.NativeConstructorAccessorImpl.newInstance0(Native Method)
	at sun.reflect.NativeConstructorAccessorImpl.newInstance(NativeConstructorAccessorImpl.java:62)
	at sun.reflect.DelegatingConstructorAccessorImpl.newInstance(DelegatingConstructorAccessorImpl.java:45)
	at java.lang.reflect.Constructor.newInstance(Constructor.java:423)
	at org.openqa.selenium.remote.http.W3CHttpResponseCodec.createException(W3CHttpResponseCodec.java:187)
	at org.openqa.selenium.remote.http.W3CHttpResponseCodec.decode(W3CHttpResponseCodec.java:122)
	at org.openqa.selenium.remote.http.W3CHttpResponseCodec.decode(W3CHttpResponseCodec.java:49)
	at org.openqa.selenium.remote.HttpCommandExecutor.execute(HttpCommandExecutor.java:158)
	at org.openqa.selenium.remote.service.DriverCommandExecutor.execute(DriverCommandExecutor.java:83)
	at org.openqa.selenium.remote.RemoteWebDriver.execute(RemoteWebDriver.java:548)
	at org.openqa.selenium.remote.RemoteWebDriver.execute(RemoteWebDriver.java:605)
	at org.openqa.selenium.remote.RemoteWebDriver.getTitle(RemoteWebDriver.java:280)
	at mavenUtilities.SeleniumUtility.getCurrentTitleOfApplication(SeleniumUtility.java:114)
	at testNgPrograms.GoogleApplicationWithBeforeAfterTest.testGoogleLandingPage(GoogleApplicationWithBeforeAfterTest.java:29)
	at sun.reflect.NativeMethodAccessorImpl.invoke0(Native Method)
	at sun.reflect.NativeMethodAccessorImpl.invoke(NativeMethodAccessorImpl.java:62)
	at sun.reflect.DelegatingMethodAccessorImpl.invoke(DelegatingMethodAccessorImpl.java:43)
	at java.lang.reflect.Method.invoke(Method.java:498)
	at org.testng.internal.MethodInvocationHelper.invokeMethod(MethodInvocationHelper.java:85)
	at org.testng.internal.Invoker.invokeMethod(Invoker.java:639)
	at org.testng.internal.Invoker.invokeTestMethod(Invoker.java:816)
	at org.testng.internal.Invoker.invokeTestMethods(Invoker.java:1124)
	at org.testng.internal.TestMethodWorker.invokeTestMethods(TestMethodWorker.java:125)
	at org.testng.internal.TestMethodWorker.run(TestMethodWorker.java:108)
	at org.testng.TestRunner.privateRun(TestRunner.java:774)
	at org.testng.TestRunner.run(TestRunner.java:624)
	at org.testng.SuiteRunner.runTest(SuiteRunner.java:359)
	at org.testng.SuiteRunner.runSequentially(SuiteRunner.java:354)
	at org.testng.SuiteRunner.privateRun(SuiteRunner.java:312)
	at org.testng.SuiteRunner.run(SuiteRunner.java:261)
	at org.testng.SuiteRunnerWorker.runSuite(SuiteRunnerWorker.java:52)
	at org.testng.SuiteRunnerWorker.run(SuiteRunnerWorker.java:86)
	at org.testng.TestNG.runSuitesSequentially(TestNG.java:1215)
	at org.testng.TestNG.runSuitesLocally(TestNG.java:1140)
	at org.testng.TestNG.run(TestNG.java:1048)
	at org.apache.maven.surefire.testng.TestNGExecutor.run(TestNGExecutor.java:178)
	at org.apache.maven.surefire.testng.TestNGXmlTestSuite.execute(TestNGXmlTestSuite.java:92)
	at org.apache.maven.surefire.testng.TestNGProvider.invoke(TestNGProvider.java:96)
	at sun.reflect.NativeMethodAccessorImpl.invoke0(Native Method)
	at sun.reflect.NativeMethodAccessorImpl.invoke(NativeMethodAccessorImpl.java:62)
	at sun.reflect.DelegatingMethodAccessorImpl.invoke(DelegatingMethodAccessorImpl.java:43)
	at java.lang.reflect.Method.invoke(Method.java:498)
	at org.apache.maven.surefire.util.ReflectionUtils.invokeMethodWithArray(ReflectionUtils.java:189)
	at org.apache.maven.surefire.booter.ProviderFactory$ProviderProxy.invoke(ProviderFactory.java:165)
	at org.apache.maven.surefire.booter.ProviderFactory.invokeProvider(ProviderFactory.java:85)
	at org.apache.maven.surefire.booter.ForkedBooter.runSuitesInProcess(ForkedBooter.java:115)
	at org.apache.maven.surefire.booter.ForkedBooter.main(ForkedBooter.java:75)
]]>
            </full-stacktrace>
          </exception> <!-- org.openqa.selenium.NoSuchSessionException -->
          <reporter-output>
          </reporter-output>
        </test-method> <!-- testGoogleLandingPage -->
        <test-method status="FAIL" signature="testSearch()[pri:0, instance:testNgPrograms.GoogleApplicationWithBeforeAfterTest@309e345f]" name="testSearch" duration-ms="2" started-at="2023-03-01T12:05:58Z" finished-at="2023-03-01T12:05:58Z">
          <exception class="org.openqa.selenium.NoSuchSessionException">
            <message>
              <![CDATA[invalid session id
Build info: version: '3.14.0', revision: 'aacccce0', time: '2018-08-02T20:19:58.91Z'
System info: host: 'SAMEER', ip: '192.168.0.103', os.name: 'Windows 11', os.arch: 'amd64', os.version: '10.0', java.version: '1.8.0_333'
Driver info: org.openqa.selenium.chrome.ChromeDriver
Capabilities {acceptInsecureCerts: false, browserName: chrome, browserVersion: 110.0.5481.177, chrome: {chromedriverVersion: 110.0.5481.77 (65ed616c6e8e..., userDataDir: C:\Program Files (x86)\scop...}, goog:chromeOptions: {debuggerAddress: localhost:52986}, javascriptEnabled: true, networkConnectionEnabled: false, pageLoadStrategy: normal, platform: WINDOWS, platformName: WINDOWS, proxy: Proxy(), setWindowRect: true, strictFileInteractability: false, timeouts: {implicit: 0, pageLoad: 300000, script: 30000}, unhandledPromptBehavior: dismiss and notify, webauthn:extension:credBlob: true, webauthn:extension:largeBlob: true, webauthn:virtualAuthenticators: true}
Session ID: 887bcb95cf26b466d00c79334a16afd7]]>
            </message>
            <full-stacktrace>
              <![CDATA[org.openqa.selenium.NoSuchSessionException: invalid session id
Build info: version: '3.14.0', revision: 'aacccce0', time: '2018-08-02T20:19:58.91Z'
System info: host: 'SAMEER', ip: '192.168.0.103', os.name: 'Windows 11', os.arch: 'amd64', os.version: '10.0', java.version: '1.8.0_333'
Driver info: org.openqa.selenium.chrome.ChromeDriver
Capabilities {acceptInsecureCerts: false, browserName: chrome, browserVersion: 110.0.5481.177, chrome: {chromedriverVersion: 110.0.5481.77 (65ed616c6e8e..., userDataDir: C:\Program Files (x86)\scop...}, goog:chromeOptions: {debuggerAddress: localhost:52986}, javascriptEnabled: true, networkConnectionEnabled: false, pageLoadStrategy: normal, platform: WINDOWS, platformName: WINDOWS, proxy: Proxy(), setWindowRect: true, strictFileInteractability: false, timeouts: {implicit: 0, pageLoad: 300000, script: 30000}, unhandledPromptBehavior: dismiss and notify, webauthn:extension:credBlob: true, webauthn:extension:largeBlob: true, webauthn:virtualAuthenticators: true}
Session ID: 887bcb95cf26b466d00c79334a16afd7
	at sun.reflect.NativeConstructorAccessorImpl.newInstance0(Native Method)
	at sun.reflect.NativeConstructorAccessorImpl.newInstance(NativeConstructorAccessorImpl.java:62)
	at sun.reflect.DelegatingConstructorAccessorImpl.newInstance(DelegatingConstructorAccessorImpl.java:45)
	at java.lang.reflect.Constructor.newInstance(Constructor.java:423)
	at org.openqa.selenium.remote.http.W3CHttpResponseCodec.createException(W3CHttpResponseCodec.java:187)
	at org.openqa.selenium.remote.http.W3CHttpResponseCodec.decode(W3CHttpResponseCodec.java:122)
	at org.openqa.selenium.remote.http.W3CHttpResponseCodec.decode(W3CHttpResponseCodec.java:49)
	at org.openqa.selenium.remote.HttpCommandExecutor.execute(HttpCommandExecutor.java:158)
	at org.openqa.selenium.remote.service.DriverCommandExecutor.execute(DriverCommandExecutor.java:83)
	at org.openqa.selenium.remote.RemoteWebDriver.execute(RemoteWebDriver.java:548)
	at org.openqa.selenium.remote.RemoteWebDriver.execute(RemoteWebDriver.java:605)
	at org.openqa.selenium.remote.RemoteWebDriver$RemoteTargetLocator.activeElement(RemoteWebDriver.java:923)
	at mavenUtilities.SeleniumUtility.getActiveWebElement(SeleniumUtility.java:119)
	at testNgPrograms.GoogleApplicationWithBeforeAfterTest.testSearch(GoogleApplicationWithBeforeAfterTest.java:35)
	at sun.reflect.NativeMethodAccessorImpl.invoke0(Native Method)
	at sun.reflect.NativeMethodAccessorImpl.invoke(NativeMethodAccessorImpl.java:62)
	at sun.reflect.DelegatingMethodAccessorImpl.invoke(DelegatingMethodAccessorImpl.java:43)
	at java.lang.reflect.Method.invoke(Method.java:498)
	at org.testng.internal.MethodInvocationHelper.invokeMethod(MethodInvocationHelper.java:85)
	at org.testng.internal.Invoker.invokeMethod(Invoker.java:639)
	at org.testng.internal.Invoker.invokeTestMethod(Invoker.java:816)
	at org.testng.internal.Invoker.invokeTestMethods(Invoker.java:1124)
	at org.testng.internal.TestMethodWorker.invokeTestMethods(TestMethodWorker.java:125)
	at org.testng.internal.TestMethodWorker.run(TestMethodWorker.java:108)
	at org.testng.TestRunner.privateRun(TestRunner.java:774)
	at org.testng.TestRunner.run(TestRunner.java:624)
	at org.testng.SuiteRunner.runTest(SuiteRunner.java:359)
	at org.testng.SuiteRunner.runSequentially(SuiteRunner.java:354)
	at org.testng.SuiteRunner.privateRun(SuiteRunner.java:312)
	at org.testng.SuiteRunner.run(SuiteRunner.java:261)
	at org.testng.SuiteRunnerWorker.runSuite(SuiteRunnerWorker.java:52)
	at org.testng.SuiteRunnerWorker.run(SuiteRunnerWorker.java:86)
	at org.testng.TestNG.runSuitesSequentially(TestNG.java:1215)
	at org.testng.TestNG.runSuitesLocally(TestNG.java:1140)
	at org.testng.TestNG.run(TestNG.java:1048)
	at org.apache.maven.surefire.testng.TestNGExecutor.run(TestNGExecutor.java:178)
	at org.apache.maven.surefire.testng.TestNGXmlTestSuite.execute(TestNGXmlTestSuite.java:92)
	at org.apache.maven.surefire.testng.TestNGProvider.invoke(TestNGProvider.java:96)
	at sun.reflect.NativeMethodAccessorImpl.invoke0(Native Method)
	at sun.reflect.NativeMethodAccessorImpl.invoke(NativeMethodAccessorImpl.java:62)
	at sun.reflect.DelegatingMethodAccessorImpl.invoke(DelegatingMethodAccessorImpl.java:43)
	at java.lang.reflect.Method.invoke(Method.java:498)
	at org.apache.maven.surefire.util.ReflectionUtils.invokeMethodWithArray(ReflectionUtils.java:189)
	at org.apache.maven.surefire.booter.ProviderFactory$ProviderProxy.invoke(ProviderFactory.java:165)
	at org.apache.maven.surefire.booter.ProviderFactory.invokeProvider(ProviderFactory.java:85)
	at org.apache.maven.surefire.booter.ForkedBooter.runSuitesInProcess(ForkedBooter.java:115)
	at org.apache.maven.surefire.booter.ForkedBooter.main(ForkedBooter.java:75)
]]>
            </full-stacktrace>
          </exception> <!-- org.openqa.selenium.NoSuchSessionException -->
          <reporter-output>
          </reporter-output>
        </test-method> <!-- testSearch -->
      </class> <!-- testNgPrograms.GoogleApplicationWithBeforeAfterTest -->
      <class name="testNgPrograms.Actitime_Enabled">
        <test-method status="PASS" signature="openBrowserAndAppURL()[pri:0, instance:testNgPrograms.Actitime_Enabled@318ba8c8]" name="openBrowserAndAppURL" duration-ms="0" started-at="2023-03-01T11:59:54Z" finished-at="2023-03-01T11:59:54Z">
          <reporter-output>
          </reporter-output>
        </test-method> <!-- openBrowserAndAppURL -->
        <test-method status="PASS" signature="createTask()[pri:0, instance:testNgPrograms.Actitime_Enabled@318ba8c8]" name="createTask" duration-ms="0" started-at="2023-03-01T11:59:54Z" finished-at="2023-03-01T11:59:54Z">
          <reporter-output>
          </reporter-output>
        </test-method> <!-- createTask -->
      </class> <!-- testNgPrograms.Actitime_Enabled -->
      <class name="testNgPrograms.Actitime_Priority">
        <test-method status="PASS" signature="openBrowserAndAppURL()[pri:1, instance:testNgPrograms.Actitime_Priority@647fd8ce]" name="openBrowserAndAppURL" duration-ms="0" started-at="2023-03-01T12:06:26Z" description="Open browser and enter URL" finished-at="2023-03-01T12:06:26Z">
          <reporter-output>
          </reporter-output>
        </test-method> <!-- openBrowserAndAppURL -->
        <test-method status="PASS" signature="login()[pri:2, instance:testNgPrograms.Actitime_Priority@647fd8ce]" name="login" duration-ms="0" started-at="2023-03-01T12:06:45Z" finished-at="2023-03-01T12:06:45Z">
          <reporter-output>
          </reporter-output>
        </test-method> <!-- login -->
        <test-method status="PASS" signature="createTask()[pri:3, instance:testNgPrograms.Actitime_Priority@647fd8ce]" name="createTask" duration-ms="0" started-at="2023-03-01T12:06:45Z" finished-at="2023-03-01T12:06:45Z">
          <reporter-output>
          </reporter-output>
        </test-method> <!-- createTask -->
        <test-method status="PASS" signature="logoutClose()[pri:4, instance:testNgPrograms.Actitime_Priority@647fd8ce]" name="logoutClose" duration-ms="1" started-at="2023-03-01T12:06:45Z" finished-at="2023-03-01T12:06:45Z">
          <reporter-output>
          </reporter-output>
        </test-method> <!-- logoutClose -->
      </class> <!-- testNgPrograms.Actitime_Priority -->
      <class name="testNgPrograms.TestCaseExecutionControl">
        <test-method status="PASS" signature="testCaseSignup()[pri:0, instance:testNgPrograms.TestCaseExecutionControl@3c9d0b9d]" name="testCaseSignup" duration-ms="1" started-at="2023-03-01T11:59:54Z" finished-at="2023-03-01T11:59:54Z">
          <reporter-output>
          </reporter-output>
        </test-method> <!-- testCaseSignup -->
        <test-method status="PASS" signature="testCaseLogin()[pri:1, instance:testNgPrograms.TestCaseExecutionControl@3c9d0b9d]" name="testCaseLogin" duration-ms="0" started-at="2023-03-01T12:06:26Z" finished-at="2023-03-01T12:06:26Z">
          <reporter-output>
          </reporter-output>
        </test-method> <!-- testCaseLogin -->
        <test-method status="PASS" signature="testCaseCreation()[pri:5, instance:testNgPrograms.TestCaseExecutionControl@3c9d0b9d]" name="testCaseCreation" duration-ms="0" started-at="2023-03-01T12:06:45Z" finished-at="2023-03-01T12:06:45Z">
          <reporter-output>
          </reporter-output>
        </test-method> <!-- testCaseCreation -->
      </class> <!-- testNgPrograms.TestCaseExecutionControl -->
      <class name="testNgPrograms.FirstTestNgWebScript">
        <test-method status="PASS" signature="testCase1()[pri:0, instance:testNgPrograms.FirstTestNgWebScript@419c5f1a]" name="testCase1" duration-ms="3460" started-at="2023-03-01T12:05:17Z" finished-at="2023-03-01T12:05:21Z">
          <reporter-output>
          </reporter-output>
        </test-method> <!-- testCase1 -->
      </class> <!-- testNgPrograms.FirstTestNgWebScript -->
      <class name="testNgPrograms.VtigerApplicationTesting">
        <test-method status="FAIL" signature="setUp()[pri:0, instance:testNgPrograms.VtigerApplicationTesting@2f112965]" name="setUp" is-config="true" duration-ms="0" started-at="2023-03-01T11:59:55Z" finished-at="2023-03-01T11:59:55Z">
          <exception class="java.lang.IllegalStateException">
            <message>
              <![CDATA[The driver executable does not exist: E:\Selenium Softwares\chromedriver_win32\chromedriver.exe]]>
            </message>
            <full-stacktrace>
              <![CDATA[java.lang.IllegalStateException: The driver executable does not exist: E:\Selenium Softwares\chromedriver_win32\chromedriver.exe
	at com.google.common.base.Preconditions.checkState(Preconditions.java:585)
	at org.openqa.selenium.remote.service.DriverService.checkExecutable(DriverService.java:137)
	at org.openqa.selenium.remote.service.DriverService.findExecutable(DriverService.java:132)
	at org.openqa.selenium.chrome.ChromeDriverService.access$000(ChromeDriverService.java:35)
	at org.openqa.selenium.chrome.ChromeDriverService$Builder.findDefaultExecutable(ChromeDriverService.java:156)
	at org.openqa.selenium.remote.service.DriverService$Builder.build(DriverService.java:346)
	at org.openqa.selenium.chrome.ChromeDriverService.createDefaultService(ChromeDriverService.java:91)
	at org.openqa.selenium.chrome.ChromeDriver.<init>(ChromeDriver.java:123)
	at testNgPrograms.SuperNG.startUp(SuperNG.java:40)
	at testNgPrograms.SuperNG.setUp(SuperNG.java:26)
	at sun.reflect.NativeMethodAccessorImpl.invoke0(Native Method)
	at sun.reflect.NativeMethodAccessorImpl.invoke(NativeMethodAccessorImpl.java:62)
	at sun.reflect.DelegatingMethodAccessorImpl.invoke(DelegatingMethodAccessorImpl.java:43)
	at java.lang.reflect.Method.invoke(Method.java:498)
	at org.testng.internal.MethodInvocationHelper.invokeMethod(MethodInvocationHelper.java:85)
	at org.testng.internal.Invoker.invokeConfigurationMethod(Invoker.java:510)
	at org.testng.internal.Invoker.invokeConfigurations(Invoker.java:211)
	at org.testng.internal.Invoker.invokeMethod(Invoker.java:585)
	at org.testng.internal.Invoker.invokeTestMethod(Invoker.java:816)
	at org.testng.internal.Invoker.invokeTestMethods(Invoker.java:1124)
	at org.testng.internal.TestMethodWorker.invokeTestMethods(TestMethodWorker.java:125)
	at org.testng.internal.TestMethodWorker.run(TestMethodWorker.java:108)
	at org.testng.TestRunner.privateRun(TestRunner.java:774)
	at org.testng.TestRunner.run(TestRunner.java:624)
	at org.testng.SuiteRunner.runTest(SuiteRunner.java:359)
	at org.testng.SuiteRunner.runSequentially(SuiteRunner.java:354)
	at org.testng.SuiteRunner.privateRun(SuiteRunner.java:312)
	at org.testng.SuiteRunner.run(SuiteRunner.java:261)
	at org.testng.SuiteRunnerWorker.runSuite(SuiteRunnerWorker.java:52)
	at org.testng.SuiteRunnerWorker.run(SuiteRunnerWorker.java:86)
	at org.testng.TestNG.runSuitesSequentially(TestNG.java:1215)
	at org.testng.TestNG.runSuitesLocally(TestNG.java:1140)
	at org.testng.TestNG.run(TestNG.java:1048)
	at org.apache.maven.surefire.testng.TestNGExecutor.run(TestNGExecutor.java:178)
	at org.apache.maven.surefire.testng.TestNGXmlTestSuite.execute(TestNGXmlTestSuite.java:92)
	at org.apache.maven.surefire.testng.TestNGProvider.invoke(TestNGProvider.java:96)
	at sun.reflect.NativeMethodAccessorImpl.invoke0(Native Method)
	at sun.reflect.NativeMethodAccessorImpl.invoke(NativeMethodAccessorImpl.java:62)
	at sun.reflect.DelegatingMethodAccessorImpl.invoke(DelegatingMethodAccessorImpl.java:43)
	at java.lang.reflect.Method.invoke(Method.java:498)
	at org.apache.maven.surefire.util.ReflectionUtils.invokeMethodWithArray(ReflectionUtils.java:189)
	at org.apache.maven.surefire.booter.ProviderFactory$ProviderProxy.invoke(ProviderFactory.java:165)
	at org.apache.maven.surefire.booter.ProviderFactory.invokeProvider(ProviderFactory.java:85)
	at org.apache.maven.surefire.booter.ForkedBooter.runSuitesInProcess(ForkedBooter.java:115)
	at org.apache.maven.surefire.booter.ForkedBooter.main(ForkedBooter.java:75)
]]>
            </full-stacktrace>
          </exception> <!-- java.lang.IllegalStateException -->
          <reporter-output>
          </reporter-output>
        </test-method> <!-- setUp -->
        <test-method status="SKIP" signature="testLandingOfVtiger()[pri:0, instance:testNgPrograms.VtigerApplicationTesting@2f112965]" name="testLandingOfVtiger" duration-ms="1" started-at="2023-03-01T11:59:55Z" finished-at="2023-03-01T11:59:55Z">
          <reporter-output>
          </reporter-output>
        </test-method> <!-- testLandingOfVtiger -->
        <test-method status="SKIP" signature="tearDown()[pri:0, instance:testNgPrograms.VtigerApplicationTesting@2f112965]" name="tearDown" is-config="true" duration-ms="0" started-at="2023-03-01T11:59:55Z" finished-at="2023-03-01T11:59:55Z">
          <reporter-output>
          </reporter-output>
        </test-method> <!-- tearDown -->
        <test-method status="SKIP" signature="startUp(java.lang.String, java.lang.String)[pri:0, instance:testNgPrograms.VtigerApplicationTesting@2f112965]" name="startUp" duration-ms="0" started-at="2023-03-01T11:59:55Z" finished-at="2023-03-01T11:59:55Z">
          <exception class="org.testng.TestNGException">
            <message>
              <![CDATA[
Method startUp requires 2 parameters but 0 were supplied in the @Test annotation.]]>
            </message>
            <full-stacktrace>
              <![CDATA[org.testng.TestNGException: 
Method startUp requires 2 parameters but 0 were supplied in the @Test annotation.
	at org.testng.internal.Parameters.checkParameterTypes(Parameters.java:191)
	at org.testng.internal.Parameters.createParameters(Parameters.java:127)
	at org.testng.internal.Parameters.createParameters(Parameters.java:376)
	at org.testng.internal.Parameters.handleParameters(Parameters.java:451)
	at org.testng.internal.Invoker.handleParameters(Invoker.java:1270)
	at org.testng.internal.Invoker.createParameters(Invoker.java:985)
	at org.testng.internal.Invoker.invokeTestMethods(Invoker.java:1075)
	at org.testng.internal.TestMethodWorker.invokeTestMethods(TestMethodWorker.java:125)
	at org.testng.internal.TestMethodWorker.run(TestMethodWorker.java:108)
	at org.testng.TestRunner.privateRun(TestRunner.java:774)
	at org.testng.TestRunner.run(TestRunner.java:624)
	at org.testng.SuiteRunner.runTest(SuiteRunner.java:359)
	at org.testng.SuiteRunner.runSequentially(SuiteRunner.java:354)
	at org.testng.SuiteRunner.privateRun(SuiteRunner.java:312)
	at org.testng.SuiteRunner.run(SuiteRunner.java:261)
	at org.testng.SuiteRunnerWorker.runSuite(SuiteRunnerWorker.java:52)
	at org.testng.SuiteRunnerWorker.run(SuiteRunnerWorker.java:86)
	at org.testng.TestNG.runSuitesSequentially(TestNG.java:1215)
	at org.testng.TestNG.runSuitesLocally(TestNG.java:1140)
	at org.testng.TestNG.run(TestNG.java:1048)
	at org.apache.maven.surefire.testng.TestNGExecutor.run(TestNGExecutor.java:178)
	at org.apache.maven.surefire.testng.TestNGXmlTestSuite.execute(TestNGXmlTestSuite.java:92)
	at org.apache.maven.surefire.testng.TestNGProvider.invoke(TestNGProvider.java:96)
	at sun.reflect.NativeMethodAccessorImpl.invoke0(Native Method)
	at sun.reflect.NativeMethodAccessorImpl.invoke(NativeMethodAccessorImpl.java:62)
	at sun.reflect.DelegatingMethodAccessorImpl.invoke(DelegatingMethodAccessorImpl.java:43)
	at java.lang.reflect.Method.invoke(Method.java:498)
	at org.apache.maven.surefire.util.ReflectionUtils.invokeMethodWithArray(ReflectionUtils.java:189)
	at org.apache.maven.surefire.booter.ProviderFactory$ProviderProxy.invoke(ProviderFactory.java:165)
	at org.apache.maven.surefire.booter.ProviderFactory.invokeProvider(ProviderFactory.java:85)
	at org.apache.maven.surefire.booter.ForkedBooter.runSuitesInProcess(ForkedBooter.java:115)
	at org.apache.maven.surefire.booter.ForkedBooter.main(ForkedBooter.java:75)
]]>
            </full-stacktrace>
          </exception> <!-- org.testng.TestNGException -->
          <reporter-output>
          </reporter-output>
        </test-method> <!-- startUp -->
        <test-method status="SKIP" signature="setUp()[pri:0, instance:testNgPrograms.VtigerApplicationTesting@2f112965]" name="setUp" is-config="true" duration-ms="0" started-at="2023-03-01T11:59:55Z" finished-at="2023-03-01T11:59:55Z">
          <reporter-output>
          </reporter-output>
        </test-method> <!-- setUp -->
        <test-method status="SKIP" signature="testCalenderPage()[pri:0, instance:testNgPrograms.VtigerApplicationTesting@2f112965]" name="testCalenderPage" duration-ms="0" started-at="2023-03-01T11:59:55Z" finished-at="2023-03-01T11:59:55Z">
          <reporter-output>
          </reporter-output>
        </test-method> <!-- testCalenderPage -->
        <test-method status="SKIP" signature="tearDown()[pri:0, instance:testNgPrograms.VtigerApplicationTesting@2f112965]" name="tearDown" is-config="true" duration-ms="0" started-at="2023-03-01T11:59:55Z" finished-at="2023-03-01T11:59:55Z">
          <reporter-output>
          </reporter-output>
        </test-method> <!-- tearDown -->
      </class> <!-- testNgPrograms.VtigerApplicationTesting -->
      <class name="testNgPrograms.Actitime_ExceptionAndTimeout">
        <test-method status="PASS" signature="dividedByZeroExample1()[pri:0, instance:testNgPrograms.Actitime_ExceptionAndTimeout@43301423]" name="dividedByZeroExample1" duration-ms="1" started-at="2023-03-01T11:59:54Z" finished-at="2023-03-01T11:59:54Z">
          <exception class="java.lang.ArithmeticException">
            <message>
              <![CDATA[/ by zero]]>
            </message>
            <full-stacktrace>
              <![CDATA[java.lang.ArithmeticException: / by zero
	at testNgPrograms.Actitime_ExceptionAndTimeout.dividedByZeroExample1(Actitime_ExceptionAndTimeout.java:14)
	at sun.reflect.NativeMethodAccessorImpl.invoke0(Native Method)
	at sun.reflect.NativeMethodAccessorImpl.invoke(NativeMethodAccessorImpl.java:62)
	at sun.reflect.DelegatingMethodAccessorImpl.invoke(DelegatingMethodAccessorImpl.java:43)
	at java.lang.reflect.Method.invoke(Method.java:498)
	at org.testng.internal.MethodInvocationHelper.invokeMethod(MethodInvocationHelper.java:85)
	at org.testng.internal.Invoker.invokeMethod(Invoker.java:639)
	at org.testng.internal.Invoker.invokeTestMethod(Invoker.java:816)
	at org.testng.internal.Invoker.invokeTestMethods(Invoker.java:1124)
	at org.testng.internal.TestMethodWorker.invokeTestMethods(TestMethodWorker.java:125)
	at org.testng.internal.TestMethodWorker.run(TestMethodWorker.java:108)
	at org.testng.TestRunner.privateRun(TestRunner.java:774)
	at org.testng.TestRunner.run(TestRunner.java:624)
	at org.testng.SuiteRunner.runTest(SuiteRunner.java:359)
	at org.testng.SuiteRunner.runSequentially(SuiteRunner.java:354)
	at org.testng.SuiteRunner.privateRun(SuiteRunner.java:312)
	at org.testng.SuiteRunner.run(SuiteRunner.java:261)
	at org.testng.SuiteRunnerWorker.runSuite(SuiteRunnerWorker.java:52)
	at org.testng.SuiteRunnerWorker.run(SuiteRunnerWorker.java:86)
	at org.testng.TestNG.runSuitesSequentially(TestNG.java:1215)
	at org.testng.TestNG.runSuitesLocally(TestNG.java:1140)
	at org.testng.TestNG.run(TestNG.java:1048)
	at org.apache.maven.surefire.testng.TestNGExecutor.run(TestNGExecutor.java:178)
	at org.apache.maven.surefire.testng.TestNGXmlTestSuite.execute(TestNGXmlTestSuite.java:92)
	at org.apache.maven.surefire.testng.TestNGProvider.invoke(TestNGProvider.java:96)
	at sun.reflect.NativeMethodAccessorImpl.invoke0(Native Method)
	at sun.reflect.NativeMethodAccessorImpl.invoke(NativeMethodAccessorImpl.java:62)
	at sun.reflect.DelegatingMethodAccessorImpl.invoke(DelegatingMethodAccessorImpl.java:43)
	at java.lang.reflect.Method.invoke(Method.java:498)
	at org.apache.maven.surefire.util.ReflectionUtils.invokeMethodWithArray(ReflectionUtils.java:189)
	at org.apache.maven.surefire.booter.ProviderFactory$ProviderProxy.invoke(ProviderFactory.java:165)
	at org.apache.maven.surefire.booter.ProviderFactory.invokeProvider(ProviderFactory.java:85)
	at org.apache.maven.surefire.booter.ForkedBooter.runSuitesInProcess(ForkedBooter.java:115)
	at org.apache.maven.surefire.booter.ForkedBooter.main(ForkedBooter.java:75)
]]>
            </full-stacktrace>
          </exception> <!-- java.lang.ArithmeticException -->
          <reporter-output>
          </reporter-output>
        </test-method> <!-- dividedByZeroExample1 -->
        <test-method status="PASS" signature="executetimeOut()[pri:0, instance:testNgPrograms.Actitime_ExceptionAndTimeout@43301423]" name="executetimeOut" duration-ms="544" started-at="2023-03-01T11:59:54Z" finished-at="2023-03-01T11:59:55Z">
          <reporter-output>
          </reporter-output>
        </test-method> <!-- executetimeOut -->
      </class> <!-- testNgPrograms.Actitime_ExceptionAndTimeout -->
      <class name="testNgPrograms.Annotations2">
        <test-method status="PASS" signature="taskCreation()[pri:1, instance:testNgPrograms.Annotations2@4445629]" name="taskCreation" duration-ms="18962" started-at="2023-03-01T12:06:26Z" finished-at="2023-03-01T12:06:45Z">
          <reporter-output>
          </reporter-output>
        </test-method> <!-- taskCreation -->
        <test-method status="FAIL" signature="deleteTask()[pri:2, instance:testNgPrograms.Annotations2@4445629]" name="deleteTask" duration-ms="15" started-at="2023-03-01T12:06:45Z" finished-at="2023-03-01T12:06:45Z">
          <exception class="org.openqa.selenium.UnhandledAlertException">
            <message>
              <![CDATA[unexpected alert open: {Alert text : There is an open task with the same name in the selected project. Please re-name this task.}
  (Session info: chrome=110.0.5481.177): There is an open task with the same name in the selected project. Please re-name this task.
Build info: version: '3.14.0', revision: 'aacccce0', time: '2018-08-02T20:19:58.91Z'
System info: host: 'SAMEER', ip: '192.168.0.103', os.name: 'Windows 11', os.arch: 'amd64', os.version: '10.0', java.version: '1.8.0_333'
Driver info: org.openqa.selenium.chrome.ChromeDriver
Capabilities {acceptInsecureCerts: false, browserName: chrome, browserVersion: 110.0.5481.177, chrome: {chromedriverVersion: 110.0.5481.77 (65ed616c6e8e..., userDataDir: C:\Program Files (x86)\scop...}, goog:chromeOptions: {debuggerAddress: localhost:52555}, javascriptEnabled: true, networkConnectionEnabled: false, pageLoadStrategy: normal, platform: WINDOWS, platformName: WINDOWS, proxy: Proxy(), setWindowRect: true, strictFileInteractability: false, timeouts: {implicit: 0, pageLoad: 300000, script: 30000}, unhandledPromptBehavior: dismiss and notify, webauthn:extension:credBlob: true, webauthn:extension:largeBlob: true, webauthn:virtualAuthenticators: true}
Session ID: 3a2cbef0639d0bc31a6c95de858af18f
*** Element info: {Using=xpath, value=//div[@class='taskRowsTableContent']/div/div/table/tbody/tr/td/div/div[@class='img']}]]>
            </message>
            <full-stacktrace>
              <![CDATA[org.openqa.selenium.UnhandledAlertException: unexpected alert open: {Alert text : There is an open task with the same name in the selected project. Please re-name this task.}
  (Session info: chrome=110.0.5481.177): There is an open task with the same name in the selected project. Please re-name this task.
Build info: version: '3.14.0', revision: 'aacccce0', time: '2018-08-02T20:19:58.91Z'
System info: host: 'SAMEER', ip: '192.168.0.103', os.name: 'Windows 11', os.arch: 'amd64', os.version: '10.0', java.version: '1.8.0_333'
Driver info: org.openqa.selenium.chrome.ChromeDriver
Capabilities {acceptInsecureCerts: false, browserName: chrome, browserVersion: 110.0.5481.177, chrome: {chromedriverVersion: 110.0.5481.77 (65ed616c6e8e..., userDataDir: C:\Program Files (x86)\scop...}, goog:chromeOptions: {debuggerAddress: localhost:52555}, javascriptEnabled: true, networkConnectionEnabled: false, pageLoadStrategy: normal, platform: WINDOWS, platformName: WINDOWS, proxy: Proxy(), setWindowRect: true, strictFileInteractability: false, timeouts: {implicit: 0, pageLoad: 300000, script: 30000}, unhandledPromptBehavior: dismiss and notify, webauthn:extension:credBlob: true, webauthn:extension:largeBlob: true, webauthn:virtualAuthenticators: true}
Session ID: 3a2cbef0639d0bc31a6c95de858af18f
*** Element info: {Using=xpath, value=//div[@class='taskRowsTableContent']/div/div/table/tbody/tr/td/div/div[@class='img']}
	at org.openqa.selenium.remote.http.W3CHttpResponseCodec.decode(W3CHttpResponseCodec.java:120)
	at org.openqa.selenium.remote.http.W3CHttpResponseCodec.decode(W3CHttpResponseCodec.java:49)
	at org.openqa.selenium.remote.HttpCommandExecutor.execute(HttpCommandExecutor.java:158)
	at org.openqa.selenium.remote.service.DriverCommandExecutor.execute(DriverCommandExecutor.java:83)
	at org.openqa.selenium.remote.RemoteWebDriver.execute(RemoteWebDriver.java:548)
	at org.openqa.selenium.remote.RemoteWebDriver.findElement(RemoteWebDriver.java:322)
	at org.openqa.selenium.remote.RemoteWebDriver.findElementByXPath(RemoteWebDriver.java:424)
	at org.openqa.selenium.By$ByXPath.findElement(By.java:353)
	at org.openqa.selenium.remote.RemoteWebDriver.findElement(RemoteWebDriver.java:314)
	at testNgPrograms.Annotations2.deleteTask(Annotations2.java:47)
	at sun.reflect.NativeMethodAccessorImpl.invoke0(Native Method)
	at sun.reflect.NativeMethodAccessorImpl.invoke(NativeMethodAccessorImpl.java:62)
	at sun.reflect.DelegatingMethodAccessorImpl.invoke(DelegatingMethodAccessorImpl.java:43)
	at java.lang.reflect.Method.invoke(Method.java:498)
	at org.testng.internal.MethodInvocationHelper.invokeMethod(MethodInvocationHelper.java:85)
	at org.testng.internal.Invoker.invokeMethod(Invoker.java:639)
	at org.testng.internal.Invoker.invokeTestMethod(Invoker.java:816)
	at org.testng.internal.Invoker.invokeTestMethods(Invoker.java:1124)
	at org.testng.internal.TestMethodWorker.invokeTestMethods(TestMethodWorker.java:125)
	at org.testng.internal.TestMethodWorker.run(TestMethodWorker.java:108)
	at org.testng.TestRunner.privateRun(TestRunner.java:774)
	at org.testng.TestRunner.run(TestRunner.java:624)
	at org.testng.SuiteRunner.runTest(SuiteRunner.java:359)
	at org.testng.SuiteRunner.runSequentially(SuiteRunner.java:354)
	at org.testng.SuiteRunner.privateRun(SuiteRunner.java:312)
	at org.testng.SuiteRunner.run(SuiteRunner.java:261)
	at org.testng.SuiteRunnerWorker.runSuite(SuiteRunnerWorker.java:52)
	at org.testng.SuiteRunnerWorker.run(SuiteRunnerWorker.java:86)
	at org.testng.TestNG.runSuitesSequentially(TestNG.java:1215)
	at org.testng.TestNG.runSuitesLocally(TestNG.java:1140)
	at org.testng.TestNG.run(TestNG.java:1048)
	at org.apache.maven.surefire.testng.TestNGExecutor.run(TestNGExecutor.java:178)
	at org.apache.maven.surefire.testng.TestNGXmlTestSuite.execute(TestNGXmlTestSuite.java:92)
	at org.apache.maven.surefire.testng.TestNGProvider.invoke(TestNGProvider.java:96)
	at sun.reflect.NativeMethodAccessorImpl.invoke0(Native Method)
	at sun.reflect.NativeMethodAccessorImpl.invoke(NativeMethodAccessorImpl.java:62)
	at sun.reflect.DelegatingMethodAccessorImpl.invoke(DelegatingMethodAccessorImpl.java:43)
	at java.lang.reflect.Method.invoke(Method.java:498)
	at org.apache.maven.surefire.util.ReflectionUtils.invokeMethodWithArray(ReflectionUtils.java:189)
	at org.apache.maven.surefire.booter.ProviderFactory$ProviderProxy.invoke(ProviderFactory.java:165)
	at org.apache.maven.surefire.booter.ProviderFactory.invokeProvider(ProviderFactory.java:85)
	at org.apache.maven.surefire.booter.ForkedBooter.runSuitesInProcess(ForkedBooter.java:115)
	at org.apache.maven.surefire.booter.ForkedBooter.main(ForkedBooter.java:75)
]]>
            </full-stacktrace>
          </exception> <!-- org.openqa.selenium.UnhandledAlertException -->
          <reporter-output>
          </reporter-output>
        </test-method> <!-- deleteTask -->
      </class> <!-- testNgPrograms.Annotations2 -->
      <class name="testNgPrograms.Actitime_DependsOn">
        <test-method status="PASS" signature="createTask()[pri:0, instance:testNgPrograms.Actitime_DependsOn@2bbf180e]" name="createTask" duration-ms="0" started-at="2023-03-01T12:05:10Z" finished-at="2023-03-01T12:05:10Z">
          <reporter-output>
          </reporter-output>
        </test-method> <!-- createTask -->
        <test-method status="FAIL" signature="openBrowserAndAppURL()[pri:0, instance:testNgPrograms.Actitime_DependsOn@2bbf180e]" name="openBrowserAndAppURL" duration-ms="0" started-at="2023-03-01T12:05:10Z" finished-at="2023-03-01T12:05:10Z">
          <exception class="java.lang.ArithmeticException">
            <message>
              <![CDATA[/ by zero]]>
            </message>
            <full-stacktrace>
              <![CDATA[java.lang.ArithmeticException: / by zero
	at testNgPrograms.Actitime_DependsOn.openBrowserAndAppURL(Actitime_DependsOn.java:8)
	at sun.reflect.NativeMethodAccessorImpl.invoke0(Native Method)
	at sun.reflect.NativeMethodAccessorImpl.invoke(NativeMethodAccessorImpl.java:62)
	at sun.reflect.DelegatingMethodAccessorImpl.invoke(DelegatingMethodAccessorImpl.java:43)
	at java.lang.reflect.Method.invoke(Method.java:498)
	at org.testng.internal.MethodInvocationHelper.invokeMethod(MethodInvocationHelper.java:85)
	at org.testng.internal.Invoker.invokeMethod(Invoker.java:639)
	at org.testng.internal.Invoker.invokeTestMethod(Invoker.java:816)
	at org.testng.internal.Invoker.invokeTestMethods(Invoker.java:1124)
	at org.testng.internal.TestMethodWorker.invokeTestMethods(TestMethodWorker.java:125)
	at org.testng.internal.TestMethodWorker.run(TestMethodWorker.java:108)
	at org.testng.TestRunner.privateRun(TestRunner.java:774)
	at org.testng.TestRunner.run(TestRunner.java:624)
	at org.testng.SuiteRunner.runTest(SuiteRunner.java:359)
	at org.testng.SuiteRunner.runSequentially(SuiteRunner.java:354)
	at org.testng.SuiteRunner.privateRun(SuiteRunner.java:312)
	at org.testng.SuiteRunner.run(SuiteRunner.java:261)
	at org.testng.SuiteRunnerWorker.runSuite(SuiteRunnerWorker.java:52)
	at org.testng.SuiteRunnerWorker.run(SuiteRunnerWorker.java:86)
	at org.testng.TestNG.runSuitesSequentially(TestNG.java:1215)
	at org.testng.TestNG.runSuitesLocally(TestNG.java:1140)
	at org.testng.TestNG.run(TestNG.java:1048)
	at org.apache.maven.surefire.testng.TestNGExecutor.run(TestNGExecutor.java:178)
	at org.apache.maven.surefire.testng.TestNGXmlTestSuite.execute(TestNGXmlTestSuite.java:92)
	at org.apache.maven.surefire.testng.TestNGProvider.invoke(TestNGProvider.java:96)
	at sun.reflect.NativeMethodAccessorImpl.invoke0(Native Method)
	at sun.reflect.NativeMethodAccessorImpl.invoke(NativeMethodAccessorImpl.java:62)
	at sun.reflect.DelegatingMethodAccessorImpl.invoke(DelegatingMethodAccessorImpl.java:43)
	at java.lang.reflect.Method.invoke(Method.java:498)
	at org.apache.maven.surefire.util.ReflectionUtils.invokeMethodWithArray(ReflectionUtils.java:189)
	at org.apache.maven.surefire.booter.ProviderFactory$ProviderProxy.invoke(ProviderFactory.java:165)
	at org.apache.maven.surefire.booter.ProviderFactory.invokeProvider(ProviderFactory.java:85)
	at org.apache.maven.surefire.booter.ForkedBooter.runSuitesInProcess(ForkedBooter.java:115)
	at org.apache.maven.surefire.booter.ForkedBooter.main(ForkedBooter.java:75)
]]>
            </full-stacktrace>
          </exception> <!-- java.lang.ArithmeticException -->
          <reporter-output>
          </reporter-output>
        </test-method> <!-- openBrowserAndAppURL -->
        <test-method status="PASS" signature="logoutClose()[pri:0, instance:testNgPrograms.Actitime_DependsOn@2bbf180e]" name="logoutClose" duration-ms="0" started-at="2023-03-01T12:05:10Z" finished-at="2023-03-01T12:05:10Z">
          <reporter-output>
          </reporter-output>
        </test-method> <!-- logoutClose -->
        <test-method status="SKIP" signature="login()[pri:0, instance:testNgPrograms.Actitime_DependsOn@2bbf180e]" name="login" duration-ms="0" started-at="2023-03-01T12:06:45Z" depends-on-methods="testNgPrograms.Actitime_DependsOn.openBrowserAndAppURL" finished-at="2023-03-01T12:06:45Z">
          <exception class="java.lang.Throwable">
            <message>
              <![CDATA[Method Actitime_DependsOn.login()[pri:0, instance:testNgPrograms.Actitime_DependsOn@2bbf180e] depends on not successfully finished methods]]>
            </message>
            <full-stacktrace>
              <![CDATA[java.lang.Throwable: Method Actitime_DependsOn.login()[pri:0, instance:testNgPrograms.Actitime_DependsOn@2bbf180e] depends on not successfully finished methods
	at org.testng.internal.Invoker.invokeTestMethods(Invoker.java:1033)
	at org.testng.internal.TestMethodWorker.invokeTestMethods(TestMethodWorker.java:125)
	at org.testng.internal.TestMethodWorker.run(TestMethodWorker.java:108)
	at org.testng.TestRunner.privateRun(TestRunner.java:774)
	at org.testng.TestRunner.run(TestRunner.java:624)
	at org.testng.SuiteRunner.runTest(SuiteRunner.java:359)
	at org.testng.SuiteRunner.runSequentially(SuiteRunner.java:354)
	at org.testng.SuiteRunner.privateRun(SuiteRunner.java:312)
	at org.testng.SuiteRunner.run(SuiteRunner.java:261)
	at org.testng.SuiteRunnerWorker.runSuite(SuiteRunnerWorker.java:52)
	at org.testng.SuiteRunnerWorker.run(SuiteRunnerWorker.java:86)
	at org.testng.TestNG.runSuitesSequentially(TestNG.java:1215)
	at org.testng.TestNG.runSuitesLocally(TestNG.java:1140)
	at org.testng.TestNG.run(TestNG.java:1048)
	at org.apache.maven.surefire.testng.TestNGExecutor.run(TestNGExecutor.java:178)
	at org.apache.maven.surefire.testng.TestNGXmlTestSuite.execute(TestNGXmlTestSuite.java:92)
	at org.apache.maven.surefire.testng.TestNGProvider.invoke(TestNGProvider.java:96)
	at sun.reflect.NativeMethodAccessorImpl.invoke0(Native Method)
	at sun.reflect.NativeMethodAccessorImpl.invoke(NativeMethodAccessorImpl.java:62)
	at sun.reflect.DelegatingMethodAccessorImpl.invoke(DelegatingMethodAccessorImpl.java:43)
	at java.lang.reflect.Method.invoke(Method.java:498)
	at org.apache.maven.surefire.util.ReflectionUtils.invokeMethodWithArray(ReflectionUtils.java:189)
	at org.apache.maven.surefire.booter.ProviderFactory$ProviderProxy.invoke(ProviderFactory.java:165)
	at org.apache.maven.surefire.booter.ProviderFactory.invokeProvider(ProviderFactory.java:85)
	at org.apache.maven.surefire.booter.ForkedBooter.runSuitesInProcess(ForkedBooter.java:115)
	at org.apache.maven.surefire.booter.ForkedBooter.main(ForkedBooter.java:75)
]]>
            </full-stacktrace>
          </exception> <!-- java.lang.Throwable -->
          <reporter-output>
          </reporter-output>
        </test-method> <!-- login -->
      </class> <!-- testNgPrograms.Actitime_DependsOn -->
      <class name="testNgPrograms.Annotations3">
        <test-method status="PASS" signature="login()[pri:0, instance:testNgPrograms.Annotations3@1ffe63b9]" name="login" is-config="true" duration-ms="3" started-at="2023-03-01T12:06:45Z" finished-at="2023-03-01T12:06:45Z">
          <reporter-output>
          </reporter-output>
        </test-method> <!-- login -->
        <test-method status="PASS" signature="taskCreation()[pri:1, instance:testNgPrograms.Annotations3@1ffe63b9]" name="taskCreation" duration-ms="0" started-at="2023-03-01T12:06:45Z" finished-at="2023-03-01T12:06:45Z">
          <reporter-output>
          </reporter-output>
        </test-method> <!-- taskCreation -->
        <test-method status="PASS" signature="logout()[pri:0, instance:testNgPrograms.Annotations3@1ffe63b9]" name="logout" is-config="true" duration-ms="0" started-at="2023-03-01T12:06:45Z" finished-at="2023-03-01T12:06:45Z">
          <reporter-output>
          </reporter-output>
        </test-method> <!-- logout -->
        <test-method status="PASS" signature="logout()[pri:0, instance:testNgPrograms.Annotations3@1ffe63b9]" name="logout" is-config="true" duration-ms="0" started-at="2023-03-01T12:06:45Z" finished-at="2023-03-01T12:06:45Z">
          <reporter-output>
          </reporter-output>
        </test-method> <!-- logout -->
        <test-method status="PASS" signature="login()[pri:0, instance:testNgPrograms.Annotations3@1ffe63b9]" name="login" is-config="true" duration-ms="0" started-at="2023-03-01T12:06:45Z" finished-at="2023-03-01T12:06:45Z">
          <reporter-output>
          </reporter-output>
        </test-method> <!-- login -->
        <test-method status="PASS" signature="deleteTask()[pri:2, instance:testNgPrograms.Annotations3@1ffe63b9]" name="deleteTask" duration-ms="0" started-at="2023-03-01T12:06:45Z" finished-at="2023-03-01T12:06:45Z">
          <reporter-output>
          </reporter-output>
        </test-method> <!-- deleteTask -->
      </class> <!-- testNgPrograms.Annotations3 -->
      <class name="testNgPrograms.Actitime_InvocationCount">
        <test-method status="PASS" signature="openBrowserAndAppURL()[pri:0, instance:testNgPrograms.Actitime_InvocationCount@71b1176b]" name="openBrowserAndAppURL" duration-ms="0" started-at="2023-03-01T12:05:58Z" finished-at="2023-03-01T12:05:58Z">
          <reporter-output>
          </reporter-output>
        </test-method> <!-- openBrowserAndAppURL -->
        <test-method status="PASS" signature="openBrowserAndAppURL()[pri:0, instance:testNgPrograms.Actitime_InvocationCount@71b1176b]" name="openBrowserAndAppURL" duration-ms="0" started-at="2023-03-01T12:05:58Z" finished-at="2023-03-01T12:05:58Z">
          <reporter-output>
          </reporter-output>
        </test-method> <!-- openBrowserAndAppURL -->
        <test-method status="PASS" signature="openBrowserAndAppURL()[pri:0, instance:testNgPrograms.Actitime_InvocationCount@71b1176b]" name="openBrowserAndAppURL" duration-ms="0" started-at="2023-03-01T12:05:58Z" finished-at="2023-03-01T12:05:58Z">
          <reporter-output>
          </reporter-output>
        </test-method> <!-- openBrowserAndAppURL -->
        <test-method status="PASS" signature="openBrowserAndAppURL()[pri:0, instance:testNgPrograms.Actitime_InvocationCount@71b1176b]" name="openBrowserAndAppURL" duration-ms="1" started-at="2023-03-01T12:05:58Z" finished-at="2023-03-01T12:05:58Z">
          <reporter-output>
          </reporter-output>
        </test-method> <!-- openBrowserAndAppURL -->
        <test-method status="PASS" signature="openBrowserAndAppURL()[pri:0, instance:testNgPrograms.Actitime_InvocationCount@71b1176b]" name="openBrowserAndAppURL" duration-ms="0" started-at="2023-03-01T12:05:58Z" finished-at="2023-03-01T12:05:58Z">
          <reporter-output>
          </reporter-output>
        </test-method> <!-- openBrowserAndAppURL -->
        <test-method status="PASS" signature="openBrowserAndAppURL()[pri:0, instance:testNgPrograms.Actitime_InvocationCount@71b1176b]" name="openBrowserAndAppURL" duration-ms="0" started-at="2023-03-01T12:05:58Z" finished-at="2023-03-01T12:05:58Z">
          <reporter-output>
          </reporter-output>
        </test-method> <!-- openBrowserAndAppURL -->
        <test-method status="PASS" signature="openBrowserAndAppURL()[pri:0, instance:testNgPrograms.Actitime_InvocationCount@71b1176b]" name="openBrowserAndAppURL" duration-ms="0" started-at="2023-03-01T12:05:58Z" finished-at="2023-03-01T12:05:58Z">
          <reporter-output>
          </reporter-output>
        </test-method> <!-- openBrowserAndAppURL -->
        <test-method status="PASS" signature="openBrowserAndAppURL()[pri:0, instance:testNgPrograms.Actitime_InvocationCount@71b1176b]" name="openBrowserAndAppURL" duration-ms="0" started-at="2023-03-01T12:05:58Z" finished-at="2023-03-01T12:05:58Z">
          <reporter-output>
          </reporter-output>
        </test-method> <!-- openBrowserAndAppURL -->
        <test-method status="PASS" signature="openBrowserAndAppURL()[pri:0, instance:testNgPrograms.Actitime_InvocationCount@71b1176b]" name="openBrowserAndAppURL" duration-ms="0" started-at="2023-03-01T12:05:58Z" finished-at="2023-03-01T12:05:58Z">
          <reporter-output>
          </reporter-output>
        </test-method> <!-- openBrowserAndAppURL -->
        <test-method status="PASS" signature="openBrowserAndAppURL()[pri:0, instance:testNgPrograms.Actitime_InvocationCount@71b1176b]" name="openBrowserAndAppURL" duration-ms="0" started-at="2023-03-01T12:05:58Z" finished-at="2023-03-01T12:05:58Z">
          <reporter-output>
          </reporter-output>
        </test-method> <!-- openBrowserAndAppURL -->
      </class> <!-- testNgPrograms.Actitime_InvocationCount -->
      <class name="testNgPrograms.AnnotationList">
        <test-method status="PASS" signature="f1()[pri:0, instance:testNgPrograms.AnnotationList@33afa13b]" name="f1" is-config="true" duration-ms="5" started-at="2023-03-01T11:59:26Z" finished-at="2023-03-01T11:59:26Z">
          <reporter-output>
          </reporter-output>
        </test-method> <!-- f1 -->
        <test-method status="PASS" signature="f2()[pri:0, instance:testNgPrograms.AnnotationList@33afa13b]" name="f2" is-config="true" duration-ms="0" started-at="2023-03-01T11:59:26Z" finished-at="2023-03-01T11:59:26Z">
          <reporter-output>
          </reporter-output>
        </test-method> <!-- f2 -->
        <test-method status="PASS" signature="setUp()[pri:0, instance:testNgPrograms.Annotations@56a6d5a6]" name="setUp" is-config="true" duration-ms="0" started-at="2023-03-01T11:59:26Z" finished-at="2023-03-01T11:59:26Z">
          <reporter-output>
          </reporter-output>
        </test-method> <!-- setUp -->
        <test-method status="PASS" signature="startUp()[pri:0, instance:testNgPrograms.Annotations2@4445629]" name="startUp" is-config="true" duration-ms="12499" started-at="2023-03-01T11:59:26Z" finished-at="2023-03-01T11:59:39Z">
          <reporter-output>
          </reporter-output>
        </test-method> <!-- startUp -->
        <test-method status="PASS" signature="startUp()[pri:0, instance:testNgPrograms.GoogleApplicationWithBeforeAfter@18ce0030]" name="startUp" is-config="true" duration-ms="5846" started-at="2023-03-01T11:59:39Z" finished-at="2023-03-01T11:59:45Z">
          <reporter-output>
          </reporter-output>
        </test-method> <!-- startUp -->
        <test-method status="PASS" signature="startUp()[pri:0, instance:testNgPrograms.GoogleApplicationWithBeforeAfterTest@309e345f]" name="startUp" is-config="true" duration-ms="3467" started-at="2023-03-01T11:59:45Z" finished-at="2023-03-01T11:59:48Z">
          <reporter-output>
          </reporter-output>
        </test-method> <!-- startUp -->
        <test-method status="PASS" signature="startUp()[pri:0, instance:testNgPrograms.TestCaseDependency@7a4ccb53]" name="startUp" is-config="true" duration-ms="5571" started-at="2023-03-01T11:59:48Z" finished-at="2023-03-01T11:59:54Z">
          <reporter-output>
          </reporter-output>
        </test-method> <!-- startUp -->
        <test-method status="PASS" signature="f3()[pri:0, instance:testNgPrograms.AnnotationList@33afa13b]" name="f3" is-config="true" duration-ms="0" started-at="2023-03-01T11:59:54Z" finished-at="2023-03-01T11:59:54Z">
          <reporter-output>
          </reporter-output>
        </test-method> <!-- f3 -->
        <test-method status="PASS" signature="f12()[pri:0, instance:testNgPrograms.AnnotationList@33afa13b]" name="f12" duration-ms="1" started-at="2023-03-01T11:59:54Z" finished-at="2023-03-01T11:59:54Z">
          <reporter-output>
          </reporter-output>
        </test-method> <!-- f12 -->
        <test-method status="PASS" signature="f4()[pri:0, instance:testNgPrograms.AnnotationList@33afa13b]" name="f4" is-config="true" duration-ms="0" started-at="2023-03-01T11:59:54Z" finished-at="2023-03-01T11:59:54Z">
          <reporter-output>
          </reporter-output>
        </test-method> <!-- f4 -->
        <test-method status="PASS" signature="f9()[pri:0, instance:testNgPrograms.AnnotationList@33afa13b]" name="f9" is-config="true" duration-ms="1" started-at="2023-03-01T11:59:54Z" finished-at="2023-03-01T11:59:54Z">
          <reporter-output>
          </reporter-output>
        </test-method> <!-- f9 -->
        <test-method status="PASS" signature="f4()[pri:0, instance:testNgPrograms.AnnotationList@33afa13b]" name="f4" is-config="true" duration-ms="0" started-at="2023-03-01T11:59:54Z" finished-at="2023-03-01T11:59:54Z">
          <reporter-output>
          </reporter-output>
        </test-method> <!-- f4 -->
        <test-method status="PASS" signature="f9()[pri:0, instance:testNgPrograms.AnnotationList@33afa13b]" name="f9" is-config="true" duration-ms="0" started-at="2023-03-01T11:59:54Z" finished-at="2023-03-01T11:59:54Z">
          <reporter-output>
          </reporter-output>
        </test-method> <!-- f9 -->
        <test-method status="PASS" signature="f5()[pri:0, instance:testNgPrograms.AnnotationList@33afa13b]" name="f5" duration-ms="0" started-at="2023-03-01T11:59:54Z" finished-at="2023-03-01T11:59:54Z">
          <reporter-output>
          </reporter-output>
        </test-method> <!-- f5 -->
        <test-method status="PASS" signature="f8()[pri:0, instance:testNgPrograms.AnnotationList@33afa13b]" name="f8" is-config="true" duration-ms="1" started-at="2023-03-01T11:59:54Z" finished-at="2023-03-01T11:59:54Z">
          <reporter-output>
          </reporter-output>
        </test-method> <!-- f8 -->
        <test-method status="PASS" signature="f7()[pri:0, instance:testNgPrograms.AnnotationList@33afa13b]" name="f7" is-config="true" duration-ms="0" started-at="2023-03-01T12:06:49Z" finished-at="2023-03-01T12:06:49Z">
          <reporter-output>
          </reporter-output>
        </test-method> <!-- f7 -->
        <test-method status="PASS" signature="cleanUp()[pri:0, instance:testNgPrograms.Annotations@56a6d5a6]" name="cleanUp" is-config="true" duration-ms="0" started-at="2023-03-01T12:06:49Z" finished-at="2023-03-01T12:06:49Z">
          <reporter-output>
          </reporter-output>
        </test-method> <!-- cleanUp -->
        <test-method status="FAIL" signature="cleanUp()[pri:0, instance:testNgPrograms.Annotations2@4445629]" name="cleanUp" is-config="true" duration-ms="0" started-at="2023-03-01T12:06:49Z" finished-at="2023-03-01T12:06:49Z">
          <exception class="org.openqa.selenium.NoSuchSessionException">
            <message>
              <![CDATA[invalid session id
Build info: version: '3.14.0', revision: 'aacccce0', time: '2018-08-02T20:19:58.91Z'
System info: host: 'SAMEER', ip: '192.168.0.103', os.name: 'Windows 11', os.arch: 'amd64', os.version: '10.0', java.version: '1.8.0_333'
Driver info: org.openqa.selenium.chrome.ChromeDriver
Capabilities {acceptInsecureCerts: false, browserName: chrome, browserVersion: 110.0.5481.177, chrome: {chromedriverVersion: 110.0.5481.77 (65ed616c6e8e..., userDataDir: C:\Program Files (x86)\scop...}, goog:chromeOptions: {debuggerAddress: localhost:52986}, javascriptEnabled: true, networkConnectionEnabled: false, pageLoadStrategy: normal, platform: WINDOWS, platformName: WINDOWS, proxy: Proxy(), setWindowRect: true, strictFileInteractability: false, timeouts: {implicit: 0, pageLoad: 300000, script: 30000}, unhandledPromptBehavior: dismiss and notify, webauthn:extension:credBlob: true, webauthn:extension:largeBlob: true, webauthn:virtualAuthenticators: true}
Session ID: 887bcb95cf26b466d00c79334a16afd7]]>
            </message>
            <full-stacktrace>
              <![CDATA[org.openqa.selenium.NoSuchSessionException: invalid session id
Build info: version: '3.14.0', revision: 'aacccce0', time: '2018-08-02T20:19:58.91Z'
System info: host: 'SAMEER', ip: '192.168.0.103', os.name: 'Windows 11', os.arch: 'amd64', os.version: '10.0', java.version: '1.8.0_333'
Driver info: org.openqa.selenium.chrome.ChromeDriver
Capabilities {acceptInsecureCerts: false, browserName: chrome, browserVersion: 110.0.5481.177, chrome: {chromedriverVersion: 110.0.5481.77 (65ed616c6e8e..., userDataDir: C:\Program Files (x86)\scop...}, goog:chromeOptions: {debuggerAddress: localhost:52986}, javascriptEnabled: true, networkConnectionEnabled: false, pageLoadStrategy: normal, platform: WINDOWS, platformName: WINDOWS, proxy: Proxy(), setWindowRect: true, strictFileInteractability: false, timeouts: {implicit: 0, pageLoad: 300000, script: 30000}, unhandledPromptBehavior: dismiss and notify, webauthn:extension:credBlob: true, webauthn:extension:largeBlob: true, webauthn:virtualAuthenticators: true}
Session ID: 887bcb95cf26b466d00c79334a16afd7
	at sun.reflect.NativeConstructorAccessorImpl.newInstance0(Native Method)
	at sun.reflect.NativeConstructorAccessorImpl.newInstance(NativeConstructorAccessorImpl.java:62)
	at sun.reflect.DelegatingConstructorAccessorImpl.newInstance(DelegatingConstructorAccessorImpl.java:45)
	at java.lang.reflect.Constructor.newInstance(Constructor.java:423)
	at org.openqa.selenium.remote.http.W3CHttpResponseCodec.createException(W3CHttpResponseCodec.java:187)
	at org.openqa.selenium.remote.http.W3CHttpResponseCodec.decode(W3CHttpResponseCodec.java:122)
	at org.openqa.selenium.remote.http.W3CHttpResponseCodec.decode(W3CHttpResponseCodec.java:49)
	at org.openqa.selenium.remote.HttpCommandExecutor.execute(HttpCommandExecutor.java:158)
	at org.openqa.selenium.remote.service.DriverCommandExecutor.execute(DriverCommandExecutor.java:83)
	at org.openqa.selenium.remote.RemoteWebDriver.execute(RemoteWebDriver.java:548)
	at org.openqa.selenium.remote.RemoteWebDriver.execute(RemoteWebDriver.java:605)
	at org.openqa.selenium.remote.RemoteWebDriver.close(RemoteWebDriver.java:438)
	at mavenUtilities.SeleniumUtility.teardown(SeleniumUtility.java:251)
	at testNgPrograms.Annotations2.cleanUp(Annotations2.java:56)
	at sun.reflect.NativeMethodAccessorImpl.invoke0(Native Method)
	at sun.reflect.NativeMethodAccessorImpl.invoke(NativeMethodAccessorImpl.java:62)
	at sun.reflect.DelegatingMethodAccessorImpl.invoke(DelegatingMethodAccessorImpl.java:43)
	at java.lang.reflect.Method.invoke(Method.java:498)
	at org.testng.internal.MethodInvocationHelper.invokeMethod(MethodInvocationHelper.java:85)
	at org.testng.internal.Invoker.invokeConfigurationMethod(Invoker.java:510)
	at org.testng.internal.Invoker.invokeConfigurations(Invoker.java:211)
	at org.testng.internal.Invoker.invokeConfigurations(Invoker.java:138)
	at org.testng.TestRunner.afterRun(TestRunner.java:1023)
	at org.testng.TestRunner.run(TestRunner.java:628)
	at org.testng.SuiteRunner.runTest(SuiteRunner.java:359)
	at org.testng.SuiteRunner.runSequentially(SuiteRunner.java:354)
	at org.testng.SuiteRunner.privateRun(SuiteRunner.java:312)
	at org.testng.SuiteRunner.run(SuiteRunner.java:261)
	at org.testng.SuiteRunnerWorker.runSuite(SuiteRunnerWorker.java:52)
	at org.testng.SuiteRunnerWorker.run(SuiteRunnerWorker.java:86)
	at org.testng.TestNG.runSuitesSequentially(TestNG.java:1215)
	at org.testng.TestNG.runSuitesLocally(TestNG.java:1140)
	at org.testng.TestNG.run(TestNG.java:1048)
	at org.apache.maven.surefire.testng.TestNGExecutor.run(TestNGExecutor.java:178)
	at org.apache.maven.surefire.testng.TestNGXmlTestSuite.execute(TestNGXmlTestSuite.java:92)
	at org.apache.maven.surefire.testng.TestNGProvider.invoke(TestNGProvider.java:96)
	at sun.reflect.NativeMethodAccessorImpl.invoke0(Native Method)
	at sun.reflect.NativeMethodAccessorImpl.invoke(NativeMethodAccessorImpl.java:62)
	at sun.reflect.DelegatingMethodAccessorImpl.invoke(DelegatingMethodAccessorImpl.java:43)
	at java.lang.reflect.Method.invoke(Method.java:498)
	at org.apache.maven.surefire.util.ReflectionUtils.invokeMethodWithArray(ReflectionUtils.java:189)
	at org.apache.maven.surefire.booter.ProviderFactory$ProviderProxy.invoke(ProviderFactory.java:165)
	at org.apache.maven.surefire.booter.ProviderFactory.invokeProvider(ProviderFactory.java:85)
	at org.apache.maven.surefire.booter.ForkedBooter.runSuitesInProcess(ForkedBooter.java:115)
	at org.apache.maven.surefire.booter.ForkedBooter.main(ForkedBooter.java:75)
]]>
            </full-stacktrace>
          </exception> <!-- org.openqa.selenium.NoSuchSessionException -->
          <reporter-output>
          </reporter-output>
        </test-method> <!-- cleanUp -->
        <test-method status="SKIP" signature="cleanUp()[pri:0, instance:testNgPrograms.GoogleApplicationWithBeforeAfterTest@309e345f]" name="cleanUp" is-config="true" duration-ms="0" started-at="2023-03-01T12:06:49Z" finished-at="2023-03-01T12:06:49Z">
          <reporter-output>
          </reporter-output>
        </test-method> <!-- cleanUp -->
        <test-method status="SKIP" signature="cleanUp()[pri:0, instance:testNgPrograms.GoogleApplicationWithBeforeAfter@18ce0030]" name="cleanUp" is-config="true" duration-ms="0" started-at="2023-03-01T12:06:49Z" finished-at="2023-03-01T12:06:49Z">
          <reporter-output>
          </reporter-output>
        </test-method> <!-- cleanUp -->
        <test-method status="SKIP" signature="cleanUp()[pri:0, instance:testNgPrograms.TestCaseDependency@7a4ccb53]" name="cleanUp" is-config="true" duration-ms="0" started-at="2023-03-01T12:06:49Z" finished-at="2023-03-01T12:06:49Z">
          <reporter-output>
          </reporter-output>
        </test-method> <!-- cleanUp -->
        <test-method status="SKIP" signature="f6()[pri:0, instance:testNgPrograms.AnnotationList@33afa13b]" name="f6" is-config="true" duration-ms="0" started-at="2023-03-01T12:06:49Z" finished-at="2023-03-01T12:06:49Z">
          <reporter-output>
          </reporter-output>
        </test-method> <!-- f6 -->
      </class> <!-- testNgPrograms.AnnotationList -->
      <class name="testNgPrograms.SetTestCaseOrder_Priority">
        <test-method status="PASS" signature="testCaseSignup()[pri:1, instance:testNgPrograms.SetTestCaseOrder_Priority@4df50bcc]" name="testCaseSignup" duration-ms="0" started-at="2023-03-01T12:06:26Z" finished-at="2023-03-01T12:06:26Z">
          <reporter-output>
          </reporter-output>
        </test-method> <!-- testCaseSignup -->
        <test-method status="PASS" signature="testCaseLogin()[pri:2, instance:testNgPrograms.SetTestCaseOrder_Priority@4df50bcc]" name="testCaseLogin" duration-ms="0" started-at="2023-03-01T12:06:45Z" finished-at="2023-03-01T12:06:45Z">
          <reporter-output>
          </reporter-output>
        </test-method> <!-- testCaseLogin -->
        <test-method status="PASS" signature="testCaseDeletion()[pri:3, instance:testNgPrograms.SetTestCaseOrder_Priority@4df50bcc]" name="testCaseDeletion" duration-ms="0" started-at="2023-03-01T12:06:45Z" finished-at="2023-03-01T12:06:45Z">
          <reporter-output>
          </reporter-output>
        </test-method> <!-- testCaseDeletion -->
        <test-method status="PASS" signature="testCaseCreation()[pri:5, instance:testNgPrograms.SetTestCaseOrder_Priority@4df50bcc]" name="testCaseCreation" duration-ms="0" started-at="2023-03-01T12:06:45Z" finished-at="2023-03-01T12:06:45Z">
          <reporter-output>
          </reporter-output>
        </test-method> <!-- testCaseCreation -->
      </class> <!-- testNgPrograms.SetTestCaseOrder_Priority -->
      <class name="testNgPrograms.GoogleApplicationWithBeforeAfterMethod">
        <test-method status="PASS" signature="startUp()[pri:0, instance:testNgPrograms.GoogleApplicationWithBeforeAfterMethod@5276e6b0]" name="startUp" is-config="true" duration-ms="4643" started-at="2023-03-01T12:05:38Z" finished-at="2023-03-01T12:05:43Z">
          <reporter-output>
          </reporter-output>
        </test-method> <!-- startUp -->
        <test-method status="PASS" signature="testGoogleLandingPage()[pri:0, instance:testNgPrograms.GoogleApplicationWithBeforeAfterMethod@5276e6b0]" name="testGoogleLandingPage" duration-ms="5" started-at="2023-03-01T12:05:43Z" finished-at="2023-03-01T12:05:43Z">
          <reporter-output>
          </reporter-output>
        </test-method> <!-- testGoogleLandingPage -->
        <test-method status="PASS" signature="cleanUp()[pri:0, instance:testNgPrograms.GoogleApplicationWithBeforeAfterMethod@5276e6b0]" name="cleanUp" is-config="true" duration-ms="143" started-at="2023-03-01T12:05:43Z" finished-at="2023-03-01T12:05:43Z">
          <reporter-output>
          </reporter-output>
        </test-method> <!-- cleanUp -->
        <test-method status="PASS" signature="startUp()[pri:0, instance:testNgPrograms.GoogleApplicationWithBeforeAfterMethod@5276e6b0]" name="startUp" is-config="true" duration-ms="8101" started-at="2023-03-01T12:05:43Z" finished-at="2023-03-01T12:05:51Z">
          <reporter-output>
          </reporter-output>
        </test-method> <!-- startUp -->
        <test-method status="PASS" signature="testSearch()[pri:0, instance:testNgPrograms.GoogleApplicationWithBeforeAfterMethod@5276e6b0]" name="testSearch" duration-ms="7234" started-at="2023-03-01T12:05:51Z" finished-at="2023-03-01T12:05:58Z">
          <reporter-output>
          </reporter-output>
        </test-method> <!-- testSearch -->
        <test-method status="PASS" signature="cleanUp()[pri:0, instance:testNgPrograms.GoogleApplicationWithBeforeAfterMethod@5276e6b0]" name="cleanUp" is-config="true" duration-ms="133" started-at="2023-03-01T12:05:58Z" finished-at="2023-03-01T12:05:58Z">
          <reporter-output>
          </reporter-output>
        </test-method> <!-- cleanUp -->
      </class> <!-- testNgPrograms.GoogleApplicationWithBeforeAfterMethod -->
      <class name="testNgPrograms.DataProviderExample">
        <test-method status="PASS" signature="setData(java.lang.String, java.lang.String)[pri:0, instance:testNgPrograms.DataProviderExample@12b0404f]" name="setData" duration-ms="0" started-at="2023-03-01T12:05:21Z" data-provider="getData" finished-at="2023-03-01T12:05:21Z">
          <params>
            <param index="0">
              <value>
                <![CDATA[admin]]>
              </value>
            </param>
            <param index="1">
              <value>
                <![CDATA[admin]]>
              </value>
            </param>
          </params>
          <reporter-output>
          </reporter-output>
        </test-method> <!-- setData -->
        <test-method status="PASS" signature="testLoginOfVtiger(java.lang.String, java.lang.String, java.lang.String)[pri:0, instance:testNgPrograms.DataProviderExample@12b0404f]" name="testLoginOfVtiger" duration-ms="5345" started-at="2023-03-01T12:05:21Z" data-provider="testData" finished-at="2023-03-01T12:05:26Z">
          <params>
            <param index="0">
              <value>
                <![CDATA[chrome]]>
              </value>
            </param>
            <param index="1">
              <value>
                <![CDATA[admin]]>
              </value>
            </param>
            <param index="2">
              <value>
                <![CDATA[Test@123]]>
              </value>
            </param>
          </params>
          <reporter-output>
          </reporter-output>
        </test-method> <!-- testLoginOfVtiger -->
        <test-method status="PASS" signature="setData(java.lang.String, java.lang.String)[pri:0, instance:testNgPrograms.DataProviderExample@12b0404f]" name="setData" duration-ms="0" started-at="2023-03-01T12:05:21Z" data-provider="getData" finished-at="2023-03-01T12:05:21Z">
          <params>
            <param index="0">
              <value>
                <![CDATA[guestuser3]]>
              </value>
            </param>
            <param index="1">
              <value>
                <![CDATA[pass123]]>
              </value>
            </param>
          </params>
          <reporter-output>
          </reporter-output>
        </test-method> <!-- setData -->
        <test-method status="PASS" signature="setData(java.lang.String, java.lang.String)[pri:0, instance:testNgPrograms.DataProviderExample@12b0404f]" name="setData" duration-ms="0" started-at="2023-03-01T12:05:21Z" data-provider="getData" finished-at="2023-03-01T12:05:21Z">
          <params>
            <param index="0">
              <value>
                <![CDATA[]]>
              </value>
            </param>
            <param index="1">
              <value>
                <![CDATA[]]>
              </value>
            </param>
          </params>
          <reporter-output>
          </reporter-output>
        </test-method> <!-- setData -->
        <test-method status="PASS" signature="testLoginOfVtiger(java.lang.String, java.lang.String, java.lang.String)[pri:0, instance:testNgPrograms.DataProviderExample@12b0404f]" name="testLoginOfVtiger" duration-ms="6907" started-at="2023-03-01T12:05:26Z" data-provider="testData" finished-at="2023-03-01T12:05:33Z">
          <params>
            <param index="0">
              <value>
                <![CDATA[chrome]]>
              </value>
            </param>
            <param index="1">
              <value>
                <![CDATA[pass123]]>
              </value>
            </param>
            <param index="2">
              <value>
                <![CDATA[admin]]>
              </value>
            </param>
          </params>
          <reporter-output>
          </reporter-output>
        </test-method> <!-- testLoginOfVtiger -->
        <test-method status="PASS" signature="testLoginOfVtiger(java.lang.String, java.lang.String, java.lang.String)[pri:0, instance:testNgPrograms.DataProviderExample@12b0404f]" name="testLoginOfVtiger" duration-ms="5073" started-at="2023-03-01T12:05:33Z" data-provider="testData" finished-at="2023-03-01T12:05:38Z">
          <params>
            <param index="0">
              <value>
                <![CDATA[chrome]]>
              </value>
            </param>
            <param index="1">
              <value>
                <![CDATA[]]>
              </value>
            </param>
            <param index="2">
              <value>
                <![CDATA[]]>
              </value>
            </param>
          </params>
          <reporter-output>
          </reporter-output>
        </test-method> <!-- testLoginOfVtiger -->
      </class> <!-- testNgPrograms.DataProviderExample -->
      <class name="testNgPrograms.ClassLabelAnnotations">
        <test-method status="PASS" signature="testCase1()[pri:0, instance:testNgPrograms.ClassLabelAnnotations@6193932a]" name="testCase1" duration-ms="0" started-at="2023-03-01T12:05:58Z" finished-at="2023-03-01T12:05:58Z">
          <reporter-output>
          </reporter-output>
        </test-method> <!-- testCase1 -->
        <test-method status="PASS" signature="testCase2()[pri:0, instance:testNgPrograms.ClassLabelAnnotations@6193932a]" name="testCase2" duration-ms="0" started-at="2023-03-01T12:05:58Z" finished-at="2023-03-01T12:05:58Z">
          <reporter-output>
          </reporter-output>
        </test-method> <!-- testCase2 -->
        <test-method status="PASS" signature="testCase3()[pri:0, instance:testNgPrograms.ClassLabelAnnotations@6193932a]" name="testCase3" duration-ms="1" started-at="2023-03-01T12:05:58Z" finished-at="2023-03-01T12:05:58Z">
          <reporter-output>
          </reporter-output>
        </test-method> <!-- testCase3 -->
        <test-method status="PASS" signature="testCase4()[pri:0, instance:testNgPrograms.ClassLabelAnnotations@6193932a]" name="testCase4" duration-ms="0" started-at="2023-03-01T12:05:58Z" finished-at="2023-03-01T12:05:58Z">
          <reporter-output>
          </reporter-output>
        </test-method> <!-- testCase4 -->
      </class> <!-- testNgPrograms.ClassLabelAnnotations -->
      <class name="testNgPrograms.Annotations">
        <test-method status="PASS" signature="taskCreation()[pri:0, instance:testNgPrograms.Annotations@56a6d5a6]" name="taskCreation" duration-ms="0" started-at="2023-03-01T12:05:58Z" finished-at="2023-03-01T12:05:58Z">
          <reporter-output>
          </reporter-output>
        </test-method> <!-- taskCreation -->
      </class> <!-- testNgPrograms.Annotations -->
    </test> <!-- testNgPrograms -->
  </suite> <!-- testNgPrograms -->
</testng-results>
