<?xml version="1.0" encoding="UTF-8"?>
<!-- Generated by org.testng.reporters.JUnitXMLReporter -->
<testsuite hostname="sameer" ignored="0" name="retryAnalyzerPractice" tests="6" failures="2" timestamp="2023-03-20T18:10:50 IST" time="0.055" errors="0">
  <testcase name="Test3" time="0.008" classname="Assignments.testProgram_2">
    <skipped/>
  </testcase> <!-- Test3 -->
  <testcase name="Test3" time="0.001" classname="Assignments.testProgram_2">
    <skipped/>
  </testcase> <!-- Test3 -->
  <testcase name="Test3" time="0.001" classname="Assignments.testProgram_2">
    <failure type="junit.framework.AssertionFailedError" message="expected:&amp;lt;false&amp;gt; but was:&amp;lt;true&amp;gt;">
      <![CDATA[junit.framework.AssertionFailedError: expected:<false> but was:<true>
at junit.framework.Assert.fail(Assert.java:50)
at junit.framework.Assert.failNotEquals(Assert.java:287)
at junit.framework.Assert.assertEquals(Assert.java:67)
at junit.framework.Assert.assertEquals(Assert.java:147)
at junit.framework.Assert.assertEquals(Assert.java:153)
at Assignments.testProgram_2.Test3(testProgram_2.java:14)
at java.util.ArrayList.forEach(ArrayList.java:1259)
... Removed 27 stack frames]]>
    </failure>
  </testcase> <!-- Test3 -->
  <testcase name="Test4" time="0.001" classname="Assignments.testProgram_2">
    <skipped/>
  </testcase> <!-- Test4 -->
  <testcase name="Test4" time="0.001" classname="Assignments.testProgram_2">
    <skipped/>
  </testcase> <!-- Test4 -->
  <testcase name="Test4" time="0.001" classname="Assignments.testProgram_2">
    <failure type="junit.framework.AssertionFailedError" message="expected:&amp;lt;false&amp;gt; but was:&amp;lt;true&amp;gt;">
      <![CDATA[junit.framework.AssertionFailedError: expected:<false> but was:<true>
at junit.framework.Assert.fail(Assert.java:50)
at junit.framework.Assert.failNotEquals(Assert.java:287)
at junit.framework.Assert.assertEquals(Assert.java:67)
at junit.framework.Assert.assertEquals(Assert.java:147)
at junit.framework.Assert.assertEquals(Assert.java:153)
at Assignments.testProgram_2.Test4(testProgram_2.java:19)
at java.util.ArrayList.forEach(ArrayList.java:1259)
... Removed 27 stack frames]]>
    </failure>
  </testcase> <!-- Test4 -->
</testsuite> <!-- retryAnalyzerPractice -->
